
Processing Input file = ./vc/input/file
Template file         = ./vc/vc.TMPL
Flist file i          = ./vc/vc.IFL
Opcode = 2700

loglevel = 3

DEFAULT db:  0.0.0.1 

Input file template is:
account_no:[\w]|serial_no:[\w]|manufacturer:[\w]|model:[\w]|device_id:\d{12}|device_type:[\w]|purpose:[\w]|warranty:[0-9]


Flist template is:
0 PIN_FLD_POID            POID [0] 0.0.0.1 /device/vc -1 0
0 PIN_FLD_ACCOUNT_OBJ     POID [0] LCO_obj
0 PIN_FLD_SOURCE          STR [0] "account_no"
0 MSO_FLD_SERIAL_NO       STR [0] "serial_no"
0 PIN_FLD_MANUFACTURER    STR [0] "manufacturer"
0 PIN_FLD_MODEL           STR [0] "model"
0 PIN_FLD_DEVICE_ID       STR [0] "device_id"
0 PIN_FLD_DEVICE_TYPE     STR [0] "device_type"
0 PIN_FLD_DESCR           STR [0] "purpose"
0 MSO_FLD_WARRANTY_END_OFFSET   INT [0] warranty
0 MSO_FLD_WARRANTY_END     TSTAMP [0] (0)
0 MSO_FLD_ORDER_OBJ       POID [0] order_obj
0 PIN_FLD_STATE_ID        INT [0] 1
0 PIN_FLD_PROGRAM_NAME    STR [0] "device_loader"


Processing Header:
Header,SP code 1,sup code 2,1-32232377,po_code 1,20131031,

flist for Device Order creation opcode call:
0 PIN_FLD_POID              POID [0]  0.0.0.1 /mso_order/vc -1 
0 MSO_FLD_STOCK_POINT_CODE     STR [0] "SP code 1" 
0 MSO_FLD_SUPPLIER_CODE        STR [0] "sup code 2" 
0 MSO_FLD_INVOICE_NO        STR [0] "1-32232377" 
0 MSO_FLD_INVOICE_DATE        STR [0] "20131031" 
0 MSO_FLD_PO_NO            STR [0] "po_code 1"

Order Object Poid is:
# number of field entries allocated 20, used 1
0 PIN_FLD_POID           POID [0] 0.0.0.1 /mso_order/vc 300861 0

Device flist after enriching Order_obj:
0 PIN_FLD_POID            POID [0] 0.0.0.1 /device/vc -1 0
0 PIN_FLD_ACCOUNT_OBJ     POID [0] LCO_obj
0 PIN_FLD_SOURCE          STR [0] "account_no"
0 MSO_FLD_SERIAL_NO       STR [0] "serial_no"
0 PIN_FLD_MANUFACTURER    STR [0] "manufacturer"
0 PIN_FLD_MODEL           STR [0] "model"
0 PIN_FLD_DEVICE_ID       STR [0] "device_id"
0 PIN_FLD_DEVICE_TYPE     STR [0] "device_type"
0 PIN_FLD_DESCR           STR [0] "purpose"
0 MSO_FLD_WARRANTY_END_OFFSET   INT [0] warranty
0 MSO_FLD_WARRANTY_END     TSTAMP [0] (0)
0 MSO_FLD_ORDER_OBJ       POID [0]  0.0.0.1 /mso_order/vc 300861 0

0 PIN_FLD_STATE_ID        INT [0] 1
0 PIN_FLD_PROGRAM_NAME    STR [0] "device_loader"

Processing record :
serial_00016,NDS,10000C,1120130000000016,Std,STB device,12

Incorrect number of field for the record: 
serial_00016,NDS,10000C,1120130000000016,Std,STB device,12

Please correct and process the error file: ./vc/error/file.error
Processing record :
0.0.0.1-121266,serial_00011,NDS,10000C,112013000011,P1,VC device,a

Field validation error for record: 
0.0.0.1-121266,serial_00011,NDS,10000C,112013000011,P1,VC device,a

Please correct and process the error file: ./vc/error/file.error
Processing record :
0.0.0.1-121266,serial_00011,NDS,10000C,11201300001,P1,VC device,12

Field validation error for record: 
0.0.0.1-121266,serial_00011,NDS,10000C,11201300001,P1,VC device,12

Please correct and process the error file: ./vc/error/file.error
Processing record :
0.0.0.1-121266,serial_00011,NDS,10000C,112013000011,P1,VC device,12

flist for LCO search :
0 PIN_FLD_POID              POID [0]  0.0.0.1 /search -1  
0 PIN_FLD_FLAGS     INT [0] 512 
0 PIN_FLD_TEMPLATE        STR [0] "select X from /account where F1 = V1 " 
0 PIN_FLD_ARGS        ARRAY [1] 
1   PIN_FLD_ACCOUNT_NO  STR [0] "0.0.0.1-121266"
0 PIN_FLD_RESULTS       ARRAY [0]
1  PIN_FLD_POID        POID [0] NULL

LCO search output
# number of field entries allocated 20, used 2
0 PIN_FLD_POID           POID [0] 0.0.0.1 /search -1 0
0 PIN_FLD_RESULTS       ARRAY [0] allocated 20, used 1
1     PIN_FLD_POID           POID [0] 0.0.0.1 /account 121266 22

Device flist after enriching LCO_obj:
0 PIN_FLD_POID            POID [0] 0.0.0.1 /device/vc -1 0
0 PIN_FLD_ACCOUNT_OBJ     POID [0]  0.0.0.1 /account 121266 22
0 PIN_FLD_SOURCE          STR [0] "0.0.0.1-121266"
0 MSO_FLD_SERIAL_NO       STR [0] "serial_00011"
0 PIN_FLD_MANUFACTURER    STR [0] "NDS"
0 PIN_FLD_MODEL           STR [0] "10000C"
0 PIN_FLD_DEVICE_ID       STR [0] "112013000011"
0 PIN_FLD_DEVICE_TYPE     STR [0] "P1"
0 PIN_FLD_DESCR           STR [0] "VC device"
0 MSO_FLD_WARRANTY_END_OFFSET   INT [0] 12
0 MSO_FLD_WARRANTY_END     TSTAMP [0] (0)
0 MSO_FLD_ORDER_OBJ       POID [0]  0.0.0.1 /mso_order/vc 300861 0

0 PIN_FLD_STATE_ID        INT [0] 1
0 PIN_FLD_PROGRAM_NAME    STR [0] "device_loader"

Buffer created :
# number of field entries allocated 20, used 2
0 PIN_FLD_POID           POID [0] 0.0.0.1 /device/vc -1 0
0 PIN_FLD_INPUT_FLIST     BUF [0] flag/size/offset 0x0 723 0 data:
x000000  23206e756d626572206f66206669656c   # number of fiel
x000010  6420656e747269657320616c6c6f6361   d entries alloca
x000020  7465642032302c20757365642031340a   ted 20, used 14.
x000030  302050494e5f464c445f504f49442020   0 PIN_FLD_POID  
x000040  202020202020202020504f4944205b30            POID [0
x000050  5d20302e302e302e31202f6465766963   ] 0.0.0.1 /devic
x000060  652f7663202d3120300a302050494e5f   e/vc -1 0.0 PIN_
x000070  464c445f4143434f554e545f4f424a20   FLD_ACCOUNT_OBJ 
x000080  202020504f4944205b305d20302e302e      POID [0] 0.0.
x000090  302e31202f6163636f756e7420313231   0.1 /account 121
x0000a0  3236362032320a302050494e5f464c44   266 22.0 PIN_FLD
x0000b0  5f534f55524345202020202020202020   _SOURCE         
x0000c0  20535452205b305d2022302e302e302e    STR [0] "0.0.0.
x0000d0  312d313231323636220a30204d534f5f   1-121266".0 MSO_
x0000e0  464c445f53455249414c5f4e4f202020   FLD_SERIAL_NO   
x0000f0  20202020535452205b305d2022736572       STR [0] "ser
x000100  69616c5f3030303131220a302050494e   ial_00011".0 PIN
x000110  5f464c445f4d414e5546414354555245   _FLD_MANUFACTURE
x000120  5220202020535452205b305d20224e44   R    STR [0] "ND
x000130  53220a302050494e5f464c445f4d4f44   S".0 PIN_FLD_MOD
x000140  454c2020202020202020202020535452   EL           STR
x000150  205b305d2022313030303043220a3020    [0] "10000C".0 
x000160  50494e5f464c445f4445564943455f49   PIN_FLD_DEVICE_I
x000170  4420202020202020535452205b305d20   D       STR [0] 
x000180  22313132303133303030303131220a30   "112013000011".0
x000190  2050494e5f464c445f4445564943455f    PIN_FLD_DEVICE_
x0001a0  545950452020202020535452205b305d   TYPE     STR [0]
x0001b0  20225031220a302050494e5f464c445f    "P1".0 PIN_FLD_
x0001c0  44455343522020202020202020202020   DESCR           
x0001d0  535452205b305d202256432064657669   STR [0] "VC devi
x0001e0  6365220a30204d534f5f464c445f5741   ce".0 MSO_FLD_WA
x0001f0  5252414e54595f454e445f4f46465345   RRANTY_END_OFFSE
x000200  5420202020494e54205b305d2031320a   T    INT [0] 12.
x000210  30204d534f5f464c445f57415252414e   0 MSO_FLD_WARRAN
x000220  54595f454e4420545354414d50205b30   TY_END TSTAMP [0
x000230  5d20283029203c6e756c6c3e0a30204d   ] (0) <null>.0 M
x000240  534f5f464c445f4f524445525f4f424a   SO_FLD_ORDER_OBJ
x000250  202020202020504f4944205b305d2030         POID [0] 0
x000260  2e302e302e31202f6d736f5f6f726465   .0.0.1 /mso_orde
x000270  722f76632033303038363120300a3020   r/vc 300861 0.0 
x000280  50494e5f464c445f53544154455f4944   PIN_FLD_STATE_ID
x000290  2020202020202020494e54205b305d20           INT [0] 
x0002a0  310a302050494e5f464c445f50524f47   1.0 PIN_FLD_PROG
x0002b0  52414d5f4e414d452020202053545220   RAM_NAME    STR 
x0002c0  5b305d20226465766963655f6c6f6164   [0] "device_load
x0002d0  657222                             er"

Object created successfully :
# number of field entries allocated 20, used 1
0 PIN_FLD_POID           POID [0] 0.0.0.1 /mso_mta_job/device/vc 302909 0

Processing record :
0.0.0.1-121266,serial_00012,NDS,10000C,112013000012,P1,VC device,12

flist for LCO search :
0 PIN_FLD_POID              POID [0]  0.0.0.1 /search -1  
0 PIN_FLD_FLAGS     INT [0] 512 
0 PIN_FLD_TEMPLATE        STR [0] "select X from /account where F1 = V1 " 
0 PIN_FLD_ARGS        ARRAY [1] 
1   PIN_FLD_ACCOUNT_NO  STR [0] "0.0.0.1-121266"
0 PIN_FLD_RESULTS       ARRAY [0]
1  PIN_FLD_POID        POID [0] NULL

LCO search output
# number of field entries allocated 20, used 2
0 PIN_FLD_POID           POID [0] 0.0.0.1 /search -1 0
0 PIN_FLD_RESULTS       ARRAY [0] allocated 20, used 1
1     PIN_FLD_POID           POID [0] 0.0.0.1 /account 121266 22

Device flist after enriching LCO_obj:
0 PIN_FLD_POID            POID [0] 0.0.0.1 /device/vc -1 0
0 PIN_FLD_ACCOUNT_OBJ     POID [0]  0.0.0.1 /account 121266 22
0 PIN_FLD_SOURCE          STR [0] "0.0.0.1-121266"
0 MSO_FLD_SERIAL_NO       STR [0] "serial_00012"
0 PIN_FLD_MANUFACTURER    STR [0] "NDS"
0 PIN_FLD_MODEL           STR [0] "10000C"
0 PIN_FLD_DEVICE_ID       STR [0] "112013000012"
0 PIN_FLD_DEVICE_TYPE     STR [0] "P1"
0 PIN_FLD_DESCR           STR [0] "VC device"
0 MSO_FLD_WARRANTY_END_OFFSET   INT [0] 12
0 MSO_FLD_WARRANTY_END     TSTAMP [0] (0)
0 MSO_FLD_ORDER_OBJ       POID [0]  0.0.0.1 /mso_order/vc 300861 0

0 PIN_FLD_STATE_ID        INT [0] 1
0 PIN_FLD_PROGRAM_NAME    STR [0] "device_loader"

Buffer created :
# number of field entries allocated 20, used 2
0 PIN_FLD_POID           POID [0] 0.0.0.1 /device/vc -1 0
0 PIN_FLD_INPUT_FLIST     BUF [0] flag/size/offset 0x0 723 0 data:
x000000  23206e756d626572206f66206669656c   # number of fiel
x000010  6420656e747269657320616c6c6f6361   d entries alloca
x000020  7465642032302c20757365642031340a   ted 20, used 14.
x000030  302050494e5f464c445f504f49442020   0 PIN_FLD_POID  
x000040  202020202020202020504f4944205b30            POID [0
x000050  5d20302e302e302e31202f6465766963   ] 0.0.0.1 /devic
x000060  652f7663202d3120300a302050494e5f   e/vc -1 0.0 PIN_
x000070  464c445f4143434f554e545f4f424a20   FLD_ACCOUNT_OBJ 
x000080  202020504f4944205b305d20302e302e      POID [0] 0.0.
x000090  302e31202f6163636f756e7420313231   0.1 /account 121
x0000a0  3236362032320a302050494e5f464c44   266 22.0 PIN_FLD
x0000b0  5f534f55524345202020202020202020   _SOURCE         
x0000c0  20535452205b305d2022302e302e302e    STR [0] "0.0.0.
x0000d0  312d313231323636220a30204d534f5f   1-121266".0 MSO_
x0000e0  464c445f53455249414c5f4e4f202020   FLD_SERIAL_NO   
x0000f0  20202020535452205b305d2022736572       STR [0] "ser
x000100  69616c5f3030303132220a302050494e   ial_00012".0 PIN
x000110  5f464c445f4d414e5546414354555245   _FLD_MANUFACTURE
x000120  5220202020535452205b305d20224e44   R    STR [0] "ND
x000130  53220a302050494e5f464c445f4d4f44   S".0 PIN_FLD_MOD
x000140  454c2020202020202020202020535452   EL           STR
x000150  205b305d2022313030303043220a3020    [0] "10000C".0 
x000160  50494e5f464c445f4445564943455f49   PIN_FLD_DEVICE_I
x000170  4420202020202020535452205b305d20   D       STR [0] 
x000180  22313132303133303030303132220a30   "112013000012".0
x000190  2050494e5f464c445f4445564943455f    PIN_FLD_DEVICE_
x0001a0  545950452020202020535452205b305d   TYPE     STR [0]
x0001b0  20225031220a302050494e5f464c445f    "P1".0 PIN_FLD_
x0001c0  44455343522020202020202020202020   DESCR           
x0001d0  535452205b305d202256432064657669   STR [0] "VC devi
x0001e0  6365220a30204d534f5f464c445f5741   ce".0 MSO_FLD_WA
x0001f0  5252414e54595f454e445f4f46465345   RRANTY_END_OFFSE
x000200  5420202020494e54205b305d2031320a   T    INT [0] 12.
x000210  30204d534f5f464c445f57415252414e   0 MSO_FLD_WARRAN
x000220  54595f454e4420545354414d50205b30   TY_END TSTAMP [0
x000230  5d20283029203c6e756c6c3e0a30204d   ] (0) <null>.0 M
x000240  534f5f464c445f4f524445525f4f424a   SO_FLD_ORDER_OBJ
x000250  202020202020504f4944205b305d2030         POID [0] 0
x000260  2e302e302e31202f6d736f5f6f726465   .0.0.1 /mso_orde
x000270  722f76632033303038363120300a3020   r/vc 300861 0.0 
x000280  50494e5f464c445f53544154455f4944   PIN_FLD_STATE_ID
x000290  2020202020202020494e54205b305d20           INT [0] 
x0002a0  310a302050494e5f464c445f50524f47   1.0 PIN_FLD_PROG
x0002b0  52414d5f4e414d452020202053545220   RAM_NAME    STR 
x0002c0  5b305d20226465766963655f6c6f6164   [0] "device_load
x0002d0  657222                             er"

Object created successfully :
# number of field entries allocated 20, used 1
0 PIN_FLD_POID           POID [0] 0.0.0.1 /mso_mta_job/device/vc 299197 0

Processing record :
0.0.0.1-121266,serial_00013,NDS,10000C,112013000013,P1,VC device,12

flist for LCO search :
0 PIN_FLD_POID              POID [0]  0.0.0.1 /search -1  
0 PIN_FLD_FLAGS     INT [0] 512 
0 PIN_FLD_TEMPLATE        STR [0] "select X from /account where F1 = V1 " 
0 PIN_FLD_ARGS        ARRAY [1] 
1   PIN_FLD_ACCOUNT_NO  STR [0] "0.0.0.1-121266"
0 PIN_FLD_RESULTS       ARRAY [0]
1  PIN_FLD_POID        POID [0] NULL

LCO search output
# number of field entries allocated 20, used 2
0 PIN_FLD_POID           POID [0] 0.0.0.1 /search -1 0
0 PIN_FLD_RESULTS       ARRAY [0] allocated 20, used 1
1     PIN_FLD_POID           POID [0] 0.0.0.1 /account 121266 22

Device flist after enriching LCO_obj:
0 PIN_FLD_POID            POID [0] 0.0.0.1 /device/vc -1 0
0 PIN_FLD_ACCOUNT_OBJ     POID [0]  0.0.0.1 /account 121266 22
0 PIN_FLD_SOURCE          STR [0] "0.0.0.1-121266"
0 MSO_FLD_SERIAL_NO       STR [0] "serial_00013"
0 PIN_FLD_MANUFACTURER    STR [0] "NDS"
0 PIN_FLD_MODEL           STR [0] "10000C"
0 PIN_FLD_DEVICE_ID       STR [0] "112013000013"
0 PIN_FLD_DEVICE_TYPE     STR [0] "P1"
0 PIN_FLD_DESCR           STR [0] "VC device"
0 MSO_FLD_WARRANTY_END_OFFSET   INT [0] 12
0 MSO_FLD_WARRANTY_END     TSTAMP [0] (0)
0 MSO_FLD_ORDER_OBJ       POID [0]  0.0.0.1 /mso_order/vc 300861 0

0 PIN_FLD_STATE_ID        INT [0] 1
0 PIN_FLD_PROGRAM_NAME    STR [0] "device_loader"

Buffer created :
# number of field entries allocated 20, used 2
0 PIN_FLD_POID           POID [0] 0.0.0.1 /device/vc -1 0
0 PIN_FLD_INPUT_FLIST     BUF [0] flag/size/offset 0x0 723 0 data:
x000000  23206e756d626572206f66206669656c   # number of fiel
x000010  6420656e747269657320616c6c6f6361   d entries alloca
x000020  7465642032302c20757365642031340a   ted 20, used 14.
x000030  302050494e5f464c445f504f49442020   0 PIN_FLD_POID  
x000040  202020202020202020504f4944205b30            POID [0
x000050  5d20302e302e302e31202f6465766963   ] 0.0.0.1 /devic
x000060  652f7663202d3120300a302050494e5f   e/vc -1 0.0 PIN_
x000070  464c445f4143434f554e545f4f424a20   FLD_ACCOUNT_OBJ 
x000080  202020504f4944205b305d20302e302e      POID [0] 0.0.
x000090  302e31202f6163636f756e7420313231   0.1 /account 121
x0000a0  3236362032320a302050494e5f464c44   266 22.0 PIN_FLD
x0000b0  5f534f55524345202020202020202020   _SOURCE         
x0000c0  20535452205b305d2022302e302e302e    STR [0] "0.0.0.
x0000d0  312d313231323636220a30204d534f5f   1-121266".0 MSO_
x0000e0  464c445f53455249414c5f4e4f202020   FLD_SERIAL_NO   
x0000f0  20202020535452205b305d2022736572       STR [0] "ser
x000100  69616c5f3030303133220a302050494e   ial_00013".0 PIN
x000110  5f464c445f4d414e5546414354555245   _FLD_MANUFACTURE
x000120  5220202020535452205b305d20224e44   R    STR [0] "ND
x000130  53220a302050494e5f464c445f4d4f44   S".0 PIN_FLD_MOD
x000140  454c2020202020202020202020535452   EL           STR
x000150  205b305d2022313030303043220a3020    [0] "10000C".0 
x000160  50494e5f464c445f4445564943455f49   PIN_FLD_DEVICE_I
x000170  4420202020202020535452205b305d20   D       STR [0] 
x000180  22313132303133303030303133220a30   "112013000013".0
x000190  2050494e5f464c445f4445564943455f    PIN_FLD_DEVICE_
x0001a0  545950452020202020535452205b305d   TYPE     STR [0]
x0001b0  20225031220a302050494e5f464c445f    "P1".0 PIN_FLD_
x0001c0  44455343522020202020202020202020   DESCR           
x0001d0  535452205b305d202256432064657669   STR [0] "VC devi
x0001e0  6365220a30204d534f5f464c445f5741   ce".0 MSO_FLD_WA
x0001f0  5252414e54595f454e445f4f46465345   RRANTY_END_OFFSE
x000200  5420202020494e54205b305d2031320a   T    INT [0] 12.
x000210  30204d534f5f464c445f57415252414e   0 MSO_FLD_WARRAN
x000220  54595f454e4420545354414d50205b30   TY_END TSTAMP [0
x000230  5d20283029203c6e756c6c3e0a30204d   ] (0) <null>.0 M
x000240  534f5f464c445f4f524445525f4f424a   SO_FLD_ORDER_OBJ
x000250  202020202020504f4944205b305d2030         POID [0] 0
x000260  2e302e302e31202f6d736f5f6f726465   .0.0.1 /mso_orde
x000270  722f76632033303038363120300a3020   r/vc 300861 0.0 
x000280  50494e5f464c445f53544154455f4944   PIN_FLD_STATE_ID
x000290  2020202020202020494e54205b305d20           INT [0] 
x0002a0  310a302050494e5f464c445f50524f47   1.0 PIN_FLD_PROG
x0002b0  52414d5f4e414d452020202053545220   RAM_NAME    STR 
x0002c0  5b305d20226465766963655f6c6f6164   [0] "device_load
x0002d0  657222                             er"

Object created successfully :
# number of field entries allocated 20, used 1
0 PIN_FLD_POID           POID [0] 0.0.0.1 /mso_mta_job/device/vc 301245 0

Processing record :
0.0.0.1-121266,serial_00014,NDS,10000C,112013000014,P1,VC device,12

flist for LCO search :
0 PIN_FLD_POID              POID [0]  0.0.0.1 /search -1  
0 PIN_FLD_FLAGS     INT [0] 512 
0 PIN_FLD_TEMPLATE        STR [0] "select X from /account where F1 = V1 " 
0 PIN_FLD_ARGS        ARRAY [1] 
1   PIN_FLD_ACCOUNT_NO  STR [0] "0.0.0.1-121266"
0 PIN_FLD_RESULTS       ARRAY [0]
1  PIN_FLD_POID        POID [0] NULL

LCO search output
# number of field entries allocated 20, used 2
0 PIN_FLD_POID           POID [0] 0.0.0.1 /search -1 0
0 PIN_FLD_RESULTS       ARRAY [0] allocated 20, used 1
1     PIN_FLD_POID           POID [0] 0.0.0.1 /account 121266 22

Device flist after enriching LCO_obj:
0 PIN_FLD_POID            POID [0] 0.0.0.1 /device/vc -1 0
0 PIN_FLD_ACCOUNT_OBJ     POID [0]  0.0.0.1 /account 121266 22
0 PIN_FLD_SOURCE          STR [0] "0.0.0.1-121266"
0 MSO_FLD_SERIAL_NO       STR [0] "serial_00014"
0 PIN_FLD_MANUFACTURER    STR [0] "NDS"
0 PIN_FLD_MODEL           STR [0] "10000C"
0 PIN_FLD_DEVICE_ID       STR [0] "112013000014"
0 PIN_FLD_DEVICE_TYPE     STR [0] "P1"
0 PIN_FLD_DESCR           STR [0] "VC device"
0 MSO_FLD_WARRANTY_END_OFFSET   INT [0] 12
0 MSO_FLD_WARRANTY_END     TSTAMP [0] (0)
0 MSO_FLD_ORDER_OBJ       POID [0]  0.0.0.1 /mso_order/vc 300861 0

0 PIN_FLD_STATE_ID        INT [0] 1
0 PIN_FLD_PROGRAM_NAME    STR [0] "device_loader"

Buffer created :
# number of field entries allocated 20, used 2
0 PIN_FLD_POID           POID [0] 0.0.0.1 /device/vc -1 0
0 PIN_FLD_INPUT_FLIST     BUF [0] flag/size/offset 0x0 723 0 data:
x000000  23206e756d626572206f66206669656c   # number of fiel
x000010  6420656e747269657320616c6c6f6361   d entries alloca
x000020  7465642032302c20757365642031340a   ted 20, used 14.
x000030  302050494e5f464c445f504f49442020   0 PIN_FLD_POID  
x000040  202020202020202020504f4944205b30            POID [0
x000050  5d20302e302e302e31202f6465766963   ] 0.0.0.1 /devic
x000060  652f7663202d3120300a302050494e5f   e/vc -1 0.0 PIN_
x000070  464c445f4143434f554e545f4f424a20   FLD_ACCOUNT_OBJ 
x000080  202020504f4944205b305d20302e302e      POID [0] 0.0.
x000090  302e31202f6163636f756e7420313231   0.1 /account 121
x0000a0  3236362032320a302050494e5f464c44   266 22.0 PIN_FLD
x0000b0  5f534f55524345202020202020202020   _SOURCE         
x0000c0  20535452205b305d2022302e302e302e    STR [0] "0.0.0.
x0000d0  312d313231323636220a30204d534f5f   1-121266".0 MSO_
x0000e0  464c445f53455249414c5f4e4f202020   FLD_SERIAL_NO   
x0000f0  20202020535452205b305d2022736572       STR [0] "ser
x000100  69616c5f3030303134220a302050494e   ial_00014".0 PIN
x000110  5f464c445f4d414e5546414354555245   _FLD_MANUFACTURE
x000120  5220202020535452205b305d20224e44   R    STR [0] "ND
x000130  53220a302050494e5f464c445f4d4f44   S".0 PIN_FLD_MOD
x000140  454c2020202020202020202020535452   EL           STR
x000150  205b305d2022313030303043220a3020    [0] "10000C".0 
x000160  50494e5f464c445f4445564943455f49   PIN_FLD_DEVICE_I
x000170  4420202020202020535452205b305d20   D       STR [0] 
x000180  22313132303133303030303134220a30   "112013000014".0
x000190  2050494e5f464c445f4445564943455f    PIN_FLD_DEVICE_
x0001a0  545950452020202020535452205b305d   TYPE     STR [0]
x0001b0  20225031220a302050494e5f464c445f    "P1".0 PIN_FLD_
x0001c0  44455343522020202020202020202020   DESCR           
x0001d0  535452205b305d202256432064657669   STR [0] "VC devi
x0001e0  6365220a30204d534f5f464c445f5741   ce".0 MSO_FLD_WA
x0001f0  5252414e54595f454e445f4f46465345   RRANTY_END_OFFSE
x000200  5420202020494e54205b305d2031320a   T    INT [0] 12.
x000210  30204d534f5f464c445f57415252414e   0 MSO_FLD_WARRAN
x000220  54595f454e4420545354414d50205b30   TY_END TSTAMP [0
x000230  5d20283029203c6e756c6c3e0a30204d   ] (0) <null>.0 M
x000240  534f5f464c445f4f524445525f4f424a   SO_FLD_ORDER_OBJ
x000250  202020202020504f4944205b305d2030         POID [0] 0
x000260  2e302e302e31202f6d736f5f6f726465   .0.0.1 /mso_orde
x000270  722f76632033303038363120300a3020   r/vc 300861 0.0 
x000280  50494e5f464c445f53544154455f4944   PIN_FLD_STATE_ID
x000290  2020202020202020494e54205b305d20           INT [0] 
x0002a0  310a302050494e5f464c445f50524f47   1.0 PIN_FLD_PROG
x0002b0  52414d5f4e414d452020202053545220   RAM_NAME    STR 
x0002c0  5b305d20226465766963655f6c6f6164   [0] "device_load
x0002d0  657222                             er"

Object created successfully :
# number of field entries allocated 20, used 1
0 PIN_FLD_POID           POID [0] 0.0.0.1 /mso_mta_job/device/vc 300221 0

Processing record :
0.0.0.1-121266,serial_00015,NDS,10000C,112013000015,P1,VC device,12

flist for LCO search :
0 PIN_FLD_POID              POID [0]  0.0.0.1 /search -1  
0 PIN_FLD_FLAGS     INT [0] 512 
0 PIN_FLD_TEMPLATE        STR [0] "select X from /account where F1 = V1 " 
0 PIN_FLD_ARGS        ARRAY [1] 
1   PIN_FLD_ACCOUNT_NO  STR [0] "0.0.0.1-121266"
0 PIN_FLD_RESULTS       ARRAY [0]
1  PIN_FLD_POID        POID [0] NULL

LCO search output
# number of field entries allocated 20, used 2
0 PIN_FLD_POID           POID [0] 0.0.0.1 /search -1 0
0 PIN_FLD_RESULTS       ARRAY [0] allocated 20, used 1
1     PIN_FLD_POID           POID [0] 0.0.0.1 /account 121266 22

Device flist after enriching LCO_obj:
0 PIN_FLD_POID            POID [0] 0.0.0.1 /device/vc -1 0
0 PIN_FLD_ACCOUNT_OBJ     POID [0]  0.0.0.1 /account 121266 22
0 PIN_FLD_SOURCE          STR [0] "0.0.0.1-121266"
0 MSO_FLD_SERIAL_NO       STR [0] "serial_00015"
0 PIN_FLD_MANUFACTURER    STR [0] "NDS"
0 PIN_FLD_MODEL           STR [0] "10000C"
0 PIN_FLD_DEVICE_ID       STR [0] "112013000015"
0 PIN_FLD_DEVICE_TYPE     STR [0] "P1"
0 PIN_FLD_DESCR           STR [0] "VC device"
0 MSO_FLD_WARRANTY_END_OFFSET   INT [0] 12
0 MSO_FLD_WARRANTY_END     TSTAMP [0] (0)
0 MSO_FLD_ORDER_OBJ       POID [0]  0.0.0.1 /mso_order/vc 300861 0

0 PIN_FLD_STATE_ID        INT [0] 1
0 PIN_FLD_PROGRAM_NAME    STR [0] "device_loader"

Buffer created :
# number of field entries allocated 20, used 2
0 PIN_FLD_POID           POID [0] 0.0.0.1 /device/vc -1 0
0 PIN_FLD_INPUT_FLIST     BUF [0] flag/size/offset 0x0 723 0 data:
x000000  23206e756d626572206f66206669656c   # number of fiel
x000010  6420656e747269657320616c6c6f6361   d entries alloca
x000020  7465642032302c20757365642031340a   ted 20, used 14.
x000030  302050494e5f464c445f504f49442020   0 PIN_FLD_POID  
x000040  202020202020202020504f4944205b30            POID [0
x000050  5d20302e302e302e31202f6465766963   ] 0.0.0.1 /devic
x000060  652f7663202d3120300a302050494e5f   e/vc -1 0.0 PIN_
x000070  464c445f4143434f554e545f4f424a20   FLD_ACCOUNT_OBJ 
x000080  202020504f4944205b305d20302e302e      POID [0] 0.0.
x000090  302e31202f6163636f756e7420313231   0.1 /account 121
x0000a0  3236362032320a302050494e5f464c44   266 22.0 PIN_FLD
x0000b0  5f534f55524345202020202020202020   _SOURCE         
x0000c0  20535452205b305d2022302e302e302e    STR [0] "0.0.0.
x0000d0  312d313231323636220a30204d534f5f   1-121266".0 MSO_
x0000e0  464c445f53455249414c5f4e4f202020   FLD_SERIAL_NO   
x0000f0  20202020535452205b305d2022736572       STR [0] "ser
x000100  69616c5f3030303135220a302050494e   ial_00015".0 PIN
x000110  5f464c445f4d414e5546414354555245   _FLD_MANUFACTURE
x000120  5220202020535452205b305d20224e44   R    STR [0] "ND
x000130  53220a302050494e5f464c445f4d4f44   S".0 PIN_FLD_MOD
x000140  454c2020202020202020202020535452   EL           STR
x000150  205b305d2022313030303043220a3020    [0] "10000C".0 
x000160  50494e5f464c445f4445564943455f49   PIN_FLD_DEVICE_I
x000170  4420202020202020535452205b305d20   D       STR [0] 
x000180  22313132303133303030303135220a30   "112013000015".0
x000190  2050494e5f464c445f4445564943455f    PIN_FLD_DEVICE_
x0001a0  545950452020202020535452205b305d   TYPE     STR [0]
x0001b0  20225031220a302050494e5f464c445f    "P1".0 PIN_FLD_
x0001c0  44455343522020202020202020202020   DESCR           
x0001d0  535452205b305d202256432064657669   STR [0] "VC devi
x0001e0  6365220a30204d534f5f464c445f5741   ce".0 MSO_FLD_WA
x0001f0  5252414e54595f454e445f4f46465345   RRANTY_END_OFFSE
x000200  5420202020494e54205b305d2031320a   T    INT [0] 12.
x000210  30204d534f5f464c445f57415252414e   0 MSO_FLD_WARRAN
x000220  54595f454e4420545354414d50205b30   TY_END TSTAMP [0
x000230  5d20283029203c6e756c6c3e0a30204d   ] (0) <null>.0 M
x000240  534f5f464c445f4f524445525f4f424a   SO_FLD_ORDER_OBJ
x000250  202020202020504f4944205b305d2030         POID [0] 0
x000260  2e302e302e31202f6d736f5f6f726465   .0.0.1 /mso_orde
x000270  722f76632033303038363120300a3020   r/vc 300861 0.0 
x000280  50494e5f464c445f53544154455f4944   PIN_FLD_STATE_ID
x000290  2020202020202020494e54205b305d20           INT [0] 
x0002a0  310a302050494e5f464c445f50524f47   1.0 PIN_FLD_PROG
x0002b0  52414d5f4e414d452020202053545220   RAM_NAME    STR 
x0002c0  5b305d20226465766963655f6c6f6164   [0] "device_load
x0002d0  657222                             er"

Object created successfully :
# number of field entries allocated 20, used 1
0 PIN_FLD_POID           POID [0] 0.0.0.1 /mso_mta_job/device/vc 302269 0

Processing record :
0.0.0.1-121266,serial_00016,NDS,10000C,112013000016,P1,VC device,12

flist for LCO search :
0 PIN_FLD_POID              POID [0]  0.0.0.1 /search -1  
0 PIN_FLD_FLAGS     INT [0] 512 
0 PIN_FLD_TEMPLATE        STR [0] "select X from /account where F1 = V1 " 
0 PIN_FLD_ARGS        ARRAY [1] 
1   PIN_FLD_ACCOUNT_NO  STR [0] "0.0.0.1-121266"
0 PIN_FLD_RESULTS       ARRAY [0]
1  PIN_FLD_POID        POID [0] NULL

LCO search output
# number of field entries allocated 20, used 2
0 PIN_FLD_POID           POID [0] 0.0.0.1 /search -1 0
0 PIN_FLD_RESULTS       ARRAY [0] allocated 20, used 1
1     PIN_FLD_POID           POID [0] 0.0.0.1 /account 121266 22

Device flist after enriching LCO_obj:
0 PIN_FLD_POID            POID [0] 0.0.0.1 /device/vc -1 0
0 PIN_FLD_ACCOUNT_OBJ     POID [0]  0.0.0.1 /account 121266 22
0 PIN_FLD_SOURCE          STR [0] "0.0.0.1-121266"
0 MSO_FLD_SERIAL_NO       STR [0] "serial_00016"
0 PIN_FLD_MANUFACTURER    STR [0] "NDS"
0 PIN_FLD_MODEL           STR [0] "10000C"
0 PIN_FLD_DEVICE_ID       STR [0] "112013000016"
0 PIN_FLD_DEVICE_TYPE     STR [0] "P1"
0 PIN_FLD_DESCR           STR [0] "VC device"
0 MSO_FLD_WARRANTY_END_OFFSET   INT [0] 12
0 MSO_FLD_WARRANTY_END     TSTAMP [0] (0)
0 MSO_FLD_ORDER_OBJ       POID [0]  0.0.0.1 /mso_order/vc 300861 0

0 PIN_FLD_STATE_ID        INT [0] 1
0 PIN_FLD_PROGRAM_NAME    STR [0] "device_loader"

Buffer created :
# number of field entries allocated 20, used 2
0 PIN_FLD_POID           POID [0] 0.0.0.1 /device/vc -1 0
0 PIN_FLD_INPUT_FLIST     BUF [0] flag/size/offset 0x0 723 0 data:
x000000  23206e756d626572206f66206669656c   # number of fiel
x000010  6420656e747269657320616c6c6f6361   d entries alloca
x000020  7465642032302c20757365642031340a   ted 20, used 14.
x000030  302050494e5f464c445f504f49442020   0 PIN_FLD_POID  
x000040  202020202020202020504f4944205b30            POID [0
x000050  5d20302e302e302e31202f6465766963   ] 0.0.0.1 /devic
x000060  652f7663202d3120300a302050494e5f   e/vc -1 0.0 PIN_
x000070  464c445f4143434f554e545f4f424a20   FLD_ACCOUNT_OBJ 
x000080  202020504f4944205b305d20302e302e      POID [0] 0.0.
x000090  302e31202f6163636f756e7420313231   0.1 /account 121
x0000a0  3236362032320a302050494e5f464c44   266 22.0 PIN_FLD
x0000b0  5f534f55524345202020202020202020   _SOURCE         
x0000c0  20535452205b305d2022302e302e302e    STR [0] "0.0.0.
x0000d0  312d313231323636220a30204d534f5f   1-121266".0 MSO_
x0000e0  464c445f53455249414c5f4e4f202020   FLD_SERIAL_NO   
x0000f0  20202020535452205b305d2022736572       STR [0] "ser
x000100  69616c5f3030303136220a302050494e   ial_00016".0 PIN
x000110  5f464c445f4d414e5546414354555245   _FLD_MANUFACTURE
x000120  5220202020535452205b305d20224e44   R    STR [0] "ND
x000130  53220a302050494e5f464c445f4d4f44   S".0 PIN_FLD_MOD
x000140  454c2020202020202020202020535452   EL           STR
x000150  205b305d2022313030303043220a3020    [0] "10000C".0 
x000160  50494e5f464c445f4445564943455f49   PIN_FLD_DEVICE_I
x000170  4420202020202020535452205b305d20   D       STR [0] 
x000180  22313132303133303030303136220a30   "112013000016".0
x000190  2050494e5f464c445f4445564943455f    PIN_FLD_DEVICE_
x0001a0  545950452020202020535452205b305d   TYPE     STR [0]
x0001b0  20225031220a302050494e5f464c445f    "P1".0 PIN_FLD_
x0001c0  44455343522020202020202020202020   DESCR           
x0001d0  535452205b305d202256432064657669   STR [0] "VC devi
x0001e0  6365220a30204d534f5f464c445f5741   ce".0 MSO_FLD_WA
x0001f0  5252414e54595f454e445f4f46465345   RRANTY_END_OFFSE
x000200  5420202020494e54205b305d2031320a   T    INT [0] 12.
x000210  30204d534f5f464c445f57415252414e   0 MSO_FLD_WARRAN
x000220  54595f454e4420545354414d50205b30   TY_END TSTAMP [0
x000230  5d20283029203c6e756c6c3e0a30204d   ] (0) <null>.0 M
x000240  534f5f464c445f4f524445525f4f424a   SO_FLD_ORDER_OBJ
x000250  202020202020504f4944205b305d2030         POID [0] 0
x000260  2e302e302e31202f6d736f5f6f726465   .0.0.1 /mso_orde
x000270  722f76632033303038363120300a3020   r/vc 300861 0.0 
x000280  50494e5f464c445f53544154455f4944   PIN_FLD_STATE_ID
x000290  2020202020202020494e54205b305d20           INT [0] 
x0002a0  310a302050494e5f464c445f50524f47   1.0 PIN_FLD_PROG
x0002b0  52414d5f4e414d452020202053545220   RAM_NAME    STR 
x0002c0  5b305d20226465766963655f6c6f6164   [0] "device_load
x0002d0  657222                             er"

Object created successfully :
# number of field entries allocated 20, used 1
0 PIN_FLD_POID           POID [0] 0.0.0.1 /mso_mta_job/device/vc 299709 0

Processing record :
0.0.0.1-121266,serial_00017,NDS,10000C,112013000017,P1,VC device,12

flist for LCO search :
0 PIN_FLD_POID              POID [0]  0.0.0.1 /search -1  
0 PIN_FLD_FLAGS     INT [0] 512 
0 PIN_FLD_TEMPLATE        STR [0] "select X from /account where F1 = V1 " 
0 PIN_FLD_ARGS        ARRAY [1] 
1   PIN_FLD_ACCOUNT_NO  STR [0] "0.0.0.1-121266"
0 PIN_FLD_RESULTS       ARRAY [0]
1  PIN_FLD_POID        POID [0] NULL

LCO search output
# number of field entries allocated 20, used 2
0 PIN_FLD_POID           POID [0] 0.0.0.1 /search -1 0
0 PIN_FLD_RESULTS       ARRAY [0] allocated 20, used 1
1     PIN_FLD_POID           POID [0] 0.0.0.1 /account 121266 22

Device flist after enriching LCO_obj:
0 PIN_FLD_POID            POID [0] 0.0.0.1 /device/vc -1 0
0 PIN_FLD_ACCOUNT_OBJ     POID [0]  0.0.0.1 /account 121266 22
0 PIN_FLD_SOURCE          STR [0] "0.0.0.1-121266"
0 MSO_FLD_SERIAL_NO       STR [0] "serial_00017"
0 PIN_FLD_MANUFACTURER    STR [0] "NDS"
0 PIN_FLD_MODEL           STR [0] "10000C"
0 PIN_FLD_DEVICE_ID       STR [0] "112013000017"
0 PIN_FLD_DEVICE_TYPE     STR [0] "P1"
0 PIN_FLD_DESCR           STR [0] "VC device"
0 MSO_FLD_WARRANTY_END_OFFSET   INT [0] 12
0 MSO_FLD_WARRANTY_END     TSTAMP [0] (0)
0 MSO_FLD_ORDER_OBJ       POID [0]  0.0.0.1 /mso_order/vc 300861 0

0 PIN_FLD_STATE_ID        INT [0] 1
0 PIN_FLD_PROGRAM_NAME    STR [0] "device_loader"

Buffer created :
# number of field entries allocated 20, used 2
0 PIN_FLD_POID           POID [0] 0.0.0.1 /device/vc -1 0
0 PIN_FLD_INPUT_FLIST     BUF [0] flag/size/offset 0x0 723 0 data:
x000000  23206e756d626572206f66206669656c   # number of fiel
x000010  6420656e747269657320616c6c6f6361   d entries alloca
x000020  7465642032302c20757365642031340a   ted 20, used 14.
x000030  302050494e5f464c445f504f49442020   0 PIN_FLD_POID  
x000040  202020202020202020504f4944205b30            POID [0
x000050  5d20302e302e302e31202f6465766963   ] 0.0.0.1 /devic
x000060  652f7663202d3120300a302050494e5f   e/vc -1 0.0 PIN_
x000070  464c445f4143434f554e545f4f424a20   FLD_ACCOUNT_OBJ 
x000080  202020504f4944205b305d20302e302e      POID [0] 0.0.
x000090  302e31202f6163636f756e7420313231   0.1 /account 121
x0000a0  3236362032320a302050494e5f464c44   266 22.0 PIN_FLD
x0000b0  5f534f55524345202020202020202020   _SOURCE         
x0000c0  20535452205b305d2022302e302e302e    STR [0] "0.0.0.
x0000d0  312d313231323636220a30204d534f5f   1-121266".0 MSO_
x0000e0  464c445f53455249414c5f4e4f202020   FLD_SERIAL_NO   
x0000f0  20202020535452205b305d2022736572       STR [0] "ser
x000100  69616c5f3030303137220a302050494e   ial_00017".0 PIN
x000110  5f464c445f4d414e5546414354555245   _FLD_MANUFACTURE
x000120  5220202020535452205b305d20224e44   R    STR [0] "ND
x000130  53220a302050494e5f464c445f4d4f44   S".0 PIN_FLD_MOD
x000140  454c2020202020202020202020535452   EL           STR
x000150  205b305d2022313030303043220a3020    [0] "10000C".0 
x000160  50494e5f464c445f4445564943455f49   PIN_FLD_DEVICE_I
x000170  4420202020202020535452205b305d20   D       STR [0] 
x000180  22313132303133303030303137220a30   "112013000017".0
x000190  2050494e5f464c445f4445564943455f    PIN_FLD_DEVICE_
x0001a0  545950452020202020535452205b305d   TYPE     STR [0]
x0001b0  20225031220a302050494e5f464c445f    "P1".0 PIN_FLD_
x0001c0  44455343522020202020202020202020   DESCR           
x0001d0  535452205b305d202256432064657669   STR [0] "VC devi
x0001e0  6365220a30204d534f5f464c445f5741   ce".0 MSO_FLD_WA
x0001f0  5252414e54595f454e445f4f46465345   RRANTY_END_OFFSE
x000200  5420202020494e54205b305d2031320a   T    INT [0] 12.
x000210  30204d534f5f464c445f57415252414e   0 MSO_FLD_WARRAN
x000220  54595f454e4420545354414d50205b30   TY_END TSTAMP [0
x000230  5d20283029203c6e756c6c3e0a30204d   ] (0) <null>.0 M
x000240  534f5f464c445f4f524445525f4f424a   SO_FLD_ORDER_OBJ
x000250  202020202020504f4944205b305d2030         POID [0] 0
x000260  2e302e302e31202f6d736f5f6f726465   .0.0.1 /mso_orde
x000270  722f76632033303038363120300a3020   r/vc 300861 0.0 
x000280  50494e5f464c445f53544154455f4944   PIN_FLD_STATE_ID
x000290  2020202020202020494e54205b305d20           INT [0] 
x0002a0  310a302050494e5f464c445f50524f47   1.0 PIN_FLD_PROG
x0002b0  52414d5f4e414d452020202053545220   RAM_NAME    STR 
x0002c0  5b305d20226465766963655f6c6f6164   [0] "device_load
x0002d0  657222                             er"

Object created successfully :
# number of field entries allocated 20, used 1
0 PIN_FLD_POID           POID [0] 0.0.0.1 /mso_mta_job/device/vc 301757 0

Processing record :
0.0.0.1-121266,serial_00018,NDS,10000C,112013000018,P1,VC device,12

flist for LCO search :
0 PIN_FLD_POID              POID [0]  0.0.0.1 /search -1  
0 PIN_FLD_FLAGS     INT [0] 512 
0 PIN_FLD_TEMPLATE        STR [0] "select X from /account where F1 = V1 " 
0 PIN_FLD_ARGS        ARRAY [1] 
1   PIN_FLD_ACCOUNT_NO  STR [0] "0.0.0.1-121266"
0 PIN_FLD_RESULTS       ARRAY [0]
1  PIN_FLD_POID        POID [0] NULL

LCO search output
# number of field entries allocated 20, used 2
0 PIN_FLD_POID           POID [0] 0.0.0.1 /search -1 0
0 PIN_FLD_RESULTS       ARRAY [0] allocated 20, used 1
1     PIN_FLD_POID           POID [0] 0.0.0.1 /account 121266 22

Device flist after enriching LCO_obj:
0 PIN_FLD_POID            POID [0] 0.0.0.1 /device/vc -1 0
0 PIN_FLD_ACCOUNT_OBJ     POID [0]  0.0.0.1 /account 121266 22
0 PIN_FLD_SOURCE          STR [0] "0.0.0.1-121266"
0 MSO_FLD_SERIAL_NO       STR [0] "serial_00018"
0 PIN_FLD_MANUFACTURER    STR [0] "NDS"
0 PIN_FLD_MODEL           STR [0] "10000C"
0 PIN_FLD_DEVICE_ID       STR [0] "112013000018"
0 PIN_FLD_DEVICE_TYPE     STR [0] "P1"
0 PIN_FLD_DESCR           STR [0] "VC device"
0 MSO_FLD_WARRANTY_END_OFFSET   INT [0] 12
0 MSO_FLD_WARRANTY_END     TSTAMP [0] (0)
0 MSO_FLD_ORDER_OBJ       POID [0]  0.0.0.1 /mso_order/vc 300861 0

0 PIN_FLD_STATE_ID        INT [0] 1
0 PIN_FLD_PROGRAM_NAME    STR [0] "device_loader"

Buffer created :
# number of field entries allocated 20, used 2
0 PIN_FLD_POID           POID [0] 0.0.0.1 /device/vc -1 0
0 PIN_FLD_INPUT_FLIST     BUF [0] flag/size/offset 0x0 723 0 data:
x000000  23206e756d626572206f66206669656c   # number of fiel
x000010  6420656e747269657320616c6c6f6361   d entries alloca
x000020  7465642032302c20757365642031340a   ted 20, used 14.
x000030  302050494e5f464c445f504f49442020   0 PIN_FLD_POID  
x000040  202020202020202020504f4944205b30            POID [0
x000050  5d20302e302e302e31202f6465766963   ] 0.0.0.1 /devic
x000060  652f7663202d3120300a302050494e5f   e/vc -1 0.0 PIN_
x000070  464c445f4143434f554e545f4f424a20   FLD_ACCOUNT_OBJ 
x000080  202020504f4944205b305d20302e302e      POID [0] 0.0.
x000090  302e31202f6163636f756e7420313231   0.1 /account 121
x0000a0  3236362032320a302050494e5f464c44   266 22.0 PIN_FLD
x0000b0  5f534f55524345202020202020202020   _SOURCE         
x0000c0  20535452205b305d2022302e302e302e    STR [0] "0.0.0.
x0000d0  312d313231323636220a30204d534f5f   1-121266".0 MSO_
x0000e0  464c445f53455249414c5f4e4f202020   FLD_SERIAL_NO   
x0000f0  20202020535452205b305d2022736572       STR [0] "ser
x000100  69616c5f3030303138220a302050494e   ial_00018".0 PIN
x000110  5f464c445f4d414e5546414354555245   _FLD_MANUFACTURE
x000120  5220202020535452205b305d20224e44   R    STR [0] "ND
x000130  53220a302050494e5f464c445f4d4f44   S".0 PIN_FLD_MOD
x000140  454c2020202020202020202020535452   EL           STR
x000150  205b305d2022313030303043220a3020    [0] "10000C".0 
x000160  50494e5f464c445f4445564943455f49   PIN_FLD_DEVICE_I
x000170  4420202020202020535452205b305d20   D       STR [0] 
x000180  22313132303133303030303138220a30   "112013000018".0
x000190  2050494e5f464c445f4445564943455f    PIN_FLD_DEVICE_
x0001a0  545950452020202020535452205b305d   TYPE     STR [0]
x0001b0  20225031220a302050494e5f464c445f    "P1".0 PIN_FLD_
x0001c0  44455343522020202020202020202020   DESCR           
x0001d0  535452205b305d202256432064657669   STR [0] "VC devi
x0001e0  6365220a30204d534f5f464c445f5741   ce".0 MSO_FLD_WA
x0001f0  5252414e54595f454e445f4f46465345   RRANTY_END_OFFSE
x000200  5420202020494e54205b305d2031320a   T    INT [0] 12.
x000210  30204d534f5f464c445f57415252414e   0 MSO_FLD_WARRAN
x000220  54595f454e4420545354414d50205b30   TY_END TSTAMP [0
x000230  5d20283029203c6e756c6c3e0a30204d   ] (0) <null>.0 M
x000240  534f5f464c445f4f524445525f4f424a   SO_FLD_ORDER_OBJ
x000250  202020202020504f4944205b305d2030         POID [0] 0
x000260  2e302e302e31202f6d736f5f6f726465   .0.0.1 /mso_orde
x000270  722f76632033303038363120300a3020   r/vc 300861 0.0 
x000280  50494e5f464c445f53544154455f4944   PIN_FLD_STATE_ID
x000290  2020202020202020494e54205b305d20           INT [0] 
x0002a0  310a302050494e5f464c445f50524f47   1.0 PIN_FLD_PROG
x0002b0  52414d5f4e414d452020202053545220   RAM_NAME    STR 
x0002c0  5b305d20226465766963655f6c6f6164   [0] "device_load
x0002d0  657222                             er"

Object created successfully :
# number of field entries allocated 20, used 1
0 PIN_FLD_POID           POID [0] 0.0.0.1 /mso_mta_job/device/vc 300733 0

Processing record :
0.0.0.1-121266,serial_00019,NDS,10000C,112013000019,P1,VC device,12

flist for LCO search :
0 PIN_FLD_POID              POID [0]  0.0.0.1 /search -1  
0 PIN_FLD_FLAGS     INT [0] 512 
0 PIN_FLD_TEMPLATE        STR [0] "select X from /account where F1 = V1 " 
0 PIN_FLD_ARGS        ARRAY [1] 
1   PIN_FLD_ACCOUNT_NO  STR [0] "0.0.0.1-121266"
0 PIN_FLD_RESULTS       ARRAY [0]
1  PIN_FLD_POID        POID [0] NULL

LCO search output
# number of field entries allocated 20, used 2
0 PIN_FLD_POID           POID [0] 0.0.0.1 /search -1 0
0 PIN_FLD_RESULTS       ARRAY [0] allocated 20, used 1
1     PIN_FLD_POID           POID [0] 0.0.0.1 /account 121266 22

Device flist after enriching LCO_obj:
0 PIN_FLD_POID            POID [0] 0.0.0.1 /device/vc -1 0
0 PIN_FLD_ACCOUNT_OBJ     POID [0]  0.0.0.1 /account 121266 22
0 PIN_FLD_SOURCE          STR [0] "0.0.0.1-121266"
0 MSO_FLD_SERIAL_NO       STR [0] "serial_00019"
0 PIN_FLD_MANUFACTURER    STR [0] "NDS"
0 PIN_FLD_MODEL           STR [0] "10000C"
0 PIN_FLD_DEVICE_ID       STR [0] "112013000019"
0 PIN_FLD_DEVICE_TYPE     STR [0] "P1"
0 PIN_FLD_DESCR           STR [0] "VC device"
0 MSO_FLD_WARRANTY_END_OFFSET   INT [0] 12
0 MSO_FLD_WARRANTY_END     TSTAMP [0] (0)
0 MSO_FLD_ORDER_OBJ       POID [0]  0.0.0.1 /mso_order/vc 300861 0

0 PIN_FLD_STATE_ID        INT [0] 1
0 PIN_FLD_PROGRAM_NAME    STR [0] "device_loader"

Buffer created :
# number of field entries allocated 20, used 2
0 PIN_FLD_POID           POID [0] 0.0.0.1 /device/vc -1 0
0 PIN_FLD_INPUT_FLIST     BUF [0] flag/size/offset 0x0 723 0 data:
x000000  23206e756d626572206f66206669656c   # number of fiel
x000010  6420656e747269657320616c6c6f6361   d entries alloca
x000020  7465642032302c20757365642031340a   ted 20, used 14.
x000030  302050494e5f464c445f504f49442020   0 PIN_FLD_POID  
x000040  202020202020202020504f4944205b30            POID [0
x000050  5d20302e302e302e31202f6465766963   ] 0.0.0.1 /devic
x000060  652f7663202d3120300a302050494e5f   e/vc -1 0.0 PIN_
x000070  464c445f4143434f554e545f4f424a20   FLD_ACCOUNT_OBJ 
x000080  202020504f4944205b305d20302e302e      POID [0] 0.0.
x000090  302e31202f6163636f756e7420313231   0.1 /account 121
x0000a0  3236362032320a302050494e5f464c44   266 22.0 PIN_FLD
x0000b0  5f534f55524345202020202020202020   _SOURCE         
x0000c0  20535452205b305d2022302e302e302e    STR [0] "0.0.0.
x0000d0  312d313231323636220a30204d534f5f   1-121266".0 MSO_
x0000e0  464c445f53455249414c5f4e4f202020   FLD_SERIAL_NO   
x0000f0  20202020535452205b305d2022736572       STR [0] "ser
x000100  69616c5f3030303139220a302050494e   ial_00019".0 PIN
x000110  5f464c445f4d414e5546414354555245   _FLD_MANUFACTURE
x000120  5220202020535452205b305d20224e44   R    STR [0] "ND
x000130  53220a302050494e5f464c445f4d4f44   S".0 PIN_FLD_MOD
x000140  454c2020202020202020202020535452   EL           STR
x000150  205b305d2022313030303043220a3020    [0] "10000C".0 
x000160  50494e5f464c445f4445564943455f49   PIN_FLD_DEVICE_I
x000170  4420202020202020535452205b305d20   D       STR [0] 
x000180  22313132303133303030303139220a30   "112013000019".0
x000190  2050494e5f464c445f4445564943455f    PIN_FLD_DEVICE_
x0001a0  545950452020202020535452205b305d   TYPE     STR [0]
x0001b0  20225031220a302050494e5f464c445f    "P1".0 PIN_FLD_
x0001c0  44455343522020202020202020202020   DESCR           
x0001d0  535452205b305d202256432064657669   STR [0] "VC devi
x0001e0  6365220a30204d534f5f464c445f5741   ce".0 MSO_FLD_WA
x0001f0  5252414e54595f454e445f4f46465345   RRANTY_END_OFFSE
x000200  5420202020494e54205b305d2031320a   T    INT [0] 12.
x000210  30204d534f5f464c445f57415252414e   0 MSO_FLD_WARRAN
x000220  54595f454e4420545354414d50205b30   TY_END TSTAMP [0
x000230  5d20283029203c6e756c6c3e0a30204d   ] (0) <null>.0 M
x000240  534f5f464c445f4f524445525f4f424a   SO_FLD_ORDER_OBJ
x000250  202020202020504f4944205b305d2030         POID [0] 0
x000260  2e302e302e31202f6d736f5f6f726465   .0.0.1 /mso_orde
x000270  722f76632033303038363120300a3020   r/vc 300861 0.0 
x000280  50494e5f464c445f53544154455f4944   PIN_FLD_STATE_ID
x000290  2020202020202020494e54205b305d20           INT [0] 
x0002a0  310a302050494e5f464c445f50524f47   1.0 PIN_FLD_PROG
x0002b0  52414d5f4e414d452020202053545220   RAM_NAME    STR 
x0002c0  5b305d20226465766963655f6c6f6164   [0] "device_load
x0002d0  657222                             er"

Object created successfully :
# number of field entries allocated 20, used 1
0 PIN_FLD_POID           POID [0] 0.0.0.1 /mso_mta_job/device/vc 302781 0

Processing record :
0.0.0.1-121266,serial_00010,NDS,10000C,112013000010,P1,VC device,12

flist for LCO search :
0 PIN_FLD_POID              POID [0]  0.0.0.1 /search -1  
0 PIN_FLD_FLAGS     INT [0] 512 
0 PIN_FLD_TEMPLATE        STR [0] "select X from /account where F1 = V1 " 
0 PIN_FLD_ARGS        ARRAY [1] 
1   PIN_FLD_ACCOUNT_NO  STR [0] "0.0.0.1-121266"
0 PIN_FLD_RESULTS       ARRAY [0]
1  PIN_FLD_POID        POID [0] NULL

LCO search output
# number of field entries allocated 20, used 2
0 PIN_FLD_POID           POID [0] 0.0.0.1 /search -1 0
0 PIN_FLD_RESULTS       ARRAY [0] allocated 20, used 1
1     PIN_FLD_POID           POID [0] 0.0.0.1 /account 121266 22

Device flist after enriching LCO_obj:
0 PIN_FLD_POID            POID [0] 0.0.0.1 /device/vc -1 0
0 PIN_FLD_ACCOUNT_OBJ     POID [0]  0.0.0.1 /account 121266 22
0 PIN_FLD_SOURCE          STR [0] "0.0.0.1-121266"
0 MSO_FLD_SERIAL_NO       STR [0] "serial_00010"
0 PIN_FLD_MANUFACTURER    STR [0] "NDS"
0 PIN_FLD_MODEL           STR [0] "10000C"
0 PIN_FLD_DEVICE_ID       STR [0] "112013000010"
0 PIN_FLD_DEVICE_TYPE     STR [0] "P1"
0 PIN_FLD_DESCR           STR [0] "VC device"
0 MSO_FLD_WARRANTY_END_OFFSET   INT [0] 12
0 MSO_FLD_WARRANTY_END     TSTAMP [0] (0)
0 MSO_FLD_ORDER_OBJ       POID [0]  0.0.0.1 /mso_order/vc 300861 0

0 PIN_FLD_STATE_ID        INT [0] 1
0 PIN_FLD_PROGRAM_NAME    STR [0] "device_loader"

Buffer created :
# number of field entries allocated 20, used 2
0 PIN_FLD_POID           POID [0] 0.0.0.1 /device/vc -1 0
0 PIN_FLD_INPUT_FLIST     BUF [0] flag/size/offset 0x0 723 0 data:
x000000  23206e756d626572206f66206669656c   # number of fiel
x000010  6420656e747269657320616c6c6f6361   d entries alloca
x000020  7465642032302c20757365642031340a   ted 20, used 14.
x000030  302050494e5f464c445f504f49442020   0 PIN_FLD_POID  
x000040  202020202020202020504f4944205b30            POID [0
x000050  5d20302e302e302e31202f6465766963   ] 0.0.0.1 /devic
x000060  652f7663202d3120300a302050494e5f   e/vc -1 0.0 PIN_
x000070  464c445f4143434f554e545f4f424a20   FLD_ACCOUNT_OBJ 
x000080  202020504f4944205b305d20302e302e      POID [0] 0.0.
x000090  302e31202f6163636f756e7420313231   0.1 /account 121
x0000a0  3236362032320a302050494e5f464c44   266 22.0 PIN_FLD
x0000b0  5f534f55524345202020202020202020   _SOURCE         
x0000c0  20535452205b305d2022302e302e302e    STR [0] "0.0.0.
x0000d0  312d313231323636220a30204d534f5f   1-121266".0 MSO_
x0000e0  464c445f53455249414c5f4e4f202020   FLD_SERIAL_NO   
x0000f0  20202020535452205b305d2022736572       STR [0] "ser
x000100  69616c5f3030303130220a302050494e   ial_00010".0 PIN
x000110  5f464c445f4d414e5546414354555245   _FLD_MANUFACTURE
x000120  5220202020535452205b305d20224e44   R    STR [0] "ND
x000130  53220a302050494e5f464c445f4d4f44   S".0 PIN_FLD_MOD
x000140  454c2020202020202020202020535452   EL           STR
x000150  205b305d2022313030303043220a3020    [0] "10000C".0 
x000160  50494e5f464c445f4445564943455f49   PIN_FLD_DEVICE_I
x000170  4420202020202020535452205b305d20   D       STR [0] 
x000180  22313132303133303030303130220a30   "112013000010".0
x000190  2050494e5f464c445f4445564943455f    PIN_FLD_DEVICE_
x0001a0  545950452020202020535452205b305d   TYPE     STR [0]
x0001b0  20225031220a302050494e5f464c445f    "P1".0 PIN_FLD_
x0001c0  44455343522020202020202020202020   DESCR           
x0001d0  535452205b305d202256432064657669   STR [0] "VC devi
x0001e0  6365220a30204d534f5f464c445f5741   ce".0 MSO_FLD_WA
x0001f0  5252414e54595f454e445f4f46465345   RRANTY_END_OFFSE
x000200  5420202020494e54205b305d2031320a   T    INT [0] 12.
x000210  30204d534f5f464c445f57415252414e   0 MSO_FLD_WARRAN
x000220  54595f454e4420545354414d50205b30   TY_END TSTAMP [0
x000230  5d20283029203c6e756c6c3e0a30204d   ] (0) <null>.0 M
x000240  534f5f464c445f4f524445525f4f424a   SO_FLD_ORDER_OBJ
x000250  202020202020504f4944205b305d2030         POID [0] 0
x000260  2e302e302e31202f6d736f5f6f726465   .0.0.1 /mso_orde
x000270  722f76632033303038363120300a3020   r/vc 300861 0.0 
x000280  50494e5f464c445f53544154455f4944   PIN_FLD_STATE_ID
x000290  2020202020202020494e54205b305d20           INT [0] 
x0002a0  310a302050494e5f464c445f50524f47   1.0 PIN_FLD_PROG
x0002b0  52414d5f4e414d452020202053545220   RAM_NAME    STR 
x0002c0  5b305d20226465766963655f6c6f6164   [0] "device_load
x0002d0  657222                             er"

Object created successfully :
# number of field entries allocated 20, used 1
0 PIN_FLD_POID           POID [0] 0.0.0.1 /mso_mta_job/device/vc 299453 0


Processing Summary
	 Total number of records = 13
	 Records failed in parsing = 1
	 Records failed in field validation = 2
	 Records failed in opcode execution = 0 

Doing cleanup 