
Processing Input file = ./vc/input/new_file
Template file         = ./vc/vc.TMPL
Flist file i          = ./vc/vc.IFL
Opcode = 2700

loglevel = 3

DEFAULT db:  0.0.0.1 

Input file template is:
Item_code:^VC$|serial_no:[\w]|price:[0-9]|warranty:[0-9]|device_id:\d{12}|network_node:[\w]|model:[\w]|vc_type:[\w]|category:[\w]|purpose:[\w]


Flist template is:
0 PIN_FLD_POID            POID [0] 0.0.0.1 /device/vc -1 0
0 MSO_FLD_SERIAL_NO       STR [0] "serial_no"
0 PIN_FLD_MANUFACTURER    STR [0] "network_node"
0 PIN_FLD_MODEL           STR [0] "model"
0 PIN_FLD_DEVICE_ID       STR [0] "device_id"
0 PIN_FLD_DEVICE_TYPE     STR [0] "vc_type"
0 PIN_FLD_DESCR           STR [0] "purpose"
0 PIN_FLD_CATEGORY        STR [0] "category"
0 MSO_FLD_WARRANTY_END_OFFSET   INT [0] warranty
0 MSO_FLD_WARRANTY_END     TSTAMP [0] (0)
0 MSO_FLD_ORDER_OBJ       POID [0] order_obj
0 PIN_FLD_STATE_ID        INT [0] 1
0 PIN_FLD_PROGRAM_NAME    STR [0] "device_loader"


Processing Header:
Header,SP code 1,sup code 2,1-32232377,po_code 1,20131031,

flist for Device Order creation opcode call:
0 PIN_FLD_POID              POID [0]  0.0.0.1 /mso_order/vc -1 
0 MSO_FLD_STOCK_POINT_CODE     STR [0] "SP code 1" 
0 MSO_FLD_SUPPLIER_CODE        STR [0] "sup code 2" 
0 MSO_FLD_INVOICE_NO        STR [0] "1-32232377" 
0 MSO_FLD_INVOICE_DATE        STR [0] "20131031" 
0 MSO_FLD_PO_NO            STR [0] "po_code 1"

Order Object Poid is:
# number of field entries allocated 20, used 1
0 PIN_FLD_POID           POID [0] 0.0.0.1 /mso_order/vc 303535 0

Device flist after enriching Order_obj:
0 PIN_FLD_POID            POID [0] 0.0.0.1 /device/vc -1 0
0 MSO_FLD_SERIAL_NO       STR [0] "serial_no"
0 PIN_FLD_MANUFACTURER    STR [0] "network_node"
0 PIN_FLD_MODEL           STR [0] "model"
0 PIN_FLD_DEVICE_ID       STR [0] "device_id"
0 PIN_FLD_DEVICE_TYPE     STR [0] "vc_type"
0 PIN_FLD_DESCR           STR [0] "purpose"
0 PIN_FLD_CATEGORY        STR [0] "category"
0 MSO_FLD_WARRANTY_END_OFFSET   INT [0] warranty
0 MSO_FLD_WARRANTY_END     TSTAMP [0] (0)
0 MSO_FLD_ORDER_OBJ       POID [0]  0.0.0.1 /mso_order/vc 303535 0
0 PIN_FLD_STATE_ID        INT [0] 1
0 PIN_FLD_PROGRAM_NAME    STR [0] "device_loader"

Processing record :
serial_00016,NDS,10000C,1120130000000016,Std,STB device,12

Incorrect number of field for the record: 
serial_00016,NDS,10000C,1120130000000016,Std,STB device,12

Please correct and process the error file: ./vc/error/new_file.error
Processing record :
VC,serial_00030,0,12,112013000030,NDS,10000C,P1,New,VC device

Buffer created :
# number of field entries allocated 20, used 2
0 PIN_FLD_POID           POID [0] 0.0.0.1 /device/vc -1 0
0 PIN_FLD_INPUT_FLIST     BUF [0] flag/size/offset 0x0 651 0 data:
x000000  23206e756d626572206f66206669656c   # number of fiel
x000010  6420656e747269657320616c6c6f6361   d entries alloca
x000020  7465642032302c20757365642031330a   ted 20, used 13.
x000030  302050494e5f464c445f504f49442020   0 PIN_FLD_POID  
x000040  202020202020202020504f4944205b30            POID [0
x000050  5d20302e302e302e31202f6465766963   ] 0.0.0.1 /devic
x000060  652f7663202d3120300a30204d534f5f   e/vc -1 0.0 MSO_
x000070  464c445f53455249414c5f4e4f202020   FLD_SERIAL_NO   
x000080  20202020535452205b305d2022736572       STR [0] "ser
x000090  69616c5f3030303330220a302050494e   ial_00030".0 PIN
x0000a0  5f464c445f4d414e5546414354555245   _FLD_MANUFACTURE
x0000b0  5220202020535452205b305d20224e44   R    STR [0] "ND
x0000c0  53220a302050494e5f464c445f4d4f44   S".0 PIN_FLD_MOD
x0000d0  454c2020202020202020202020535452   EL           STR
x0000e0  205b305d2022313030303043220a3020    [0] "10000C".0 
x0000f0  50494e5f464c445f4445564943455f49   PIN_FLD_DEVICE_I
x000100  4420202020202020535452205b305d20   D       STR [0] 
x000110  22313132303133303030303330220a30   "112013000030".0
x000120  2050494e5f464c445f4445564943455f    PIN_FLD_DEVICE_
x000130  545950452020202020535452205b305d   TYPE     STR [0]
x000140  20225031220a302050494e5f464c445f    "P1".0 PIN_FLD_
x000150  44455343522020202020202020202020   DESCR           
x000160  535452205b305d202256432064657669   STR [0] "VC devi
x000170  6365220a302050494e5f464c445f4341   ce".0 PIN_FLD_CA
x000180  5445474f525920202020202020205354   TEGORY        ST
x000190  52205b305d20224e6577220a30204d53   R [0] "New".0 MS
x0001a0  4f5f464c445f57415252414e54595f45   O_FLD_WARRANTY_E
x0001b0  4e445f4f464653455420202020494e54   ND_OFFSET    INT
x0001c0  205b305d2031320a30204d534f5f464c    [0] 12.0 MSO_FL
x0001d0  445f57415252414e54595f454e442054   D_WARRANTY_END T
x0001e0  5354414d50205b305d20283029203c6e   STAMP [0] (0) <n
x0001f0  756c6c3e0a30204d534f5f464c445f4f   ull>.0 MSO_FLD_O
x000200  524445525f4f424a202020202020504f   RDER_OBJ      PO
x000210  4944205b305d20302e302e302e31202f   ID [0] 0.0.0.1 /
x000220  6d736f5f6f726465722f766320333033   mso_order/vc 303
x000230  35333520300a302050494e5f464c445f   535 0.0 PIN_FLD_
x000240  53544154455f49442020202020202020   STATE_ID        
x000250  494e54205b305d20310a302050494e5f   INT [0] 1.0 PIN_
x000260  464c445f50524f4752414d5f4e414d45   FLD_PROGRAM_NAME
x000270  20202020535452205b305d2022646576       STR [0] "dev
x000280  6963655f6c6f6164657222             ice_loader"

Object created successfully :
# number of field entries allocated 20, used 1
0 PIN_FLD_POID           POID [0] 0.0.0.1 /mso_mta_job/device/vc 313111 0

Processing record :
VC,serial_00031,0,12,112013000031,NDS,10000C,P1,New,VC device

Buffer created :
# number of field entries allocated 20, used 2
0 PIN_FLD_POID           POID [0] 0.0.0.1 /device/vc -1 0
0 PIN_FLD_INPUT_FLIST     BUF [0] flag/size/offset 0x0 651 0 data:
x000000  23206e756d626572206f66206669656c   # number of fiel
x000010  6420656e747269657320616c6c6f6361   d entries alloca
x000020  7465642032302c20757365642031330a   ted 20, used 13.
x000030  302050494e5f464c445f504f49442020   0 PIN_FLD_POID  
x000040  202020202020202020504f4944205b30            POID [0
x000050  5d20302e302e302e31202f6465766963   ] 0.0.0.1 /devic
x000060  652f7663202d3120300a30204d534f5f   e/vc -1 0.0 MSO_
x000070  464c445f53455249414c5f4e4f202020   FLD_SERIAL_NO   
x000080  20202020535452205b305d2022736572       STR [0] "ser
x000090  69616c5f3030303331220a302050494e   ial_00031".0 PIN
x0000a0  5f464c445f4d414e5546414354555245   _FLD_MANUFACTURE
x0000b0  5220202020535452205b305d20224e44   R    STR [0] "ND
x0000c0  53220a302050494e5f464c445f4d4f44   S".0 PIN_FLD_MOD
x0000d0  454c2020202020202020202020535452   EL           STR
x0000e0  205b305d2022313030303043220a3020    [0] "10000C".0 
x0000f0  50494e5f464c445f4445564943455f49   PIN_FLD_DEVICE_I
x000100  4420202020202020535452205b305d20   D       STR [0] 
x000110  22313132303133303030303331220a30   "112013000031".0
x000120  2050494e5f464c445f4445564943455f    PIN_FLD_DEVICE_
x000130  545950452020202020535452205b305d   TYPE     STR [0]
x000140  20225031220a302050494e5f464c445f    "P1".0 PIN_FLD_
x000150  44455343522020202020202020202020   DESCR           
x000160  535452205b305d202256432064657669   STR [0] "VC devi
x000170  6365220a302050494e5f464c445f4341   ce".0 PIN_FLD_CA
x000180  5445474f525920202020202020205354   TEGORY        ST
x000190  52205b305d20224e6577220a30204d53   R [0] "New".0 MS
x0001a0  4f5f464c445f57415252414e54595f45   O_FLD_WARRANTY_E
x0001b0  4e445f4f464653455420202020494e54   ND_OFFSET    INT
x0001c0  205b305d2031320a30204d534f5f464c    [0] 12.0 MSO_FL
x0001d0  445f57415252414e54595f454e442054   D_WARRANTY_END T
x0001e0  5354414d50205b305d20283029203c6e   STAMP [0] (0) <n
x0001f0  756c6c3e0a30204d534f5f464c445f4f   ull>.0 MSO_FLD_O
x000200  524445525f4f424a202020202020504f   RDER_OBJ      PO
x000210  4944205b305d20302e302e302e31202f   ID [0] 0.0.0.1 /
x000220  6d736f5f6f726465722f766320333033   mso_order/vc 303
x000230  35333520300a302050494e5f464c445f   535 0.0 PIN_FLD_
x000240  53544154455f49442020202020202020   STATE_ID        
x000250  494e54205b305d20310a302050494e5f   INT [0] 1.0 PIN_
x000260  464c445f50524f4752414d5f4e414d45   FLD_PROGRAM_NAME
x000270  20202020535452205b305d2022646576       STR [0] "dev
x000280  6963655f6c6f6164657222             ice_loader"

Object created successfully :
# number of field entries allocated 20, used 1
0 PIN_FLD_POID           POID [0] 0.0.0.1 /mso_mta_job/device/vc 315159 0

Processing record :
VC,serial_00032,0,12,112013000032,NDS,10000C,P1,New,VC device

Buffer created :
# number of field entries allocated 20, used 2
0 PIN_FLD_POID           POID [0] 0.0.0.1 /device/vc -1 0
0 PIN_FLD_INPUT_FLIST     BUF [0] flag/size/offset 0x0 651 0 data:
x000000  23206e756d626572206f66206669656c   # number of fiel
x000010  6420656e747269657320616c6c6f6361   d entries alloca
x000020  7465642032302c20757365642031330a   ted 20, used 13.
x000030  302050494e5f464c445f504f49442020   0 PIN_FLD_POID  
x000040  202020202020202020504f4944205b30            POID [0
x000050  5d20302e302e302e31202f6465766963   ] 0.0.0.1 /devic
x000060  652f7663202d3120300a30204d534f5f   e/vc -1 0.0 MSO_
x000070  464c445f53455249414c5f4e4f202020   FLD_SERIAL_NO   
x000080  20202020535452205b305d2022736572       STR [0] "ser
x000090  69616c5f3030303332220a302050494e   ial_00032".0 PIN
x0000a0  5f464c445f4d414e5546414354555245   _FLD_MANUFACTURE
x0000b0  5220202020535452205b305d20224e44   R    STR [0] "ND
x0000c0  53220a302050494e5f464c445f4d4f44   S".0 PIN_FLD_MOD
x0000d0  454c2020202020202020202020535452   EL           STR
x0000e0  205b305d2022313030303043220a3020    [0] "10000C".0 
x0000f0  50494e5f464c445f4445564943455f49   PIN_FLD_DEVICE_I
x000100  4420202020202020535452205b305d20   D       STR [0] 
x000110  22313132303133303030303332220a30   "112013000032".0
x000120  2050494e5f464c445f4445564943455f    PIN_FLD_DEVICE_
x000130  545950452020202020535452205b305d   TYPE     STR [0]
x000140  20225031220a302050494e5f464c445f    "P1".0 PIN_FLD_
x000150  44455343522020202020202020202020   DESCR           
x000160  535452205b305d202256432064657669   STR [0] "VC devi
x000170  6365220a302050494e5f464c445f4341   ce".0 PIN_FLD_CA
x000180  5445474f525920202020202020205354   TEGORY        ST
x000190  52205b305d20224e6577220a30204d53   R [0] "New".0 MS
x0001a0  4f5f464c445f57415252414e54595f45   O_FLD_WARRANTY_E
x0001b0  4e445f4f464653455420202020494e54   ND_OFFSET    INT
x0001c0  205b305d2031320a30204d534f5f464c    [0] 12.0 MSO_FL
x0001d0  445f57415252414e54595f454e442054   D_WARRANTY_END T
x0001e0  5354414d50205b305d20283029203c6e   STAMP [0] (0) <n
x0001f0  756c6c3e0a30204d534f5f464c445f4f   ull>.0 MSO_FLD_O
x000200  524445525f4f424a202020202020504f   RDER_OBJ      PO
x000210  4944205b305d20302e302e302e31202f   ID [0] 0.0.0.1 /
x000220  6d736f5f6f726465722f766320333033   mso_order/vc 303
x000230  35333520300a302050494e5f464c445f   535 0.0 PIN_FLD_
x000240  53544154455f49442020202020202020   STATE_ID        
x000250  494e54205b305d20310a302050494e5f   INT [0] 1.0 PIN_
x000260  464c445f50524f4752414d5f4e414d45   FLD_PROGRAM_NAME
x000270  20202020535452205b305d2022646576       STR [0] "dev
x000280  6963655f6c6f6164657222             ice_loader"

Object created successfully :
# number of field entries allocated 20, used 1
0 PIN_FLD_POID           POID [0] 0.0.0.1 /mso_mta_job/device/vc 311447 0

Processing record :
VC,serial_00033,0,12,112013000033,NDS,10000C,P1,New,VC device

Buffer created :
# number of field entries allocated 20, used 2
0 PIN_FLD_POID           POID [0] 0.0.0.1 /device/vc -1 0
0 PIN_FLD_INPUT_FLIST     BUF [0] flag/size/offset 0x0 651 0 data:
x000000  23206e756d626572206f66206669656c   # number of fiel
x000010  6420656e747269657320616c6c6f6361   d entries alloca
x000020  7465642032302c20757365642031330a   ted 20, used 13.
x000030  302050494e5f464c445f504f49442020   0 PIN_FLD_POID  
x000040  202020202020202020504f4944205b30            POID [0
x000050  5d20302e302e302e31202f6465766963   ] 0.0.0.1 /devic
x000060  652f7663202d3120300a30204d534f5f   e/vc -1 0.0 MSO_
x000070  464c445f53455249414c5f4e4f202020   FLD_SERIAL_NO   
x000080  20202020535452205b305d2022736572       STR [0] "ser
x000090  69616c5f3030303333220a302050494e   ial_00033".0 PIN
x0000a0  5f464c445f4d414e5546414354555245   _FLD_MANUFACTURE
x0000b0  5220202020535452205b305d20224e44   R    STR [0] "ND
x0000c0  53220a302050494e5f464c445f4d4f44   S".0 PIN_FLD_MOD
x0000d0  454c2020202020202020202020535452   EL           STR
x0000e0  205b305d2022313030303043220a3020    [0] "10000C".0 
x0000f0  50494e5f464c445f4445564943455f49   PIN_FLD_DEVICE_I
x000100  4420202020202020535452205b305d20   D       STR [0] 
x000110  22313132303133303030303333220a30   "112013000033".0
x000120  2050494e5f464c445f4445564943455f    PIN_FLD_DEVICE_
x000130  545950452020202020535452205b305d   TYPE     STR [0]
x000140  20225031220a302050494e5f464c445f    "P1".0 PIN_FLD_
x000150  44455343522020202020202020202020   DESCR           
x000160  535452205b305d202256432064657669   STR [0] "VC devi
x000170  6365220a302050494e5f464c445f4341   ce".0 PIN_FLD_CA
x000180  5445474f525920202020202020205354   TEGORY        ST
x000190  52205b305d20224e6577220a30204d53   R [0] "New".0 MS
x0001a0  4f5f464c445f57415252414e54595f45   O_FLD_WARRANTY_E
x0001b0  4e445f4f464653455420202020494e54   ND_OFFSET    INT
x0001c0  205b305d2031320a30204d534f5f464c    [0] 12.0 MSO_FL
x0001d0  445f57415252414e54595f454e442054   D_WARRANTY_END T
x0001e0  5354414d50205b305d20283029203c6e   STAMP [0] (0) <n
x0001f0  756c6c3e0a30204d534f5f464c445f4f   ull>.0 MSO_FLD_O
x000200  524445525f4f424a202020202020504f   RDER_OBJ      PO
x000210  4944205b305d20302e302e302e31202f   ID [0] 0.0.0.1 /
x000220  6d736f5f6f726465722f766320333033   mso_order/vc 303
x000230  35333520300a302050494e5f464c445f   535 0.0 PIN_FLD_
x000240  53544154455f49442020202020202020   STATE_ID        
x000250  494e54205b305d20310a302050494e5f   INT [0] 1.0 PIN_
x000260  464c445f50524f4752414d5f4e414d45   FLD_PROGRAM_NAME
x000270  20202020535452205b305d2022646576       STR [0] "dev
x000280  6963655f6c6f6164657222             ice_loader"

Object created successfully :
# number of field entries allocated 20, used 1
0 PIN_FLD_POID           POID [0] 0.0.0.1 /mso_mta_job/device/vc 313495 0

Processing record :
VC,serial_00034,0,12,112013000034,NDS,10000C,P1,New,VC device

Buffer created :
# number of field entries allocated 20, used 2
0 PIN_FLD_POID           POID [0] 0.0.0.1 /device/vc -1 0
0 PIN_FLD_INPUT_FLIST     BUF [0] flag/size/offset 0x0 651 0 data:
x000000  23206e756d626572206f66206669656c   # number of fiel
x000010  6420656e747269657320616c6c6f6361   d entries alloca
x000020  7465642032302c20757365642031330a   ted 20, used 13.
x000030  302050494e5f464c445f504f49442020   0 PIN_FLD_POID  
x000040  202020202020202020504f4944205b30            POID [0
x000050  5d20302e302e302e31202f6465766963   ] 0.0.0.1 /devic
x000060  652f7663202d3120300a30204d534f5f   e/vc -1 0.0 MSO_
x000070  464c445f53455249414c5f4e4f202020   FLD_SERIAL_NO   
x000080  20202020535452205b305d2022736572       STR [0] "ser
x000090  69616c5f3030303334220a302050494e   ial_00034".0 PIN
x0000a0  5f464c445f4d414e5546414354555245   _FLD_MANUFACTURE
x0000b0  5220202020535452205b305d20224e44   R    STR [0] "ND
x0000c0  53220a302050494e5f464c445f4d4f44   S".0 PIN_FLD_MOD
x0000d0  454c2020202020202020202020535452   EL           STR
x0000e0  205b305d2022313030303043220a3020    [0] "10000C".0 
x0000f0  50494e5f464c445f4445564943455f49   PIN_FLD_DEVICE_I
x000100  4420202020202020535452205b305d20   D       STR [0] 
x000110  22313132303133303030303334220a30   "112013000034".0
x000120  2050494e5f464c445f4445564943455f    PIN_FLD_DEVICE_
x000130  545950452020202020535452205b305d   TYPE     STR [0]
x000140  20225031220a302050494e5f464c445f    "P1".0 PIN_FLD_
x000150  44455343522020202020202020202020   DESCR           
x000160  535452205b305d202256432064657669   STR [0] "VC devi
x000170  6365220a302050494e5f464c445f4341   ce".0 PIN_FLD_CA
x000180  5445474f525920202020202020205354   TEGORY        ST
x000190  52205b305d20224e6577220a30204d53   R [0] "New".0 MS
x0001a0  4f5f464c445f57415252414e54595f45   O_FLD_WARRANTY_E
x0001b0  4e445f4f464653455420202020494e54   ND_OFFSET    INT
x0001c0  205b305d2031320a30204d534f5f464c    [0] 12.0 MSO_FL
x0001d0  445f57415252414e54595f454e442054   D_WARRANTY_END T
x0001e0  5354414d50205b305d20283029203c6e   STAMP [0] (0) <n
x0001f0  756c6c3e0a30204d534f5f464c445f4f   ull>.0 MSO_FLD_O
x000200  524445525f4f424a202020202020504f   RDER_OBJ      PO
x000210  4944205b305d20302e302e302e31202f   ID [0] 0.0.0.1 /
x000220  6d736f5f6f726465722f766320333033   mso_order/vc 303
x000230  35333520300a302050494e5f464c445f   535 0.0 PIN_FLD_
x000240  53544154455f49442020202020202020   STATE_ID        
x000250  494e54205b305d20310a302050494e5f   INT [0] 1.0 PIN_
x000260  464c445f50524f4752414d5f4e414d45   FLD_PROGRAM_NAME
x000270  20202020535452205b305d2022646576       STR [0] "dev
x000280  6963655f6c6f6164657222             ice_loader"

Object created successfully :
# number of field entries allocated 20, used 1
0 PIN_FLD_POID           POID [0] 0.0.0.1 /mso_mta_job/device/vc 312471 0

Processing record :
VC,serial_00035,0,12,112013000035,NDS,10000C,P1,New,VC device

Buffer created :
# number of field entries allocated 20, used 2
0 PIN_FLD_POID           POID [0] 0.0.0.1 /device/vc -1 0
0 PIN_FLD_INPUT_FLIST     BUF [0] flag/size/offset 0x0 651 0 data:
x000000  23206e756d626572206f66206669656c   # number of fiel
x000010  6420656e747269657320616c6c6f6361   d entries alloca
x000020  7465642032302c20757365642031330a   ted 20, used 13.
x000030  302050494e5f464c445f504f49442020   0 PIN_FLD_POID  
x000040  202020202020202020504f4944205b30            POID [0
x000050  5d20302e302e302e31202f6465766963   ] 0.0.0.1 /devic
x000060  652f7663202d3120300a30204d534f5f   e/vc -1 0.0 MSO_
x000070  464c445f53455249414c5f4e4f202020   FLD_SERIAL_NO   
x000080  20202020535452205b305d2022736572       STR [0] "ser
x000090  69616c5f3030303335220a302050494e   ial_00035".0 PIN
x0000a0  5f464c445f4d414e5546414354555245   _FLD_MANUFACTURE
x0000b0  5220202020535452205b305d20224e44   R    STR [0] "ND
x0000c0  53220a302050494e5f464c445f4d4f44   S".0 PIN_FLD_MOD
x0000d0  454c2020202020202020202020535452   EL           STR
x0000e0  205b305d2022313030303043220a3020    [0] "10000C".0 
x0000f0  50494e5f464c445f4445564943455f49   PIN_FLD_DEVICE_I
x000100  4420202020202020535452205b305d20   D       STR [0] 
x000110  22313132303133303030303335220a30   "112013000035".0
x000120  2050494e5f464c445f4445564943455f    PIN_FLD_DEVICE_
x000130  545950452020202020535452205b305d   TYPE     STR [0]
x000140  20225031220a302050494e5f464c445f    "P1".0 PIN_FLD_
x000150  44455343522020202020202020202020   DESCR           
x000160  535452205b305d202256432064657669   STR [0] "VC devi
x000170  6365220a302050494e5f464c445f4341   ce".0 PIN_FLD_CA
x000180  5445474f525920202020202020205354   TEGORY        ST
x000190  52205b305d20224e6577220a30204d53   R [0] "New".0 MS
x0001a0  4f5f464c445f57415252414e54595f45   O_FLD_WARRANTY_E
x0001b0  4e445f4f464653455420202020494e54   ND_OFFSET    INT
x0001c0  205b305d2031320a30204d534f5f464c    [0] 12.0 MSO_FL
x0001d0  445f57415252414e54595f454e442054   D_WARRANTY_END T
x0001e0  5354414d50205b305d20283029203c6e   STAMP [0] (0) <n
x0001f0  756c6c3e0a30204d534f5f464c445f4f   ull>.0 MSO_FLD_O
x000200  524445525f4f424a202020202020504f   RDER_OBJ      PO
x000210  4944205b305d20302e302e302e31202f   ID [0] 0.0.0.1 /
x000220  6d736f5f6f726465722f766320333033   mso_order/vc 303
x000230  35333520300a302050494e5f464c445f   535 0.0 PIN_FLD_
x000240  53544154455f49442020202020202020   STATE_ID        
x000250  494e54205b305d20310a302050494e5f   INT [0] 1.0 PIN_
x000260  464c445f50524f4752414d5f4e414d45   FLD_PROGRAM_NAME
x000270  20202020535452205b305d2022646576       STR [0] "dev
x000280  6963655f6c6f6164657222             ice_loader"

Object created successfully :
# number of field entries allocated 20, used 1
0 PIN_FLD_POID           POID [0] 0.0.0.1 /mso_mta_job/device/vc 314519 0

Processing record :
VC,serial_00036,0,12,112013000036,NDS,10000C,P1,New,VC device

Buffer created :
# number of field entries allocated 20, used 2
0 PIN_FLD_POID           POID [0] 0.0.0.1 /device/vc -1 0
0 PIN_FLD_INPUT_FLIST     BUF [0] flag/size/offset 0x0 651 0 data:
x000000  23206e756d626572206f66206669656c   # number of fiel
x000010  6420656e747269657320616c6c6f6361   d entries alloca
x000020  7465642032302c20757365642031330a   ted 20, used 13.
x000030  302050494e5f464c445f504f49442020   0 PIN_FLD_POID  
x000040  202020202020202020504f4944205b30            POID [0
x000050  5d20302e302e302e31202f6465766963   ] 0.0.0.1 /devic
x000060  652f7663202d3120300a30204d534f5f   e/vc -1 0.0 MSO_
x000070  464c445f53455249414c5f4e4f202020   FLD_SERIAL_NO   
x000080  20202020535452205b305d2022736572       STR [0] "ser
x000090  69616c5f3030303336220a302050494e   ial_00036".0 PIN
x0000a0  5f464c445f4d414e5546414354555245   _FLD_MANUFACTURE
x0000b0  5220202020535452205b305d20224e44   R    STR [0] "ND
x0000c0  53220a302050494e5f464c445f4d4f44   S".0 PIN_FLD_MOD
x0000d0  454c2020202020202020202020535452   EL           STR
x0000e0  205b305d2022313030303043220a3020    [0] "10000C".0 
x0000f0  50494e5f464c445f4445564943455f49   PIN_FLD_DEVICE_I
x000100  4420202020202020535452205b305d20   D       STR [0] 
x000110  22313132303133303030303336220a30   "112013000036".0
x000120  2050494e5f464c445f4445564943455f    PIN_FLD_DEVICE_
x000130  545950452020202020535452205b305d   TYPE     STR [0]
x000140  20225031220a302050494e5f464c445f    "P1".0 PIN_FLD_
x000150  44455343522020202020202020202020   DESCR           
x000160  535452205b305d202256432064657669   STR [0] "VC devi
x000170  6365220a302050494e5f464c445f4341   ce".0 PIN_FLD_CA
x000180  5445474f525920202020202020205354   TEGORY        ST
x000190  52205b305d20224e6577220a30204d53   R [0] "New".0 MS
x0001a0  4f5f464c445f57415252414e54595f45   O_FLD_WARRANTY_E
x0001b0  4e445f4f464653455420202020494e54   ND_OFFSET    INT
x0001c0  205b305d2031320a30204d534f5f464c    [0] 12.0 MSO_FL
x0001d0  445f57415252414e54595f454e442054   D_WARRANTY_END T
x0001e0  5354414d50205b305d20283029203c6e   STAMP [0] (0) <n
x0001f0  756c6c3e0a30204d534f5f464c445f4f   ull>.0 MSO_FLD_O
x000200  524445525f4f424a202020202020504f   RDER_OBJ      PO
x000210  4944205b305d20302e302e302e31202f   ID [0] 0.0.0.1 /
x000220  6d736f5f6f726465722f766320333033   mso_order/vc 303
x000230  35333520300a302050494e5f464c445f   535 0.0 PIN_FLD_
x000240  53544154455f49442020202020202020   STATE_ID        
x000250  494e54205b305d20310a302050494e5f   INT [0] 1.0 PIN_
x000260  464c445f50524f4752414d5f4e414d45   FLD_PROGRAM_NAME
x000270  20202020535452205b305d2022646576       STR [0] "dev
x000280  6963655f6c6f6164657222             ice_loader"

Object created successfully :
# number of field entries allocated 20, used 1
0 PIN_FLD_POID           POID [0] 0.0.0.1 /mso_mta_job/device/vc 311959 0

Processing record :
VC,serial_00037,0,12,112013000037,NDS,10000C,P1,New,VC device

Buffer created :
# number of field entries allocated 20, used 2
0 PIN_FLD_POID           POID [0] 0.0.0.1 /device/vc -1 0
0 PIN_FLD_INPUT_FLIST     BUF [0] flag/size/offset 0x0 651 0 data:
x000000  23206e756d626572206f66206669656c   # number of fiel
x000010  6420656e747269657320616c6c6f6361   d entries alloca
x000020  7465642032302c20757365642031330a   ted 20, used 13.
x000030  302050494e5f464c445f504f49442020   0 PIN_FLD_POID  
x000040  202020202020202020504f4944205b30            POID [0
x000050  5d20302e302e302e31202f6465766963   ] 0.0.0.1 /devic
x000060  652f7663202d3120300a30204d534f5f   e/vc -1 0.0 MSO_
x000070  464c445f53455249414c5f4e4f202020   FLD_SERIAL_NO   
x000080  20202020535452205b305d2022736572       STR [0] "ser
x000090  69616c5f3030303337220a302050494e   ial_00037".0 PIN
x0000a0  5f464c445f4d414e5546414354555245   _FLD_MANUFACTURE
x0000b0  5220202020535452205b305d20224e44   R    STR [0] "ND
x0000c0  53220a302050494e5f464c445f4d4f44   S".0 PIN_FLD_MOD
x0000d0  454c2020202020202020202020535452   EL           STR
x0000e0  205b305d2022313030303043220a3020    [0] "10000C".0 
x0000f0  50494e5f464c445f4445564943455f49   PIN_FLD_DEVICE_I
x000100  4420202020202020535452205b305d20   D       STR [0] 
x000110  22313132303133303030303337220a30   "112013000037".0
x000120  2050494e5f464c445f4445564943455f    PIN_FLD_DEVICE_
x000130  545950452020202020535452205b305d   TYPE     STR [0]
x000140  20225031220a302050494e5f464c445f    "P1".0 PIN_FLD_
x000150  44455343522020202020202020202020   DESCR           
x000160  535452205b305d202256432064657669   STR [0] "VC devi
x000170  6365220a302050494e5f464c445f4341   ce".0 PIN_FLD_CA
x000180  5445474f525920202020202020205354   TEGORY        ST
x000190  52205b305d20224e6577220a30204d53   R [0] "New".0 MS
x0001a0  4f5f464c445f57415252414e54595f45   O_FLD_WARRANTY_E
x0001b0  4e445f4f464653455420202020494e54   ND_OFFSET    INT
x0001c0  205b305d2031320a30204d534f5f464c    [0] 12.0 MSO_FL
x0001d0  445f57415252414e54595f454e442054   D_WARRANTY_END T
x0001e0  5354414d50205b305d20283029203c6e   STAMP [0] (0) <n
x0001f0  756c6c3e0a30204d534f5f464c445f4f   ull>.0 MSO_FLD_O
x000200  524445525f4f424a202020202020504f   RDER_OBJ      PO
x000210  4944205b305d20302e302e302e31202f   ID [0] 0.0.0.1 /
x000220  6d736f5f6f726465722f766320333033   mso_order/vc 303
x000230  35333520300a302050494e5f464c445f   535 0.0 PIN_FLD_
x000240  53544154455f49442020202020202020   STATE_ID        
x000250  494e54205b305d20310a302050494e5f   INT [0] 1.0 PIN_
x000260  464c445f50524f4752414d5f4e414d45   FLD_PROGRAM_NAME
x000270  20202020535452205b305d2022646576       STR [0] "dev
x000280  6963655f6c6f6164657222             ice_loader"

Object created successfully :
# number of field entries allocated 20, used 1
0 PIN_FLD_POID           POID [0] 0.0.0.1 /mso_mta_job/device/vc 314007 0

Processing record :
VC,serial_00038,0,12,112013000038,NDS,10000C,P1,New,VC device

Buffer created :
# number of field entries allocated 20, used 2
0 PIN_FLD_POID           POID [0] 0.0.0.1 /device/vc -1 0
0 PIN_FLD_INPUT_FLIST     BUF [0] flag/size/offset 0x0 651 0 data:
x000000  23206e756d626572206f66206669656c   # number of fiel
x000010  6420656e747269657320616c6c6f6361   d entries alloca
x000020  7465642032302c20757365642031330a   ted 20, used 13.
x000030  302050494e5f464c445f504f49442020   0 PIN_FLD_POID  
x000040  202020202020202020504f4944205b30            POID [0
x000050  5d20302e302e302e31202f6465766963   ] 0.0.0.1 /devic
x000060  652f7663202d3120300a30204d534f5f   e/vc -1 0.0 MSO_
x000070  464c445f53455249414c5f4e4f202020   FLD_SERIAL_NO   
x000080  20202020535452205b305d2022736572       STR [0] "ser
x000090  69616c5f3030303338220a302050494e   ial_00038".0 PIN
x0000a0  5f464c445f4d414e5546414354555245   _FLD_MANUFACTURE
x0000b0  5220202020535452205b305d20224e44   R    STR [0] "ND
x0000c0  53220a302050494e5f464c445f4d4f44   S".0 PIN_FLD_MOD
x0000d0  454c2020202020202020202020535452   EL           STR
x0000e0  205b305d2022313030303043220a3020    [0] "10000C".0 
x0000f0  50494e5f464c445f4445564943455f49   PIN_FLD_DEVICE_I
x000100  4420202020202020535452205b305d20   D       STR [0] 
x000110  22313132303133303030303338220a30   "112013000038".0
x000120  2050494e5f464c445f4445564943455f    PIN_FLD_DEVICE_
x000130  545950452020202020535452205b305d   TYPE     STR [0]
x000140  20225031220a302050494e5f464c445f    "P1".0 PIN_FLD_
x000150  44455343522020202020202020202020   DESCR           
x000160  535452205b305d202256432064657669   STR [0] "VC devi
x000170  6365220a302050494e5f464c445f4341   ce".0 PIN_FLD_CA
x000180  5445474f525920202020202020205354   TEGORY        ST
x000190  52205b305d20224e6577220a30204d53   R [0] "New".0 MS
x0001a0  4f5f464c445f57415252414e54595f45   O_FLD_WARRANTY_E
x0001b0  4e445f4f464653455420202020494e54   ND_OFFSET    INT
x0001c0  205b305d2031320a30204d534f5f464c    [0] 12.0 MSO_FL
x0001d0  445f57415252414e54595f454e442054   D_WARRANTY_END T
x0001e0  5354414d50205b305d20283029203c6e   STAMP [0] (0) <n
x0001f0  756c6c3e0a30204d534f5f464c445f4f   ull>.0 MSO_FLD_O
x000200  524445525f4f424a202020202020504f   RDER_OBJ      PO
x000210  4944205b305d20302e302e302e31202f   ID [0] 0.0.0.1 /
x000220  6d736f5f6f726465722f766320333033   mso_order/vc 303
x000230  35333520300a302050494e5f464c445f   535 0.0 PIN_FLD_
x000240  53544154455f49442020202020202020   STATE_ID        
x000250  494e54205b305d20310a302050494e5f   INT [0] 1.0 PIN_
x000260  464c445f50524f4752414d5f4e414d45   FLD_PROGRAM_NAME
x000270  20202020535452205b305d2022646576       STR [0] "dev
x000280  6963655f6c6f6164657222             ice_loader"

Object created successfully :
# number of field entries allocated 20, used 1
0 PIN_FLD_POID           POID [0] 0.0.0.1 /mso_mta_job/device/vc 312983 0

Processing record :
VC,serial_00039,0,12,112013000039,NDS,10000C,P1,New,VC device

Buffer created :
# number of field entries allocated 20, used 2
0 PIN_FLD_POID           POID [0] 0.0.0.1 /device/vc -1 0
0 PIN_FLD_INPUT_FLIST     BUF [0] flag/size/offset 0x0 651 0 data:
x000000  23206e756d626572206f66206669656c   # number of fiel
x000010  6420656e747269657320616c6c6f6361   d entries alloca
x000020  7465642032302c20757365642031330a   ted 20, used 13.
x000030  302050494e5f464c445f504f49442020   0 PIN_FLD_POID  
x000040  202020202020202020504f4944205b30            POID [0
x000050  5d20302e302e302e31202f6465766963   ] 0.0.0.1 /devic
x000060  652f7663202d3120300a30204d534f5f   e/vc -1 0.0 MSO_
x000070  464c445f53455249414c5f4e4f202020   FLD_SERIAL_NO   
x000080  20202020535452205b305d2022736572       STR [0] "ser
x000090  69616c5f3030303339220a302050494e   ial_00039".0 PIN
x0000a0  5f464c445f4d414e5546414354555245   _FLD_MANUFACTURE
x0000b0  5220202020535452205b305d20224e44   R    STR [0] "ND
x0000c0  53220a302050494e5f464c445f4d4f44   S".0 PIN_FLD_MOD
x0000d0  454c2020202020202020202020535452   EL           STR
x0000e0  205b305d2022313030303043220a3020    [0] "10000C".0 
x0000f0  50494e5f464c445f4445564943455f49   PIN_FLD_DEVICE_I
x000100  4420202020202020535452205b305d20   D       STR [0] 
x000110  22313132303133303030303339220a30   "112013000039".0
x000120  2050494e5f464c445f4445564943455f    PIN_FLD_DEVICE_
x000130  545950452020202020535452205b305d   TYPE     STR [0]
x000140  20225031220a302050494e5f464c445f    "P1".0 PIN_FLD_
x000150  44455343522020202020202020202020   DESCR           
x000160  535452205b305d202256432064657669   STR [0] "VC devi
x000170  6365220a302050494e5f464c445f4341   ce".0 PIN_FLD_CA
x000180  5445474f525920202020202020205354   TEGORY        ST
x000190  52205b305d20224e6577220a30204d53   R [0] "New".0 MS
x0001a0  4f5f464c445f57415252414e54595f45   O_FLD_WARRANTY_E
x0001b0  4e445f4f464653455420202020494e54   ND_OFFSET    INT
x0001c0  205b305d2031320a30204d534f5f464c    [0] 12.0 MSO_FL
x0001d0  445f57415252414e54595f454e442054   D_WARRANTY_END T
x0001e0  5354414d50205b305d20283029203c6e   STAMP [0] (0) <n
x0001f0  756c6c3e0a30204d534f5f464c445f4f   ull>.0 MSO_FLD_O
x000200  524445525f4f424a202020202020504f   RDER_OBJ      PO
x000210  4944205b305d20302e302e302e31202f   ID [0] 0.0.0.1 /
x000220  6d736f5f6f726465722f766320333033   mso_order/vc 303
x000230  35333520300a302050494e5f464c445f   535 0.0 PIN_FLD_
x000240  53544154455f49442020202020202020   STATE_ID        
x000250  494e54205b305d20310a302050494e5f   INT [0] 1.0 PIN_
x000260  464c445f50524f4752414d5f4e414d45   FLD_PROGRAM_NAME
x000270  20202020535452205b305d2022646576       STR [0] "dev
x000280  6963655f6c6f6164657222             ice_loader"

Object created successfully :
# number of field entries allocated 20, used 1
0 PIN_FLD_POID           POID [0] 0.0.0.1 /mso_mta_job/device/vc 315031 0

Processing record :
VC,serial_00031,0,12,112013000011,NDS,10000C,P1,New,VC device

Buffer created :
# number of field entries allocated 20, used 2
0 PIN_FLD_POID           POID [0] 0.0.0.1 /device/vc -1 0
0 PIN_FLD_INPUT_FLIST     BUF [0] flag/size/offset 0x0 651 0 data:
x000000  23206e756d626572206f66206669656c   # number of fiel
x000010  6420656e747269657320616c6c6f6361   d entries alloca
x000020  7465642032302c20757365642031330a   ted 20, used 13.
x000030  302050494e5f464c445f504f49442020   0 PIN_FLD_POID  
x000040  202020202020202020504f4944205b30            POID [0
x000050  5d20302e302e302e31202f6465766963   ] 0.0.0.1 /devic
x000060  652f7663202d3120300a30204d534f5f   e/vc -1 0.0 MSO_
x000070  464c445f53455249414c5f4e4f202020   FLD_SERIAL_NO   
x000080  20202020535452205b305d2022736572       STR [0] "ser
x000090  69616c5f3030303331220a302050494e   ial_00031".0 PIN
x0000a0  5f464c445f4d414e5546414354555245   _FLD_MANUFACTURE
x0000b0  5220202020535452205b305d20224e44   R    STR [0] "ND
x0000c0  53220a302050494e5f464c445f4d4f44   S".0 PIN_FLD_MOD
x0000d0  454c2020202020202020202020535452   EL           STR
x0000e0  205b305d2022313030303043220a3020    [0] "10000C".0 
x0000f0  50494e5f464c445f4445564943455f49   PIN_FLD_DEVICE_I
x000100  4420202020202020535452205b305d20   D       STR [0] 
x000110  22313132303133303030303131220a30   "112013000011".0
x000120  2050494e5f464c445f4445564943455f    PIN_FLD_DEVICE_
x000130  545950452020202020535452205b305d   TYPE     STR [0]
x000140  20225031220a302050494e5f464c445f    "P1".0 PIN_FLD_
x000150  44455343522020202020202020202020   DESCR           
x000160  535452205b305d202256432064657669   STR [0] "VC devi
x000170  6365220a302050494e5f464c445f4341   ce".0 PIN_FLD_CA
x000180  5445474f525920202020202020205354   TEGORY        ST
x000190  52205b305d20224e6577220a30204d53   R [0] "New".0 MS
x0001a0  4f5f464c445f57415252414e54595f45   O_FLD_WARRANTY_E
x0001b0  4e445f4f464653455420202020494e54   ND_OFFSET    INT
x0001c0  205b305d2031320a30204d534f5f464c    [0] 12.0 MSO_FL
x0001d0  445f57415252414e54595f454e442054   D_WARRANTY_END T
x0001e0  5354414d50205b305d20283029203c6e   STAMP [0] (0) <n
x0001f0  756c6c3e0a30204d534f5f464c445f4f   ull>.0 MSO_FLD_O
x000200  524445525f4f424a202020202020504f   RDER_OBJ      PO
x000210  4944205b305d20302e302e302e31202f   ID [0] 0.0.0.1 /
x000220  6d736f5f6f726465722f766320333033   mso_order/vc 303
x000230  35333520300a302050494e5f464c445f   535 0.0 PIN_FLD_
x000240  53544154455f49442020202020202020   STATE_ID        
x000250  494e54205b305d20310a302050494e5f   INT [0] 1.0 PIN_
x000260  464c445f50524f4752414d5f4e414d45   FLD_PROGRAM_NAME
x000270  20202020535452205b305d2022646576       STR [0] "dev
x000280  6963655f6c6f6164657222             ice_loader"

Object created successfully :
# number of field entries allocated 20, used 1
0 PIN_FLD_POID           POID [0] 0.0.0.1 /mso_mta_job/device/vc 311703 0


Processing Summary
	 Total number of records = 12
	 Records failed in parsing = 1
	 Records failed in field validation = 0
	 Records failed in opcode execution = 0 

Doing cleanup 