
Processing Input file = ./stb/input/file
Template file         = ./stb/stb.TMPL
Flist file i          = ./stb/stb.IFL
Opcode = 2700

loglevel = 3

DEFAULT db:  0.0.0.1 

Input file template is:
account_no:[\w]|serial_no:[\w]|manufacturer:[\w]|model:[\w]|device_id:\d{16}|device_type:[\w]|purpose:[\w]|warranty:[0-9]


Flist template is:
0 PIN_FLD_POID            POID [0] 0.0.0.1 /device/stb -1 0
0 PIN_FLD_ACCOUNT_OBJ     POID [0] LCO_obj
0 PIN_FLD_SOURCE          STR [0] "account_no"
0 MSO_FLD_SERIAL_NO       STR [0] "serial_no"
0 PIN_FLD_MANUFACTURER    STR [0] "manufacturer"
0 PIN_FLD_MODEL           STR [0] "model"
0 PIN_FLD_DEVICE_ID       STR [0] "device_id"
0 PIN_FLD_DEVICE_TYPE     STR [0] "device_type"
0 PIN_FLD_DESCR           STR [0] "purpose"
0 MSO_FLD_WARRANTY_END_OFFSET   INT [0] warranty
0 MSO_FLD_WARRANTY_END     TSTAMP [0] (0)
0 MSO_FLD_ORDER_OBJ       POID [0] order_obj
0 PIN_FLD_STATE_ID        INT [0] 1
0 PIN_FLD_PROGRAM_NAME    STR [0] "device_loader"


Processing Header:
Header,SP code 1,sup code 2,1-32232377,po_code 1,20131031,

flist for Device Order creation opcode call:
0 PIN_FLD_POID              POID [0]  0.0.0.1 /mso_order/stb -1 
0 MSO_FLD_STOCK_POINT_CODE     STR [0] "SP code 1" 
0 MSO_FLD_SUPPLIER_CODE        STR [0] "sup code 2" 
0 MSO_FLD_INVOICE_NO        STR [0] "1-32232377" 
0 MSO_FLD_INVOICE_DATE        STR [0] "20131031" 
0 MSO_FLD_PO_NO            STR [0] "po_code 1"

Order Object Poid is:
# number of field entries allocated 20, used 1
0 PIN_FLD_POID           POID [0] 0.0.0.1 /mso_order/stb 298307 0

Device flist after enriching Order_obj:
0 PIN_FLD_POID            POID [0] 0.0.0.1 /device/stb -1 0
0 PIN_FLD_ACCOUNT_OBJ     POID [0] LCO_obj
0 PIN_FLD_SOURCE          STR [0] "account_no"
0 MSO_FLD_SERIAL_NO       STR [0] "serial_no"
0 PIN_FLD_MANUFACTURER    STR [0] "manufacturer"
0 PIN_FLD_MODEL           STR [0] "model"
0 PIN_FLD_DEVICE_ID       STR [0] "device_id"
0 PIN_FLD_DEVICE_TYPE     STR [0] "device_type"
0 PIN_FLD_DESCR           STR [0] "purpose"
0 MSO_FLD_WARRANTY_END_OFFSET   INT [0] warranty
0 MSO_FLD_WARRANTY_END     TSTAMP [0] (0)
0 MSO_FLD_ORDER_OBJ       POID [0]  0.0.0.1 /mso_order/stb 298307 0

0 PIN_FLD_STATE_ID        INT [0] 1
0 PIN_FLD_PROGRAM_NAME    STR [0] "device_loader"

Processing record :
serial_00016,NDS,10000C,1120130000000016,Std,STB device,12

Incorrect number of field for the record: 
serial_00016,NDS,10000C,1120130000000016,Std,STB device,12

Please correct and process the error file: ./stb/error/file.error
Processing record :
0.0.0.1-121266,serial_00011,NDS,10000C,1120130000000011,Std,STB device,a

Field validation error for record: 
0.0.0.1-121266,serial_00011,NDS,10000C,1120130000000011,Std,STB device,a

Please correct and process the error file: ./stb/error/file.error
Processing record :
0.0.0.1-121266,serial_00011,NDS,10000C,112013000000001,Std,STB device,a

Field validation error for record: 
0.0.0.1-121266,serial_00011,NDS,10000C,112013000000001,Std,STB device,a

Please correct and process the error file: ./stb/error/file.error
Processing record :
0.0.0.1-121266,serial_00011,NDS,10000C,1120130000000011,Std,STB device,12

flist for LCO search :
0 PIN_FLD_POID              POID [0]  0.0.0.1 /search -1  
0 PIN_FLD_FLAGS     INT [0] 512 
0 PIN_FLD_TEMPLATE        STR [0] "select X from /account where F1 = V1 " 
0 PIN_FLD_ARGS        ARRAY [1] 
1   PIN_FLD_ACCOUNT_NO  STR [0] "0.0.0.1-121266"
0 PIN_FLD_RESULTS       ARRAY [0]
1  PIN_FLD_POID        POID [0] NULL

LCO search output
# number of field entries allocated 20, used 2
0 PIN_FLD_POID           POID [0] 0.0.0.1 /search -1 0
0 PIN_FLD_RESULTS       ARRAY [0] allocated 20, used 1
1     PIN_FLD_POID           POID [0] 0.0.0.1 /account 121266 22

Device flist after enriching LCO_obj:
0 PIN_FLD_POID            POID [0] 0.0.0.1 /device/stb -1 0
0 PIN_FLD_ACCOUNT_OBJ     POID [0]  0.0.0.1 /account 121266 22
0 PIN_FLD_SOURCE          STR [0] "0.0.0.1-121266"
0 MSO_FLD_SERIAL_NO       STR [0] "serial_00011"
0 PIN_FLD_MANUFACTURER    STR [0] "NDS"
0 PIN_FLD_MODEL           STR [0] "10000C"
0 PIN_FLD_DEVICE_ID       STR [0] "1120130000000011"
0 PIN_FLD_DEVICE_TYPE     STR [0] "Std"
0 PIN_FLD_DESCR           STR [0] "STB device"
0 MSO_FLD_WARRANTY_END_OFFSET   INT [0] 12
0 MSO_FLD_WARRANTY_END     TSTAMP [0] (0)
0 MSO_FLD_ORDER_OBJ       POID [0]  0.0.0.1 /mso_order/stb 298307 0

0 PIN_FLD_STATE_ID        INT [0] 1
0 PIN_FLD_PROGRAM_NAME    STR [0] "device_loader"

Buffer created :
# number of field entries allocated 20, used 2
0 PIN_FLD_POID           POID [0] 0.0.0.1 /device/stb -1 0
0 PIN_FLD_INPUT_FLIST     BUF [0] flag/size/offset 0x0 731 0 data:
x000000  23206e756d626572206f66206669656c   # number of fiel
x000010  6420656e747269657320616c6c6f6361   d entries alloca
x000020  7465642032302c20757365642031340a   ted 20, used 14.
x000030  302050494e5f464c445f504f49442020   0 PIN_FLD_POID  
x000040  202020202020202020504f4944205b30            POID [0
x000050  5d20302e302e302e31202f6465766963   ] 0.0.0.1 /devic
x000060  652f737462202d3120300a302050494e   e/stb -1 0.0 PIN
x000070  5f464c445f4143434f554e545f4f424a   _FLD_ACCOUNT_OBJ
x000080  20202020504f4944205b305d20302e30       POID [0] 0.0
x000090  2e302e31202f6163636f756e74203132   .0.1 /account 12
x0000a0  313236362032320a302050494e5f464c   1266 22.0 PIN_FL
x0000b0  445f534f555243452020202020202020   D_SOURCE        
x0000c0  2020535452205b305d2022302e302e30     STR [0] "0.0.0
x0000d0  2e312d313231323636220a30204d534f   .1-121266".0 MSO
x0000e0  5f464c445f53455249414c5f4e4f2020   _FLD_SERIAL_NO  
x0000f0  2020202020535452205b305d20227365        STR [0] "se
x000100  7269616c5f3030303131220a30205049   rial_00011".0 PI
x000110  4e5f464c445f4d414e55464143545552   N_FLD_MANUFACTUR
x000120  455220202020535452205b305d20224e   ER    STR [0] "N
x000130  4453220a302050494e5f464c445f4d4f   DS".0 PIN_FLD_MO
x000140  44454c20202020202020202020205354   DEL           ST
x000150  52205b305d2022313030303043220a30   R [0] "10000C".0
x000160  2050494e5f464c445f4445564943455f    PIN_FLD_DEVICE_
x000170  494420202020202020535452205b305d   ID       STR [0]
x000180  20223131323031333030303030303030    "11201300000000
x000190  3131220a302050494e5f464c445f4445   11".0 PIN_FLD_DE
x0001a0  564943455f5459504520202020205354   VICE_TYPE     ST
x0001b0  52205b305d2022537464220a30205049   R [0] "Std".0 PI
x0001c0  4e5f464c445f44455343522020202020   N_FLD_DESCR     
x0001d0  202020202020535452205b305d202253         STR [0] "S
x0001e0  544220646576696365220a30204d534f   TB device".0 MSO
x0001f0  5f464c445f57415252414e54595f454e   _FLD_WARRANTY_EN
x000200  445f4f464653455420202020494e5420   D_OFFSET    INT 
x000210  5b305d2031320a30204d534f5f464c44   [0] 12.0 MSO_FLD
x000220  5f57415252414e54595f454e44205453   _WARRANTY_END TS
x000230  54414d50205b305d20283029203c6e75   TAMP [0] (0) <nu
x000240  6c6c3e0a30204d534f5f464c445f4f52   ll>.0 MSO_FLD_OR
x000250  4445525f4f424a202020202020504f49   DER_OBJ      POI
x000260  44205b305d20302e302e302e31202f6d   D [0] 0.0.0.1 /m
x000270  736f5f6f726465722f73746220323938   so_order/stb 298
x000280  33303720300a302050494e5f464c445f   307 0.0 PIN_FLD_
x000290  53544154455f49442020202020202020   STATE_ID        
x0002a0  494e54205b305d20310a302050494e5f   INT [0] 1.0 PIN_
x0002b0  464c445f50524f4752414d5f4e414d45   FLD_PROGRAM_NAME
x0002c0  20202020535452205b305d2022646576       STR [0] "dev
x0002d0  6963655f6c6f6164657222             ice_loader"

Object created successfully :
# number of field entries allocated 20, used 1
0 PIN_FLD_POID           POID [0] 0.0.0.1 /mso_mta_job/device/stb 295747 0

Processing record :
0.0.0.1-121266,serial_00012,NDS,10000C,1120130000000012,Std,STB device,12

flist for LCO search :
0 PIN_FLD_POID              POID [0]  0.0.0.1 /search -1  
0 PIN_FLD_FLAGS     INT [0] 512 
0 PIN_FLD_TEMPLATE        STR [0] "select X from /account where F1 = V1 " 
0 PIN_FLD_ARGS        ARRAY [1] 
1   PIN_FLD_ACCOUNT_NO  STR [0] "0.0.0.1-121266"
0 PIN_FLD_RESULTS       ARRAY [0]
1  PIN_FLD_POID        POID [0] NULL

LCO search output
# number of field entries allocated 20, used 2
0 PIN_FLD_POID           POID [0] 0.0.0.1 /search -1 0
0 PIN_FLD_RESULTS       ARRAY [0] allocated 20, used 1
1     PIN_FLD_POID           POID [0] 0.0.0.1 /account 121266 22

Device flist after enriching LCO_obj:
0 PIN_FLD_POID            POID [0] 0.0.0.1 /device/stb -1 0
0 PIN_FLD_ACCOUNT_OBJ     POID [0]  0.0.0.1 /account 121266 22
0 PIN_FLD_SOURCE          STR [0] "0.0.0.1-121266"
0 MSO_FLD_SERIAL_NO       STR [0] "serial_00012"
0 PIN_FLD_MANUFACTURER    STR [0] "NDS"
0 PIN_FLD_MODEL           STR [0] "10000C"
0 PIN_FLD_DEVICE_ID       STR [0] "1120130000000012"
0 PIN_FLD_DEVICE_TYPE     STR [0] "Std"
0 PIN_FLD_DESCR           STR [0] "STB device"
0 MSO_FLD_WARRANTY_END_OFFSET   INT [0] 12
0 MSO_FLD_WARRANTY_END     TSTAMP [0] (0)
0 MSO_FLD_ORDER_OBJ       POID [0]  0.0.0.1 /mso_order/stb 298307 0

0 PIN_FLD_STATE_ID        INT [0] 1
0 PIN_FLD_PROGRAM_NAME    STR [0] "device_loader"

Buffer created :
# number of field entries allocated 20, used 2
0 PIN_FLD_POID           POID [0] 0.0.0.1 /device/stb -1 0
0 PIN_FLD_INPUT_FLIST     BUF [0] flag/size/offset 0x0 731 0 data:
x000000  23206e756d626572206f66206669656c   # number of fiel
x000010  6420656e747269657320616c6c6f6361   d entries alloca
x000020  7465642032302c20757365642031340a   ted 20, used 14.
x000030  302050494e5f464c445f504f49442020   0 PIN_FLD_POID  
x000040  202020202020202020504f4944205b30            POID [0
x000050  5d20302e302e302e31202f6465766963   ] 0.0.0.1 /devic
x000060  652f737462202d3120300a302050494e   e/stb -1 0.0 PIN
x000070  5f464c445f4143434f554e545f4f424a   _FLD_ACCOUNT_OBJ
x000080  20202020504f4944205b305d20302e30       POID [0] 0.0
x000090  2e302e31202f6163636f756e74203132   .0.1 /account 12
x0000a0  313236362032320a302050494e5f464c   1266 22.0 PIN_FL
x0000b0  445f534f555243452020202020202020   D_SOURCE        
x0000c0  2020535452205b305d2022302e302e30     STR [0] "0.0.0
x0000d0  2e312d313231323636220a30204d534f   .1-121266".0 MSO
x0000e0  5f464c445f53455249414c5f4e4f2020   _FLD_SERIAL_NO  
x0000f0  2020202020535452205b305d20227365        STR [0] "se
x000100  7269616c5f3030303132220a30205049   rial_00012".0 PI
x000110  4e5f464c445f4d414e55464143545552   N_FLD_MANUFACTUR
x000120  455220202020535452205b305d20224e   ER    STR [0] "N
x000130  4453220a302050494e5f464c445f4d4f   DS".0 PIN_FLD_MO
x000140  44454c20202020202020202020205354   DEL           ST
x000150  52205b305d2022313030303043220a30   R [0] "10000C".0
x000160  2050494e5f464c445f4445564943455f    PIN_FLD_DEVICE_
x000170  494420202020202020535452205b305d   ID       STR [0]
x000180  20223131323031333030303030303030    "11201300000000
x000190  3132220a302050494e5f464c445f4445   12".0 PIN_FLD_DE
x0001a0  564943455f5459504520202020205354   VICE_TYPE     ST
x0001b0  52205b305d2022537464220a30205049   R [0] "Std".0 PI
x0001c0  4e5f464c445f44455343522020202020   N_FLD_DESCR     
x0001d0  202020202020535452205b305d202253         STR [0] "S
x0001e0  544220646576696365220a30204d534f   TB device".0 MSO
x0001f0  5f464c445f57415252414e54595f454e   _FLD_WARRANTY_EN
x000200  445f4f464653455420202020494e5420   D_OFFSET    INT 
x000210  5b305d2031320a30204d534f5f464c44   [0] 12.0 MSO_FLD
x000220  5f57415252414e54595f454e44205453   _WARRANTY_END TS
x000230  54414d50205b305d20283029203c6e75   TAMP [0] (0) <nu
x000240  6c6c3e0a30204d534f5f464c445f4f52   ll>.0 MSO_FLD_OR
x000250  4445525f4f424a202020202020504f49   DER_OBJ      POI
x000260  44205b305d20302e302e302e31202f6d   D [0] 0.0.0.1 /m
x000270  736f5f6f726465722f73746220323938   so_order/stb 298
x000280  33303720300a302050494e5f464c445f   307 0.0 PIN_FLD_
x000290  53544154455f49442020202020202020   STATE_ID        
x0002a0  494e54205b305d20310a302050494e5f   INT [0] 1.0 PIN_
x0002b0  464c445f50524f4752414d5f4e414d45   FLD_PROGRAM_NAME
x0002c0  20202020535452205b305d2022646576       STR [0] "dev
x0002d0  6963655f6c6f6164657222             ice_loader"

Object created successfully :
# number of field entries allocated 20, used 1
0 PIN_FLD_POID           POID [0] 0.0.0.1 /mso_mta_job/device/stb 297795 0

Processing record :
0.0.0.1-121266,serial_00013,NDS,10000C,1120130000000013,Std,STB device,12

flist for LCO search :
0 PIN_FLD_POID              POID [0]  0.0.0.1 /search -1  
0 PIN_FLD_FLAGS     INT [0] 512 
0 PIN_FLD_TEMPLATE        STR [0] "select X from /account where F1 = V1 " 
0 PIN_FLD_ARGS        ARRAY [1] 
1   PIN_FLD_ACCOUNT_NO  STR [0] "0.0.0.1-121266"
0 PIN_FLD_RESULTS       ARRAY [0]
1  PIN_FLD_POID        POID [0] NULL

LCO search output
# number of field entries allocated 20, used 2
0 PIN_FLD_POID           POID [0] 0.0.0.1 /search -1 0
0 PIN_FLD_RESULTS       ARRAY [0] allocated 20, used 1
1     PIN_FLD_POID           POID [0] 0.0.0.1 /account 121266 22

Device flist after enriching LCO_obj:
0 PIN_FLD_POID            POID [0] 0.0.0.1 /device/stb -1 0
0 PIN_FLD_ACCOUNT_OBJ     POID [0]  0.0.0.1 /account 121266 22
0 PIN_FLD_SOURCE          STR [0] "0.0.0.1-121266"
0 MSO_FLD_SERIAL_NO       STR [0] "serial_00013"
0 PIN_FLD_MANUFACTURER    STR [0] "NDS"
0 PIN_FLD_MODEL           STR [0] "10000C"
0 PIN_FLD_DEVICE_ID       STR [0] "1120130000000013"
0 PIN_FLD_DEVICE_TYPE     STR [0] "Std"
0 PIN_FLD_DESCR           STR [0] "STB device"
0 MSO_FLD_WARRANTY_END_OFFSET   INT [0] 12
0 MSO_FLD_WARRANTY_END     TSTAMP [0] (0)
0 MSO_FLD_ORDER_OBJ       POID [0]  0.0.0.1 /mso_order/stb 298307 0

0 PIN_FLD_STATE_ID        INT [0] 1
0 PIN_FLD_PROGRAM_NAME    STR [0] "device_loader"

Buffer created :
# number of field entries allocated 20, used 2
0 PIN_FLD_POID           POID [0] 0.0.0.1 /device/stb -1 0
0 PIN_FLD_INPUT_FLIST     BUF [0] flag/size/offset 0x0 731 0 data:
x000000  23206e756d626572206f66206669656c   # number of fiel
x000010  6420656e747269657320616c6c6f6361   d entries alloca
x000020  7465642032302c20757365642031340a   ted 20, used 14.
x000030  302050494e5f464c445f504f49442020   0 PIN_FLD_POID  
x000040  202020202020202020504f4944205b30            POID [0
x000050  5d20302e302e302e31202f6465766963   ] 0.0.0.1 /devic
x000060  652f737462202d3120300a302050494e   e/stb -1 0.0 PIN
x000070  5f464c445f4143434f554e545f4f424a   _FLD_ACCOUNT_OBJ
x000080  20202020504f4944205b305d20302e30       POID [0] 0.0
x000090  2e302e31202f6163636f756e74203132   .0.1 /account 12
x0000a0  313236362032320a302050494e5f464c   1266 22.0 PIN_FL
x0000b0  445f534f555243452020202020202020   D_SOURCE        
x0000c0  2020535452205b305d2022302e302e30     STR [0] "0.0.0
x0000d0  2e312d313231323636220a30204d534f   .1-121266".0 MSO
x0000e0  5f464c445f53455249414c5f4e4f2020   _FLD_SERIAL_NO  
x0000f0  2020202020535452205b305d20227365        STR [0] "se
x000100  7269616c5f3030303133220a30205049   rial_00013".0 PI
x000110  4e5f464c445f4d414e55464143545552   N_FLD_MANUFACTUR
x000120  455220202020535452205b305d20224e   ER    STR [0] "N
x000130  4453220a302050494e5f464c445f4d4f   DS".0 PIN_FLD_MO
x000140  44454c20202020202020202020205354   DEL           ST
x000150  52205b305d2022313030303043220a30   R [0] "10000C".0
x000160  2050494e5f464c445f4445564943455f    PIN_FLD_DEVICE_
x000170  494420202020202020535452205b305d   ID       STR [0]
x000180  20223131323031333030303030303030    "11201300000000
x000190  3133220a302050494e5f464c445f4445   13".0 PIN_FLD_DE
x0001a0  564943455f5459504520202020205354   VICE_TYPE     ST
x0001b0  52205b305d2022537464220a30205049   R [0] "Std".0 PI
x0001c0  4e5f464c445f44455343522020202020   N_FLD_DESCR     
x0001d0  202020202020535452205b305d202253         STR [0] "S
x0001e0  544220646576696365220a30204d534f   TB device".0 MSO
x0001f0  5f464c445f57415252414e54595f454e   _FLD_WARRANTY_EN
x000200  445f4f464653455420202020494e5420   D_OFFSET    INT 
x000210  5b305d2031320a30204d534f5f464c44   [0] 12.0 MSO_FLD
x000220  5f57415252414e54595f454e44205453   _WARRANTY_END TS
x000230  54414d50205b305d20283029203c6e75   TAMP [0] (0) <nu
x000240  6c6c3e0a30204d534f5f464c445f4f52   ll>.0 MSO_FLD_OR
x000250  4445525f4f424a202020202020504f49   DER_OBJ      POI
x000260  44205b305d20302e302e302e31202f6d   D [0] 0.0.0.1 /m
x000270  736f5f6f726465722f73746220323938   so_order/stb 298
x000280  33303720300a302050494e5f464c445f   307 0.0 PIN_FLD_
x000290  53544154455f49442020202020202020   STATE_ID        
x0002a0  494e54205b305d20310a302050494e5f   INT [0] 1.0 PIN_
x0002b0  464c445f50524f4752414d5f4e414d45   FLD_PROGRAM_NAME
x0002c0  20202020535452205b305d2022646576       STR [0] "dev
x0002d0  6963655f6c6f6164657222             ice_loader"

Object created successfully :
# number of field entries allocated 20, used 1
0 PIN_FLD_POID           POID [0] 0.0.0.1 /mso_mta_job/device/stb 296771 0

Processing record :
0.0.0.1-121266,serial_00014,NDS,10000C,1120130000000014,Std,STB device,12

flist for LCO search :
0 PIN_FLD_POID              POID [0]  0.0.0.1 /search -1  
0 PIN_FLD_FLAGS     INT [0] 512 
0 PIN_FLD_TEMPLATE        STR [0] "select X from /account where F1 = V1 " 
0 PIN_FLD_ARGS        ARRAY [1] 
1   PIN_FLD_ACCOUNT_NO  STR [0] "0.0.0.1-121266"
0 PIN_FLD_RESULTS       ARRAY [0]
1  PIN_FLD_POID        POID [0] NULL

LCO search output
# number of field entries allocated 20, used 2
0 PIN_FLD_POID           POID [0] 0.0.0.1 /search -1 0
0 PIN_FLD_RESULTS       ARRAY [0] allocated 20, used 1
1     PIN_FLD_POID           POID [0] 0.0.0.1 /account 121266 22

Device flist after enriching LCO_obj:
0 PIN_FLD_POID            POID [0] 0.0.0.1 /device/stb -1 0
0 PIN_FLD_ACCOUNT_OBJ     POID [0]  0.0.0.1 /account 121266 22
0 PIN_FLD_SOURCE          STR [0] "0.0.0.1-121266"
0 MSO_FLD_SERIAL_NO       STR [0] "serial_00014"
0 PIN_FLD_MANUFACTURER    STR [0] "NDS"
0 PIN_FLD_MODEL           STR [0] "10000C"
0 PIN_FLD_DEVICE_ID       STR [0] "1120130000000014"
0 PIN_FLD_DEVICE_TYPE     STR [0] "Std"
0 PIN_FLD_DESCR           STR [0] "STB device"
0 MSO_FLD_WARRANTY_END_OFFSET   INT [0] 12
0 MSO_FLD_WARRANTY_END     TSTAMP [0] (0)
0 MSO_FLD_ORDER_OBJ       POID [0]  0.0.0.1 /mso_order/stb 298307 0

0 PIN_FLD_STATE_ID        INT [0] 1
0 PIN_FLD_PROGRAM_NAME    STR [0] "device_loader"

Buffer created :
# number of field entries allocated 20, used 2
0 PIN_FLD_POID           POID [0] 0.0.0.1 /device/stb -1 0
0 PIN_FLD_INPUT_FLIST     BUF [0] flag/size/offset 0x0 731 0 data:
x000000  23206e756d626572206f66206669656c   # number of fiel
x000010  6420656e747269657320616c6c6f6361   d entries alloca
x000020  7465642032302c20757365642031340a   ted 20, used 14.
x000030  302050494e5f464c445f504f49442020   0 PIN_FLD_POID  
x000040  202020202020202020504f4944205b30            POID [0
x000050  5d20302e302e302e31202f6465766963   ] 0.0.0.1 /devic
x000060  652f737462202d3120300a302050494e   e/stb -1 0.0 PIN
x000070  5f464c445f4143434f554e545f4f424a   _FLD_ACCOUNT_OBJ
x000080  20202020504f4944205b305d20302e30       POID [0] 0.0
x000090  2e302e31202f6163636f756e74203132   .0.1 /account 12
x0000a0  313236362032320a302050494e5f464c   1266 22.0 PIN_FL
x0000b0  445f534f555243452020202020202020   D_SOURCE        
x0000c0  2020535452205b305d2022302e302e30     STR [0] "0.0.0
x0000d0  2e312d313231323636220a30204d534f   .1-121266".0 MSO
x0000e0  5f464c445f53455249414c5f4e4f2020   _FLD_SERIAL_NO  
x0000f0  2020202020535452205b305d20227365        STR [0] "se
x000100  7269616c5f3030303134220a30205049   rial_00014".0 PI
x000110  4e5f464c445f4d414e55464143545552   N_FLD_MANUFACTUR
x000120  455220202020535452205b305d20224e   ER    STR [0] "N
x000130  4453220a302050494e5f464c445f4d4f   DS".0 PIN_FLD_MO
x000140  44454c20202020202020202020205354   DEL           ST
x000150  52205b305d2022313030303043220a30   R [0] "10000C".0
x000160  2050494e5f464c445f4445564943455f    PIN_FLD_DEVICE_
x000170  494420202020202020535452205b305d   ID       STR [0]
x000180  20223131323031333030303030303030    "11201300000000
x000190  3134220a302050494e5f464c445f4445   14".0 PIN_FLD_DE
x0001a0  564943455f5459504520202020205354   VICE_TYPE     ST
x0001b0  52205b305d2022537464220a30205049   R [0] "Std".0 PI
x0001c0  4e5f464c445f44455343522020202020   N_FLD_DESCR     
x0001d0  202020202020535452205b305d202253         STR [0] "S
x0001e0  544220646576696365220a30204d534f   TB device".0 MSO
x0001f0  5f464c445f57415252414e54595f454e   _FLD_WARRANTY_EN
x000200  445f4f464653455420202020494e5420   D_OFFSET    INT 
x000210  5b305d2031320a30204d534f5f464c44   [0] 12.0 MSO_FLD
x000220  5f57415252414e54595f454e44205453   _WARRANTY_END TS
x000230  54414d50205b305d20283029203c6e75   TAMP [0] (0) <nu
x000240  6c6c3e0a30204d534f5f464c445f4f52   ll>.0 MSO_FLD_OR
x000250  4445525f4f424a202020202020504f49   DER_OBJ      POI
x000260  44205b305d20302e302e302e31202f6d   D [0] 0.0.0.1 /m
x000270  736f5f6f726465722f73746220323938   so_order/stb 298
x000280  33303720300a302050494e5f464c445f   307 0.0 PIN_FLD_
x000290  53544154455f49442020202020202020   STATE_ID        
x0002a0  494e54205b305d20310a302050494e5f   INT [0] 1.0 PIN_
x0002b0  464c445f50524f4752414d5f4e414d45   FLD_PROGRAM_NAME
x0002c0  20202020535452205b305d2022646576       STR [0] "dev
x0002d0  6963655f6c6f6164657222             ice_loader"

Object created successfully :
# number of field entries allocated 20, used 1
0 PIN_FLD_POID           POID [0] 0.0.0.1 /mso_mta_job/device/stb 298819 0

Processing record :
0.0.0.1-121266,serial_00015,NDS,10000C,1120130000000015,Std,STB device,12

flist for LCO search :
0 PIN_FLD_POID              POID [0]  0.0.0.1 /search -1  
0 PIN_FLD_FLAGS     INT [0] 512 
0 PIN_FLD_TEMPLATE        STR [0] "select X from /account where F1 = V1 " 
0 PIN_FLD_ARGS        ARRAY [1] 
1   PIN_FLD_ACCOUNT_NO  STR [0] "0.0.0.1-121266"
0 PIN_FLD_RESULTS       ARRAY [0]
1  PIN_FLD_POID        POID [0] NULL

LCO search output
# number of field entries allocated 20, used 2
0 PIN_FLD_POID           POID [0] 0.0.0.1 /search -1 0
0 PIN_FLD_RESULTS       ARRAY [0] allocated 20, used 1
1     PIN_FLD_POID           POID [0] 0.0.0.1 /account 121266 22

Device flist after enriching LCO_obj:
0 PIN_FLD_POID            POID [0] 0.0.0.1 /device/stb -1 0
0 PIN_FLD_ACCOUNT_OBJ     POID [0]  0.0.0.1 /account 121266 22
0 PIN_FLD_SOURCE          STR [0] "0.0.0.1-121266"
0 MSO_FLD_SERIAL_NO       STR [0] "serial_00015"
0 PIN_FLD_MANUFACTURER    STR [0] "NDS"
0 PIN_FLD_MODEL           STR [0] "10000C"
0 PIN_FLD_DEVICE_ID       STR [0] "1120130000000015"
0 PIN_FLD_DEVICE_TYPE     STR [0] "Std"
0 PIN_FLD_DESCR           STR [0] "STB device"
0 MSO_FLD_WARRANTY_END_OFFSET   INT [0] 12
0 MSO_FLD_WARRANTY_END     TSTAMP [0] (0)
0 MSO_FLD_ORDER_OBJ       POID [0]  0.0.0.1 /mso_order/stb 298307 0

0 PIN_FLD_STATE_ID        INT [0] 1
0 PIN_FLD_PROGRAM_NAME    STR [0] "device_loader"

Buffer created :
# number of field entries allocated 20, used 2
0 PIN_FLD_POID           POID [0] 0.0.0.1 /device/stb -1 0
0 PIN_FLD_INPUT_FLIST     BUF [0] flag/size/offset 0x0 731 0 data:
x000000  23206e756d626572206f66206669656c   # number of fiel
x000010  6420656e747269657320616c6c6f6361   d entries alloca
x000020  7465642032302c20757365642031340a   ted 20, used 14.
x000030  302050494e5f464c445f504f49442020   0 PIN_FLD_POID  
x000040  202020202020202020504f4944205b30            POID [0
x000050  5d20302e302e302e31202f6465766963   ] 0.0.0.1 /devic
x000060  652f737462202d3120300a302050494e   e/stb -1 0.0 PIN
x000070  5f464c445f4143434f554e545f4f424a   _FLD_ACCOUNT_OBJ
x000080  20202020504f4944205b305d20302e30       POID [0] 0.0
x000090  2e302e31202f6163636f756e74203132   .0.1 /account 12
x0000a0  313236362032320a302050494e5f464c   1266 22.0 PIN_FL
x0000b0  445f534f555243452020202020202020   D_SOURCE        
x0000c0  2020535452205b305d2022302e302e30     STR [0] "0.0.0
x0000d0  2e312d313231323636220a30204d534f   .1-121266".0 MSO
x0000e0  5f464c445f53455249414c5f4e4f2020   _FLD_SERIAL_NO  
x0000f0  2020202020535452205b305d20227365        STR [0] "se
x000100  7269616c5f3030303135220a30205049   rial_00015".0 PI
x000110  4e5f464c445f4d414e55464143545552   N_FLD_MANUFACTUR
x000120  455220202020535452205b305d20224e   ER    STR [0] "N
x000130  4453220a302050494e5f464c445f4d4f   DS".0 PIN_FLD_MO
x000140  44454c20202020202020202020205354   DEL           ST
x000150  52205b305d2022313030303043220a30   R [0] "10000C".0
x000160  2050494e5f464c445f4445564943455f    PIN_FLD_DEVICE_
x000170  494420202020202020535452205b305d   ID       STR [0]
x000180  20223131323031333030303030303030    "11201300000000
x000190  3135220a302050494e5f464c445f4445   15".0 PIN_FLD_DE
x0001a0  564943455f5459504520202020205354   VICE_TYPE     ST
x0001b0  52205b305d2022537464220a30205049   R [0] "Std".0 PI
x0001c0  4e5f464c445f44455343522020202020   N_FLD_DESCR     
x0001d0  202020202020535452205b305d202253         STR [0] "S
x0001e0  544220646576696365220a30204d534f   TB device".0 MSO
x0001f0  5f464c445f57415252414e54595f454e   _FLD_WARRANTY_EN
x000200  445f4f464653455420202020494e5420   D_OFFSET    INT 
x000210  5b305d2031320a30204d534f5f464c44   [0] 12.0 MSO_FLD
x000220  5f57415252414e54595f454e44205453   _WARRANTY_END TS
x000230  54414d50205b305d20283029203c6e75   TAMP [0] (0) <nu
x000240  6c6c3e0a30204d534f5f464c445f4f52   ll>.0 MSO_FLD_OR
x000250  4445525f4f424a202020202020504f49   DER_OBJ      POI
x000260  44205b305d20302e302e302e31202f6d   D [0] 0.0.0.1 /m
x000270  736f5f6f726465722f73746220323938   so_order/stb 298
x000280  33303720300a302050494e5f464c445f   307 0.0 PIN_FLD_
x000290  53544154455f49442020202020202020   STATE_ID        
x0002a0  494e54205b305d20310a302050494e5f   INT [0] 1.0 PIN_
x0002b0  464c445f50524f4752414d5f4e414d45   FLD_PROGRAM_NAME
x0002c0  20202020535452205b305d2022646576       STR [0] "dev
x0002d0  6963655f6c6f6164657222             ice_loader"

Object created successfully :
# number of field entries allocated 20, used 1
0 PIN_FLD_POID           POID [0] 0.0.0.1 /mso_mta_job/device/stb 295107 0

Processing record :
0.0.0.1-121266,serial_00016,NDS,10000C,1120130000000016,Std,STB device,12

flist for LCO search :
0 PIN_FLD_POID              POID [0]  0.0.0.1 /search -1  
0 PIN_FLD_FLAGS     INT [0] 512 
0 PIN_FLD_TEMPLATE        STR [0] "select X from /account where F1 = V1 " 
0 PIN_FLD_ARGS        ARRAY [1] 
1   PIN_FLD_ACCOUNT_NO  STR [0] "0.0.0.1-121266"
0 PIN_FLD_RESULTS       ARRAY [0]
1  PIN_FLD_POID        POID [0] NULL

LCO search output
# number of field entries allocated 20, used 2
0 PIN_FLD_POID           POID [0] 0.0.0.1 /search -1 0
0 PIN_FLD_RESULTS       ARRAY [0] allocated 20, used 1
1     PIN_FLD_POID           POID [0] 0.0.0.1 /account 121266 22

Device flist after enriching LCO_obj:
0 PIN_FLD_POID            POID [0] 0.0.0.1 /device/stb -1 0
0 PIN_FLD_ACCOUNT_OBJ     POID [0]  0.0.0.1 /account 121266 22
0 PIN_FLD_SOURCE          STR [0] "0.0.0.1-121266"
0 MSO_FLD_SERIAL_NO       STR [0] "serial_00016"
0 PIN_FLD_MANUFACTURER    STR [0] "NDS"
0 PIN_FLD_MODEL           STR [0] "10000C"
0 PIN_FLD_DEVICE_ID       STR [0] "1120130000000016"
0 PIN_FLD_DEVICE_TYPE     STR [0] "Std"
0 PIN_FLD_DESCR           STR [0] "STB device"
0 MSO_FLD_WARRANTY_END_OFFSET   INT [0] 12
0 MSO_FLD_WARRANTY_END     TSTAMP [0] (0)
0 MSO_FLD_ORDER_OBJ       POID [0]  0.0.0.1 /mso_order/stb 298307 0

0 PIN_FLD_STATE_ID        INT [0] 1
0 PIN_FLD_PROGRAM_NAME    STR [0] "device_loader"

Buffer created :
# number of field entries allocated 20, used 2
0 PIN_FLD_POID           POID [0] 0.0.0.1 /device/stb -1 0
0 PIN_FLD_INPUT_FLIST     BUF [0] flag/size/offset 0x0 731 0 data:
x000000  23206e756d626572206f66206669656c   # number of fiel
x000010  6420656e747269657320616c6c6f6361   d entries alloca
x000020  7465642032302c20757365642031340a   ted 20, used 14.
x000030  302050494e5f464c445f504f49442020   0 PIN_FLD_POID  
x000040  202020202020202020504f4944205b30            POID [0
x000050  5d20302e302e302e31202f6465766963   ] 0.0.0.1 /devic
x000060  652f737462202d3120300a302050494e   e/stb -1 0.0 PIN
x000070  5f464c445f4143434f554e545f4f424a   _FLD_ACCOUNT_OBJ
x000080  20202020504f4944205b305d20302e30       POID [0] 0.0
x000090  2e302e31202f6163636f756e74203132   .0.1 /account 12
x0000a0  313236362032320a302050494e5f464c   1266 22.0 PIN_FL
x0000b0  445f534f555243452020202020202020   D_SOURCE        
x0000c0  2020535452205b305d2022302e302e30     STR [0] "0.0.0
x0000d0  2e312d313231323636220a30204d534f   .1-121266".0 MSO
x0000e0  5f464c445f53455249414c5f4e4f2020   _FLD_SERIAL_NO  
x0000f0  2020202020535452205b305d20227365        STR [0] "se
x000100  7269616c5f3030303136220a30205049   rial_00016".0 PI
x000110  4e5f464c445f4d414e55464143545552   N_FLD_MANUFACTUR
x000120  455220202020535452205b305d20224e   ER    STR [0] "N
x000130  4453220a302050494e5f464c445f4d4f   DS".0 PIN_FLD_MO
x000140  44454c20202020202020202020205354   DEL           ST
x000150  52205b305d2022313030303043220a30   R [0] "10000C".0
x000160  2050494e5f464c445f4445564943455f    PIN_FLD_DEVICE_
x000170  494420202020202020535452205b305d   ID       STR [0]
x000180  20223131323031333030303030303030    "11201300000000
x000190  3136220a302050494e5f464c445f4445   16".0 PIN_FLD_DE
x0001a0  564943455f5459504520202020205354   VICE_TYPE     ST
x0001b0  52205b305d2022537464220a30205049   R [0] "Std".0 PI
x0001c0  4e5f464c445f44455343522020202020   N_FLD_DESCR     
x0001d0  202020202020535452205b305d202253         STR [0] "S
x0001e0  544220646576696365220a30204d534f   TB device".0 MSO
x0001f0  5f464c445f57415252414e54595f454e   _FLD_WARRANTY_EN
x000200  445f4f464653455420202020494e5420   D_OFFSET    INT 
x000210  5b305d2031320a30204d534f5f464c44   [0] 12.0 MSO_FLD
x000220  5f57415252414e54595f454e44205453   _WARRANTY_END TS
x000230  54414d50205b305d20283029203c6e75   TAMP [0] (0) <nu
x000240  6c6c3e0a30204d534f5f464c445f4f52   ll>.0 MSO_FLD_OR
x000250  4445525f4f424a202020202020504f49   DER_OBJ      POI
x000260  44205b305d20302e302e302e31202f6d   D [0] 0.0.0.1 /m
x000270  736f5f6f726465722f73746220323938   so_order/stb 298
x000280  33303720300a302050494e5f464c445f   307 0.0 PIN_FLD_
x000290  53544154455f49442020202020202020   STATE_ID        
x0002a0  494e54205b305d20310a302050494e5f   INT [0] 1.0 PIN_
x0002b0  464c445f50524f4752414d5f4e414d45   FLD_PROGRAM_NAME
x0002c0  20202020535452205b305d2022646576       STR [0] "dev
x0002d0  6963655f6c6f6164657222             ice_loader"

Object created successfully :
# number of field entries allocated 20, used 1
0 PIN_FLD_POID           POID [0] 0.0.0.1 /mso_mta_job/device/stb 297155 0

Processing record :
0.0.0.1-121266,serial_00017,NDS,10000C,1120130000000017,Std,STB device,12

flist for LCO search :
0 PIN_FLD_POID              POID [0]  0.0.0.1 /search -1  
0 PIN_FLD_FLAGS     INT [0] 512 
0 PIN_FLD_TEMPLATE        STR [0] "select X from /account where F1 = V1 " 
0 PIN_FLD_ARGS        ARRAY [1] 
1   PIN_FLD_ACCOUNT_NO  STR [0] "0.0.0.1-121266"
0 PIN_FLD_RESULTS       ARRAY [0]
1  PIN_FLD_POID        POID [0] NULL

LCO search output
# number of field entries allocated 20, used 2
0 PIN_FLD_POID           POID [0] 0.0.0.1 /search -1 0
0 PIN_FLD_RESULTS       ARRAY [0] allocated 20, used 1
1     PIN_FLD_POID           POID [0] 0.0.0.1 /account 121266 22

Device flist after enriching LCO_obj:
0 PIN_FLD_POID            POID [0] 0.0.0.1 /device/stb -1 0
0 PIN_FLD_ACCOUNT_OBJ     POID [0]  0.0.0.1 /account 121266 22
0 PIN_FLD_SOURCE          STR [0] "0.0.0.1-121266"
0 MSO_FLD_SERIAL_NO       STR [0] "serial_00017"
0 PIN_FLD_MANUFACTURER    STR [0] "NDS"
0 PIN_FLD_MODEL           STR [0] "10000C"
0 PIN_FLD_DEVICE_ID       STR [0] "1120130000000017"
0 PIN_FLD_DEVICE_TYPE     STR [0] "Std"
0 PIN_FLD_DESCR           STR [0] "STB device"
0 MSO_FLD_WARRANTY_END_OFFSET   INT [0] 12
0 MSO_FLD_WARRANTY_END     TSTAMP [0] (0)
0 MSO_FLD_ORDER_OBJ       POID [0]  0.0.0.1 /mso_order/stb 298307 0

0 PIN_FLD_STATE_ID        INT [0] 1
0 PIN_FLD_PROGRAM_NAME    STR [0] "device_loader"

Buffer created :
# number of field entries allocated 20, used 2
0 PIN_FLD_POID           POID [0] 0.0.0.1 /device/stb -1 0
0 PIN_FLD_INPUT_FLIST     BUF [0] flag/size/offset 0x0 731 0 data:
x000000  23206e756d626572206f66206669656c   # number of fiel
x000010  6420656e747269657320616c6c6f6361   d entries alloca
x000020  7465642032302c20757365642031340a   ted 20, used 14.
x000030  302050494e5f464c445f504f49442020   0 PIN_FLD_POID  
x000040  202020202020202020504f4944205b30            POID [0
x000050  5d20302e302e302e31202f6465766963   ] 0.0.0.1 /devic
x000060  652f737462202d3120300a302050494e   e/stb -1 0.0 PIN
x000070  5f464c445f4143434f554e545f4f424a   _FLD_ACCOUNT_OBJ
x000080  20202020504f4944205b305d20302e30       POID [0] 0.0
x000090  2e302e31202f6163636f756e74203132   .0.1 /account 12
x0000a0  313236362032320a302050494e5f464c   1266 22.0 PIN_FL
x0000b0  445f534f555243452020202020202020   D_SOURCE        
x0000c0  2020535452205b305d2022302e302e30     STR [0] "0.0.0
x0000d0  2e312d313231323636220a30204d534f   .1-121266".0 MSO
x0000e0  5f464c445f53455249414c5f4e4f2020   _FLD_SERIAL_NO  
x0000f0  2020202020535452205b305d20227365        STR [0] "se
x000100  7269616c5f3030303137220a30205049   rial_00017".0 PI
x000110  4e5f464c445f4d414e55464143545552   N_FLD_MANUFACTUR
x000120  455220202020535452205b305d20224e   ER    STR [0] "N
x000130  4453220a302050494e5f464c445f4d4f   DS".0 PIN_FLD_MO
x000140  44454c20202020202020202020205354   DEL           ST
x000150  52205b305d2022313030303043220a30   R [0] "10000C".0
x000160  2050494e5f464c445f4445564943455f    PIN_FLD_DEVICE_
x000170  494420202020202020535452205b305d   ID       STR [0]
x000180  20223131323031333030303030303030    "11201300000000
x000190  3137220a302050494e5f464c445f4445   17".0 PIN_FLD_DE
x0001a0  564943455f5459504520202020205354   VICE_TYPE     ST
x0001b0  52205b305d2022537464220a30205049   R [0] "Std".0 PI
x0001c0  4e5f464c445f44455343522020202020   N_FLD_DESCR     
x0001d0  202020202020535452205b305d202253         STR [0] "S
x0001e0  544220646576696365220a30204d534f   TB device".0 MSO
x0001f0  5f464c445f57415252414e54595f454e   _FLD_WARRANTY_EN
x000200  445f4f464653455420202020494e5420   D_OFFSET    INT 
x000210  5b305d2031320a30204d534f5f464c44   [0] 12.0 MSO_FLD
x000220  5f57415252414e54595f454e44205453   _WARRANTY_END TS
x000230  54414d50205b305d20283029203c6e75   TAMP [0] (0) <nu
x000240  6c6c3e0a30204d534f5f464c445f4f52   ll>.0 MSO_FLD_OR
x000250  4445525f4f424a202020202020504f49   DER_OBJ      POI
x000260  44205b305d20302e302e302e31202f6d   D [0] 0.0.0.1 /m
x000270  736f5f6f726465722f73746220323938   so_order/stb 298
x000280  33303720300a302050494e5f464c445f   307 0.0 PIN_FLD_
x000290  53544154455f49442020202020202020   STATE_ID        
x0002a0  494e54205b305d20310a302050494e5f   INT [0] 1.0 PIN_
x0002b0  464c445f50524f4752414d5f4e414d45   FLD_PROGRAM_NAME
x0002c0  20202020535452205b305d2022646576       STR [0] "dev
x0002d0  6963655f6c6f6164657222             ice_loader"

Object created successfully :
# number of field entries allocated 20, used 1
0 PIN_FLD_POID           POID [0] 0.0.0.1 /mso_mta_job/device/stb 296131 0

Processing record :
0.0.0.1-121266,serial_00018,NDS,10000C,1120130000000018,Std,STB device,12

flist for LCO search :
0 PIN_FLD_POID              POID [0]  0.0.0.1 /search -1  
0 PIN_FLD_FLAGS     INT [0] 512 
0 PIN_FLD_TEMPLATE        STR [0] "select X from /account where F1 = V1 " 
0 PIN_FLD_ARGS        ARRAY [1] 
1   PIN_FLD_ACCOUNT_NO  STR [0] "0.0.0.1-121266"
0 PIN_FLD_RESULTS       ARRAY [0]
1  PIN_FLD_POID        POID [0] NULL

LCO search output
# number of field entries allocated 20, used 2
0 PIN_FLD_POID           POID [0] 0.0.0.1 /search -1 0
0 PIN_FLD_RESULTS       ARRAY [0] allocated 20, used 1
1     PIN_FLD_POID           POID [0] 0.0.0.1 /account 121266 22

Device flist after enriching LCO_obj:
0 PIN_FLD_POID            POID [0] 0.0.0.1 /device/stb -1 0
0 PIN_FLD_ACCOUNT_OBJ     POID [0]  0.0.0.1 /account 121266 22
0 PIN_FLD_SOURCE          STR [0] "0.0.0.1-121266"
0 MSO_FLD_SERIAL_NO       STR [0] "serial_00018"
0 PIN_FLD_MANUFACTURER    STR [0] "NDS"
0 PIN_FLD_MODEL           STR [0] "10000C"
0 PIN_FLD_DEVICE_ID       STR [0] "1120130000000018"
0 PIN_FLD_DEVICE_TYPE     STR [0] "Std"
0 PIN_FLD_DESCR           STR [0] "STB device"
0 MSO_FLD_WARRANTY_END_OFFSET   INT [0] 12
0 MSO_FLD_WARRANTY_END     TSTAMP [0] (0)
0 MSO_FLD_ORDER_OBJ       POID [0]  0.0.0.1 /mso_order/stb 298307 0

0 PIN_FLD_STATE_ID        INT [0] 1
0 PIN_FLD_PROGRAM_NAME    STR [0] "device_loader"

Buffer created :
# number of field entries allocated 20, used 2
0 PIN_FLD_POID           POID [0] 0.0.0.1 /device/stb -1 0
0 PIN_FLD_INPUT_FLIST     BUF [0] flag/size/offset 0x0 731 0 data:
x000000  23206e756d626572206f66206669656c   # number of fiel
x000010  6420656e747269657320616c6c6f6361   d entries alloca
x000020  7465642032302c20757365642031340a   ted 20, used 14.
x000030  302050494e5f464c445f504f49442020   0 PIN_FLD_POID  
x000040  202020202020202020504f4944205b30            POID [0
x000050  5d20302e302e302e31202f6465766963   ] 0.0.0.1 /devic
x000060  652f737462202d3120300a302050494e   e/stb -1 0.0 PIN
x000070  5f464c445f4143434f554e545f4f424a   _FLD_ACCOUNT_OBJ
x000080  20202020504f4944205b305d20302e30       POID [0] 0.0
x000090  2e302e31202f6163636f756e74203132   .0.1 /account 12
x0000a0  313236362032320a302050494e5f464c   1266 22.0 PIN_FL
x0000b0  445f534f555243452020202020202020   D_SOURCE        
x0000c0  2020535452205b305d2022302e302e30     STR [0] "0.0.0
x0000d0  2e312d313231323636220a30204d534f   .1-121266".0 MSO
x0000e0  5f464c445f53455249414c5f4e4f2020   _FLD_SERIAL_NO  
x0000f0  2020202020535452205b305d20227365        STR [0] "se
x000100  7269616c5f3030303138220a30205049   rial_00018".0 PI
x000110  4e5f464c445f4d414e55464143545552   N_FLD_MANUFACTUR
x000120  455220202020535452205b305d20224e   ER    STR [0] "N
x000130  4453220a302050494e5f464c445f4d4f   DS".0 PIN_FLD_MO
x000140  44454c20202020202020202020205354   DEL           ST
x000150  52205b305d2022313030303043220a30   R [0] "10000C".0
x000160  2050494e5f464c445f4445564943455f    PIN_FLD_DEVICE_
x000170  494420202020202020535452205b305d   ID       STR [0]
x000180  20223131323031333030303030303030    "11201300000000
x000190  3138220a302050494e5f464c445f4445   18".0 PIN_FLD_DE
x0001a0  564943455f5459504520202020205354   VICE_TYPE     ST
x0001b0  52205b305d2022537464220a30205049   R [0] "Std".0 PI
x0001c0  4e5f464c445f44455343522020202020   N_FLD_DESCR     
x0001d0  202020202020535452205b305d202253         STR [0] "S
x0001e0  544220646576696365220a30204d534f   TB device".0 MSO
x0001f0  5f464c445f57415252414e54595f454e   _FLD_WARRANTY_EN
x000200  445f4f464653455420202020494e5420   D_OFFSET    INT 
x000210  5b305d2031320a30204d534f5f464c44   [0] 12.0 MSO_FLD
x000220  5f57415252414e54595f454e44205453   _WARRANTY_END TS
x000230  54414d50205b305d20283029203c6e75   TAMP [0] (0) <nu
x000240  6c6c3e0a30204d534f5f464c445f4f52   ll>.0 MSO_FLD_OR
x000250  4445525f4f424a202020202020504f49   DER_OBJ      POI
x000260  44205b305d20302e302e302e31202f6d   D [0] 0.0.0.1 /m
x000270  736f5f6f726465722f73746220323938   so_order/stb 298
x000280  33303720300a302050494e5f464c445f   307 0.0 PIN_FLD_
x000290  53544154455f49442020202020202020   STATE_ID        
x0002a0  494e54205b305d20310a302050494e5f   INT [0] 1.0 PIN_
x0002b0  464c445f50524f4752414d5f4e414d45   FLD_PROGRAM_NAME
x0002c0  20202020535452205b305d2022646576       STR [0] "dev
x0002d0  6963655f6c6f6164657222             ice_loader"

Object created successfully :
# number of field entries allocated 20, used 1
0 PIN_FLD_POID           POID [0] 0.0.0.1 /mso_mta_job/device/stb 298179 0

Processing record :
0.0.0.1-121266,serial_00019,NDS,10000C,1120130000000019,Std,STB device,12

flist for LCO search :
0 PIN_FLD_POID              POID [0]  0.0.0.1 /search -1  
0 PIN_FLD_FLAGS     INT [0] 512 
0 PIN_FLD_TEMPLATE        STR [0] "select X from /account where F1 = V1 " 
0 PIN_FLD_ARGS        ARRAY [1] 
1   PIN_FLD_ACCOUNT_NO  STR [0] "0.0.0.1-121266"
0 PIN_FLD_RESULTS       ARRAY [0]
1  PIN_FLD_POID        POID [0] NULL

LCO search output
# number of field entries allocated 20, used 2
0 PIN_FLD_POID           POID [0] 0.0.0.1 /search -1 0
0 PIN_FLD_RESULTS       ARRAY [0] allocated 20, used 1
1     PIN_FLD_POID           POID [0] 0.0.0.1 /account 121266 22

Device flist after enriching LCO_obj:
0 PIN_FLD_POID            POID [0] 0.0.0.1 /device/stb -1 0
0 PIN_FLD_ACCOUNT_OBJ     POID [0]  0.0.0.1 /account 121266 22
0 PIN_FLD_SOURCE          STR [0] "0.0.0.1-121266"
0 MSO_FLD_SERIAL_NO       STR [0] "serial_00019"
0 PIN_FLD_MANUFACTURER    STR [0] "NDS"
0 PIN_FLD_MODEL           STR [0] "10000C"
0 PIN_FLD_DEVICE_ID       STR [0] "1120130000000019"
0 PIN_FLD_DEVICE_TYPE     STR [0] "Std"
0 PIN_FLD_DESCR           STR [0] "STB device"
0 MSO_FLD_WARRANTY_END_OFFSET   INT [0] 12
0 MSO_FLD_WARRANTY_END     TSTAMP [0] (0)
0 MSO_FLD_ORDER_OBJ       POID [0]  0.0.0.1 /mso_order/stb 298307 0

0 PIN_FLD_STATE_ID        INT [0] 1
0 PIN_FLD_PROGRAM_NAME    STR [0] "device_loader"

Buffer created :
# number of field entries allocated 20, used 2
0 PIN_FLD_POID           POID [0] 0.0.0.1 /device/stb -1 0
0 PIN_FLD_INPUT_FLIST     BUF [0] flag/size/offset 0x0 731 0 data:
x000000  23206e756d626572206f66206669656c   # number of fiel
x000010  6420656e747269657320616c6c6f6361   d entries alloca
x000020  7465642032302c20757365642031340a   ted 20, used 14.
x000030  302050494e5f464c445f504f49442020   0 PIN_FLD_POID  
x000040  202020202020202020504f4944205b30            POID [0
x000050  5d20302e302e302e31202f6465766963   ] 0.0.0.1 /devic
x000060  652f737462202d3120300a302050494e   e/stb -1 0.0 PIN
x000070  5f464c445f4143434f554e545f4f424a   _FLD_ACCOUNT_OBJ
x000080  20202020504f4944205b305d20302e30       POID [0] 0.0
x000090  2e302e31202f6163636f756e74203132   .0.1 /account 12
x0000a0  313236362032320a302050494e5f464c   1266 22.0 PIN_FL
x0000b0  445f534f555243452020202020202020   D_SOURCE        
x0000c0  2020535452205b305d2022302e302e30     STR [0] "0.0.0
x0000d0  2e312d313231323636220a30204d534f   .1-121266".0 MSO
x0000e0  5f464c445f53455249414c5f4e4f2020   _FLD_SERIAL_NO  
x0000f0  2020202020535452205b305d20227365        STR [0] "se
x000100  7269616c5f3030303139220a30205049   rial_00019".0 PI
x000110  4e5f464c445f4d414e55464143545552   N_FLD_MANUFACTUR
x000120  455220202020535452205b305d20224e   ER    STR [0] "N
x000130  4453220a302050494e5f464c445f4d4f   DS".0 PIN_FLD_MO
x000140  44454c20202020202020202020205354   DEL           ST
x000150  52205b305d2022313030303043220a30   R [0] "10000C".0
x000160  2050494e5f464c445f4445564943455f    PIN_FLD_DEVICE_
x000170  494420202020202020535452205b305d   ID       STR [0]
x000180  20223131323031333030303030303030    "11201300000000
x000190  3139220a302050494e5f464c445f4445   19".0 PIN_FLD_DE
x0001a0  564943455f5459504520202020205354   VICE_TYPE     ST
x0001b0  52205b305d2022537464220a30205049   R [0] "Std".0 PI
x0001c0  4e5f464c445f44455343522020202020   N_FLD_DESCR     
x0001d0  202020202020535452205b305d202253         STR [0] "S
x0001e0  544220646576696365220a30204d534f   TB device".0 MSO
x0001f0  5f464c445f57415252414e54595f454e   _FLD_WARRANTY_EN
x000200  445f4f464653455420202020494e5420   D_OFFSET    INT 
x000210  5b305d2031320a30204d534f5f464c44   [0] 12.0 MSO_FLD
x000220  5f57415252414e54595f454e44205453   _WARRANTY_END TS
x000230  54414d50205b305d20283029203c6e75   TAMP [0] (0) <nu
x000240  6c6c3e0a30204d534f5f464c445f4f52   ll>.0 MSO_FLD_OR
x000250  4445525f4f424a202020202020504f49   DER_OBJ      POI
x000260  44205b305d20302e302e302e31202f6d   D [0] 0.0.0.1 /m
x000270  736f5f6f726465722f73746220323938   so_order/stb 298
x000280  33303720300a302050494e5f464c445f   307 0.0 PIN_FLD_
x000290  53544154455f49442020202020202020   STATE_ID        
x0002a0  494e54205b305d20310a302050494e5f   INT [0] 1.0 PIN_
x0002b0  464c445f50524f4752414d5f4e414d45   FLD_PROGRAM_NAME
x0002c0  20202020535452205b305d2022646576       STR [0] "dev
x0002d0  6963655f6c6f6164657222             ice_loader"

Object created successfully :
# number of field entries allocated 20, used 1
0 PIN_FLD_POID           POID [0] 0.0.0.1 /mso_mta_job/device/stb 295619 0

Processing record :
0.0.0.1-121266,serial_00010,NDS,10000C,1120130000000010,Std,STB device,12

flist for LCO search :
0 PIN_FLD_POID              POID [0]  0.0.0.1 /search -1  
0 PIN_FLD_FLAGS     INT [0] 512 
0 PIN_FLD_TEMPLATE        STR [0] "select X from /account where F1 = V1 " 
0 PIN_FLD_ARGS        ARRAY [1] 
1   PIN_FLD_ACCOUNT_NO  STR [0] "0.0.0.1-121266"
0 PIN_FLD_RESULTS       ARRAY [0]
1  PIN_FLD_POID        POID [0] NULL

LCO search output
# number of field entries allocated 20, used 2
0 PIN_FLD_POID           POID [0] 0.0.0.1 /search -1 0
0 PIN_FLD_RESULTS       ARRAY [0] allocated 20, used 1
1     PIN_FLD_POID           POID [0] 0.0.0.1 /account 121266 22

Device flist after enriching LCO_obj:
0 PIN_FLD_POID            POID [0] 0.0.0.1 /device/stb -1 0
0 PIN_FLD_ACCOUNT_OBJ     POID [0]  0.0.0.1 /account 121266 22
0 PIN_FLD_SOURCE          STR [0] "0.0.0.1-121266"
0 MSO_FLD_SERIAL_NO       STR [0] "serial_00010"
0 PIN_FLD_MANUFACTURER    STR [0] "NDS"
0 PIN_FLD_MODEL           STR [0] "10000C"
0 PIN_FLD_DEVICE_ID       STR [0] "1120130000000010"
0 PIN_FLD_DEVICE_TYPE     STR [0] "Std"
0 PIN_FLD_DESCR           STR [0] "STB device"
0 MSO_FLD_WARRANTY_END_OFFSET   INT [0] 12
0 MSO_FLD_WARRANTY_END     TSTAMP [0] (0)
0 MSO_FLD_ORDER_OBJ       POID [0]  0.0.0.1 /mso_order/stb 298307 0

0 PIN_FLD_STATE_ID        INT [0] 1
0 PIN_FLD_PROGRAM_NAME    STR [0] "device_loader"

Buffer created :
# number of field entries allocated 20, used 2
0 PIN_FLD_POID           POID [0] 0.0.0.1 /device/stb -1 0
0 PIN_FLD_INPUT_FLIST     BUF [0] flag/size/offset 0x0 731 0 data:
x000000  23206e756d626572206f66206669656c   # number of fiel
x000010  6420656e747269657320616c6c6f6361   d entries alloca
x000020  7465642032302c20757365642031340a   ted 20, used 14.
x000030  302050494e5f464c445f504f49442020   0 PIN_FLD_POID  
x000040  202020202020202020504f4944205b30            POID [0
x000050  5d20302e302e302e31202f6465766963   ] 0.0.0.1 /devic
x000060  652f737462202d3120300a302050494e   e/stb -1 0.0 PIN
x000070  5f464c445f4143434f554e545f4f424a   _FLD_ACCOUNT_OBJ
x000080  20202020504f4944205b305d20302e30       POID [0] 0.0
x000090  2e302e31202f6163636f756e74203132   .0.1 /account 12
x0000a0  313236362032320a302050494e5f464c   1266 22.0 PIN_FL
x0000b0  445f534f555243452020202020202020   D_SOURCE        
x0000c0  2020535452205b305d2022302e302e30     STR [0] "0.0.0
x0000d0  2e312d313231323636220a30204d534f   .1-121266".0 MSO
x0000e0  5f464c445f53455249414c5f4e4f2020   _FLD_SERIAL_NO  
x0000f0  2020202020535452205b305d20227365        STR [0] "se
x000100  7269616c5f3030303130220a30205049   rial_00010".0 PI
x000110  4e5f464c445f4d414e55464143545552   N_FLD_MANUFACTUR
x000120  455220202020535452205b305d20224e   ER    STR [0] "N
x000130  4453220a302050494e5f464c445f4d4f   DS".0 PIN_FLD_MO
x000140  44454c20202020202020202020205354   DEL           ST
x000150  52205b305d2022313030303043220a30   R [0] "10000C".0
x000160  2050494e5f464c445f4445564943455f    PIN_FLD_DEVICE_
x000170  494420202020202020535452205b305d   ID       STR [0]
x000180  20223131323031333030303030303030    "11201300000000
x000190  3130220a302050494e5f464c445f4445   10".0 PIN_FLD_DE
x0001a0  564943455f5459504520202020205354   VICE_TYPE     ST
x0001b0  52205b305d2022537464220a30205049   R [0] "Std".0 PI
x0001c0  4e5f464c445f44455343522020202020   N_FLD_DESCR     
x0001d0  202020202020535452205b305d202253         STR [0] "S
x0001e0  544220646576696365220a30204d534f   TB device".0 MSO
x0001f0  5f464c445f57415252414e54595f454e   _FLD_WARRANTY_EN
x000200  445f4f464653455420202020494e5420   D_OFFSET    INT 
x000210  5b305d2031320a30204d534f5f464c44   [0] 12.0 MSO_FLD
x000220  5f57415252414e54595f454e44205453   _WARRANTY_END TS
x000230  54414d50205b305d20283029203c6e75   TAMP [0] (0) <nu
x000240  6c6c3e0a30204d534f5f464c445f4f52   ll>.0 MSO_FLD_OR
x000250  4445525f4f424a202020202020504f49   DER_OBJ      POI
x000260  44205b305d20302e302e302e31202f6d   D [0] 0.0.0.1 /m
x000270  736f5f6f726465722f73746220323938   so_order/stb 298
x000280  33303720300a302050494e5f464c445f   307 0.0 PIN_FLD_
x000290  53544154455f49442020202020202020   STATE_ID        
x0002a0  494e54205b305d20310a302050494e5f   INT [0] 1.0 PIN_
x0002b0  464c445f50524f4752414d5f4e414d45   FLD_PROGRAM_NAME
x0002c0  20202020535452205b305d2022646576       STR [0] "dev
x0002d0  6963655f6c6f6164657222             ice_loader"

Object created successfully :
# number of field entries allocated 20, used 1
0 PIN_FLD_POID           POID [0] 0.0.0.1 /mso_mta_job/device/stb 297667 0


Processing Summary
	 Total number of records = 13
	 Records failed in parsing = 1
	 Records failed in field validation = 2
	 Records failed in opcode execution = 0 

Doing cleanup 