
Processing Input file = ./stb/input/new_input
Template file         = ./stb/stb.TMPL
Flist file i          = ./stb/stb.IFL
Opcode = 2700

loglevel = 3

DEFAULT db:  0.0.0.1 

Input file template is:
Item_code:^STB$|serial_no:[\w]|price:[0-9]|warranty:[0-9]|device_id:\d{16}|network_node:[\w]|model:[\w]|stb_type:[\w]|category:[\w]|purpose:[\w]


Flist template is:
0 PIN_FLD_POID            POID [0] 0.0.0.1 /device/stb -1 0
0 MSO_FLD_SERIAL_NO       STR [0] "serial_no"
0 PIN_FLD_MANUFACTURER    STR [0] "network_node"
0 PIN_FLD_MODEL           STR [0] "model"
0 PIN_FLD_DEVICE_ID       STR [0] "device_id"
0 PIN_FLD_DEVICE_TYPE     STR [0] "stb_type"
0 PIN_FLD_DESCR           STR [0] "purpose"
0 PIN_FLD_DESCR           STR [0] "purpose"
0 PIN_FLD_CATEGORY        STR [0] "category"
0 MSO_FLD_WARRANTY_END     TSTAMP [0] (0)
0 MSO_FLD_ORDER_OBJ       POID [0] order_obj
0 PIN_FLD_STATE_ID        INT [0] 1
0 PIN_FLD_PROGRAM_NAME    STR [0] "device_loader"


Processing Header:
Header,SP code 1,sup code 2,1-32232377,po_code 1,20131031,

flist for Device Order creation opcode call:
0 PIN_FLD_POID              POID [0]  0.0.0.1 /mso_order/stb -1 
0 MSO_FLD_STOCK_POINT_CODE     STR [0] "SP code 1" 
0 MSO_FLD_SUPPLIER_CODE        STR [0] "sup code 2" 
0 MSO_FLD_INVOICE_NO        STR [0] "1-32232377" 
0 MSO_FLD_INVOICE_DATE        STR [0] "20131031" 
0 MSO_FLD_PO_NO            STR [0] "po_code 1"

Order Object Poid is:
# number of field entries allocated 20, used 1
0 PIN_FLD_POID           POID [0] 0.0.0.1 /mso_order/stb 310797 0

Device flist after enriching Order_obj:
0 PIN_FLD_POID            POID [0] 0.0.0.1 /device/stb -1 0
0 MSO_FLD_SERIAL_NO       STR [0] "serial_no"
0 PIN_FLD_MANUFACTURER    STR [0] "network_node"
0 PIN_FLD_MODEL           STR [0] "model"
0 PIN_FLD_DEVICE_ID       STR [0] "device_id"
0 PIN_FLD_DEVICE_TYPE     STR [0] "stb_type"
0 PIN_FLD_DESCR           STR [0] "purpose"
0 PIN_FLD_DESCR           STR [0] "purpose"
0 PIN_FLD_CATEGORY        STR [0] "category"
0 MSO_FLD_WARRANTY_END     TSTAMP [0] (0)
0 MSO_FLD_ORDER_OBJ       POID [0]  0.0.0.1 /mso_order/stb 310797 0

0 PIN_FLD_STATE_ID        INT [0] 1
0 PIN_FLD_PROGRAM_NAME    STR [0] "device_loader"

Processing record :
serial_00016,NDS,10000C,1120130000000016,Std,STB device,12

Incorrect number of field for the record: 
serial_00016,NDS,10000C,1120130000000016,Std,STB device,12

Please correct and process the error file: ./stb/error/new_input.error
Processing record :
STB,serial_00031,50,12,1120130000000031,NDS,10000C,Std,New,STB device

Buffer created :
# number of field entries allocated 20, used 2
0 PIN_FLD_POID           POID [0] 0.0.0.1 /device/stb -1 0
0 PIN_FLD_INPUT_FLIST     BUF [0] flag/size/offset 0x0 615 0 data:
x000000  23206e756d626572206f66206669656c   # number of fiel
x000010  6420656e747269657320616c6c6f6361   d entries alloca
x000020  7465642032302c20757365642031320a   ted 20, used 12.
x000030  302050494e5f464c445f504f49442020   0 PIN_FLD_POID  
x000040  202020202020202020504f4944205b30            POID [0
x000050  5d20302e302e302e31202f6465766963   ] 0.0.0.1 /devic
x000060  652f737462202d3120300a30204d534f   e/stb -1 0.0 MSO
x000070  5f464c445f53455249414c5f4e4f2020   _FLD_SERIAL_NO  
x000080  2020202020535452205b305d20227365        STR [0] "se
x000090  7269616c5f3030303331220a30205049   rial_00031".0 PI
x0000a0  4e5f464c445f4d414e55464143545552   N_FLD_MANUFACTUR
x0000b0  455220202020535452205b305d20224e   ER    STR [0] "N
x0000c0  4453220a302050494e5f464c445f4d4f   DS".0 PIN_FLD_MO
x0000d0  44454c20202020202020202020205354   DEL           ST
x0000e0  52205b305d2022313030303043220a30   R [0] "10000C".0
x0000f0  2050494e5f464c445f4445564943455f    PIN_FLD_DEVICE_
x000100  494420202020202020535452205b305d   ID       STR [0]
x000110  20223131323031333030303030303030    "11201300000000
x000120  3331220a302050494e5f464c445f4445   31".0 PIN_FLD_DE
x000130  564943455f5459504520202020205354   VICE_TYPE     ST
x000140  52205b305d2022537464220a30205049   R [0] "Std".0 PI
x000150  4e5f464c445f44455343522020202020   N_FLD_DESCR     
x000160  202020202020535452205b305d202253         STR [0] "S
x000170  544220646576696365220a302050494e   TB device".0 PIN
x000180  5f464c445f43415445474f5259202020   _FLD_CATEGORY   
x000190  2020202020535452205b305d20224e65        STR [0] "Ne
x0001a0  77220a30204d534f5f464c445f574152   w".0 MSO_FLD_WAR
x0001b0  52414e54595f454e4420545354414d50   RANTY_END TSTAMP
x0001c0  205b305d20283029203c6e756c6c3e0a    [0] (0) <null>.
x0001d0  30204d534f5f464c445f4f524445525f   0 MSO_FLD_ORDER_
x0001e0  4f424a202020202020504f4944205b30   OBJ      POID [0
x0001f0  5d20302e302e302e31202f6d736f5f6f   ] 0.0.0.1 /mso_o
x000200  726465722f7374622033313037393720   rder/stb 310797 
x000210  300a302050494e5f464c445f53544154   0.0 PIN_FLD_STAT
x000220  455f49442020202020202020494e5420   E_ID        INT 
x000230  5b305d20310a302050494e5f464c445f   [0] 1.0 PIN_FLD_
x000240  50524f4752414d5f4e414d4520202020   PROGRAM_NAME    
x000250  535452205b305d20226465766963655f   STR [0] "device_
x000260  6c6f6164657222                     loader"

Object created successfully :
# number of field entries allocated 20, used 1
0 PIN_FLD_POID           POID [0] 0.0.0.1 /mso_mta_job/device/stb 307469 0

Processing record :
STB,serial_00032,50,12,1120130000000032,NDS,10000C,Std,New,STB device

Buffer created :
# number of field entries allocated 20, used 2
0 PIN_FLD_POID           POID [0] 0.0.0.1 /device/stb -1 0
0 PIN_FLD_INPUT_FLIST     BUF [0] flag/size/offset 0x0 615 0 data:
x000000  23206e756d626572206f66206669656c   # number of fiel
x000010  6420656e747269657320616c6c6f6361   d entries alloca
x000020  7465642032302c20757365642031320a   ted 20, used 12.
x000030  302050494e5f464c445f504f49442020   0 PIN_FLD_POID  
x000040  202020202020202020504f4944205b30            POID [0
x000050  5d20302e302e302e31202f6465766963   ] 0.0.0.1 /devic
x000060  652f737462202d3120300a30204d534f   e/stb -1 0.0 MSO
x000070  5f464c445f53455249414c5f4e4f2020   _FLD_SERIAL_NO  
x000080  2020202020535452205b305d20227365        STR [0] "se
x000090  7269616c5f3030303332220a30205049   rial_00032".0 PI
x0000a0  4e5f464c445f4d414e55464143545552   N_FLD_MANUFACTUR
x0000b0  455220202020535452205b305d20224e   ER    STR [0] "N
x0000c0  4453220a302050494e5f464c445f4d4f   DS".0 PIN_FLD_MO
x0000d0  44454c20202020202020202020205354   DEL           ST
x0000e0  52205b305d2022313030303043220a30   R [0] "10000C".0
x0000f0  2050494e5f464c445f4445564943455f    PIN_FLD_DEVICE_
x000100  494420202020202020535452205b305d   ID       STR [0]
x000110  20223131323031333030303030303030    "11201300000000
x000120  3332220a302050494e5f464c445f4445   32".0 PIN_FLD_DE
x000130  564943455f5459504520202020205354   VICE_TYPE     ST
x000140  52205b305d2022537464220a30205049   R [0] "Std".0 PI
x000150  4e5f464c445f44455343522020202020   N_FLD_DESCR     
x000160  202020202020535452205b305d202253         STR [0] "S
x000170  544220646576696365220a302050494e   TB device".0 PIN
x000180  5f464c445f43415445474f5259202020   _FLD_CATEGORY   
x000190  2020202020535452205b305d20224e65        STR [0] "Ne
x0001a0  77220a30204d534f5f464c445f574152   w".0 MSO_FLD_WAR
x0001b0  52414e54595f454e4420545354414d50   RANTY_END TSTAMP
x0001c0  205b305d20283029203c6e756c6c3e0a    [0] (0) <null>.
x0001d0  30204d534f5f464c445f4f524445525f   0 MSO_FLD_ORDER_
x0001e0  4f424a202020202020504f4944205b30   OBJ      POID [0
x0001f0  5d20302e302e302e31202f6d736f5f6f   ] 0.0.0.1 /mso_o
x000200  726465722f7374622033313037393720   rder/stb 310797 
x000210  300a302050494e5f464c445f53544154   0.0 PIN_FLD_STAT
x000220  455f49442020202020202020494e5420   E_ID        INT 
x000230  5b305d20310a302050494e5f464c445f   [0] 1.0 PIN_FLD_
x000240  50524f4752414d5f4e414d4520202020   PROGRAM_NAME    
x000250  535452205b305d20226465766963655f   STR [0] "device_
x000260  6c6f6164657222                     loader"

Object created successfully :
# number of field entries allocated 20, used 1
0 PIN_FLD_POID           POID [0] 0.0.0.1 /mso_mta_job/device/stb 310988 0

Processing record :
STB,serial_00033,50,12,1120130000000033,NDS,10000C,Std,New,STB device

Buffer created :
# number of field entries allocated 20, used 2
0 PIN_FLD_POID           POID [0] 0.0.0.1 /device/stb -1 0
0 PIN_FLD_INPUT_FLIST     BUF [0] flag/size/offset 0x0 615 0 data:
x000000  23206e756d626572206f66206669656c   # number of fiel
x000010  6420656e747269657320616c6c6f6361   d entries alloca
x000020  7465642032302c20757365642031320a   ted 20, used 12.
x000030  302050494e5f464c445f504f49442020   0 PIN_FLD_POID  
x000040  202020202020202020504f4944205b30            POID [0
x000050  5d20302e302e302e31202f6465766963   ] 0.0.0.1 /devic
x000060  652f737462202d3120300a30204d534f   e/stb -1 0.0 MSO
x000070  5f464c445f53455249414c5f4e4f2020   _FLD_SERIAL_NO  
x000080  2020202020535452205b305d20227365        STR [0] "se
x000090  7269616c5f3030303333220a30205049   rial_00033".0 PI
x0000a0  4e5f464c445f4d414e55464143545552   N_FLD_MANUFACTUR
x0000b0  455220202020535452205b305d20224e   ER    STR [0] "N
x0000c0  4453220a302050494e5f464c445f4d4f   DS".0 PIN_FLD_MO
x0000d0  44454c20202020202020202020205354   DEL           ST
x0000e0  52205b305d2022313030303043220a30   R [0] "10000C".0
x0000f0  2050494e5f464c445f4445564943455f    PIN_FLD_DEVICE_
x000100  494420202020202020535452205b305d   ID       STR [0]
x000110  20223131323031333030303030303030    "11201300000000
x000120  3333220a302050494e5f464c445f4445   33".0 PIN_FLD_DE
x000130  564943455f5459504520202020205354   VICE_TYPE     ST
x000140  52205b305d2022537464220a30205049   R [0] "Std".0 PI
x000150  4e5f464c445f44455343522020202020   N_FLD_DESCR     
x000160  202020202020535452205b305d202253         STR [0] "S
x000170  544220646576696365220a302050494e   TB device".0 PIN
x000180  5f464c445f43415445474f5259202020   _FLD_CATEGORY   
x000190  2020202020535452205b305d20224e65        STR [0] "Ne
x0001a0  77220a30204d534f5f464c445f574152   w".0 MSO_FLD_WAR
x0001b0  52414e54595f454e4420545354414d50   RANTY_END TSTAMP
x0001c0  205b305d20283029203c6e756c6c3e0a    [0] (0) <null>.
x0001d0  30204d534f5f464c445f4f524445525f   0 MSO_FLD_ORDER_
x0001e0  4f424a202020202020504f4944205b30   OBJ      POID [0
x0001f0  5d20302e302e302e31202f6d736f5f6f   ] 0.0.0.1 /mso_o
x000200  726465722f7374622033313037393720   rder/stb 310797 
x000210  300a302050494e5f464c445f53544154   0.0 PIN_FLD_STAT
x000220  455f49442020202020202020494e5420   E_ID        INT 
x000230  5b305d20310a302050494e5f464c445f   [0] 1.0 PIN_FLD_
x000240  50524f4752414d5f4e414d4520202020   PROGRAM_NAME    
x000250  535452205b305d20226465766963655f   STR [0] "device_
x000260  6c6f6164657222                     loader"

Object created successfully :
# number of field entries allocated 20, used 1
0 PIN_FLD_POID           POID [0] 0.0.0.1 /mso_mta_job/device/stb 307660 0

Processing record :
STB,serial_00034,50,12,1120130000000034,NDS,10000C,Std,New,STB device

Buffer created :
# number of field entries allocated 20, used 2
0 PIN_FLD_POID           POID [0] 0.0.0.1 /device/stb -1 0
0 PIN_FLD_INPUT_FLIST     BUF [0] flag/size/offset 0x0 615 0 data:
x000000  23206e756d626572206f66206669656c   # number of fiel
x000010  6420656e747269657320616c6c6f6361   d entries alloca
x000020  7465642032302c20757365642031320a   ted 20, used 12.
x000030  302050494e5f464c445f504f49442020   0 PIN_FLD_POID  
x000040  202020202020202020504f4944205b30            POID [0
x000050  5d20302e302e302e31202f6465766963   ] 0.0.0.1 /devic
x000060  652f737462202d3120300a30204d534f   e/stb -1 0.0 MSO
x000070  5f464c445f53455249414c5f4e4f2020   _FLD_SERIAL_NO  
x000080  2020202020535452205b305d20227365        STR [0] "se
x000090  7269616c5f3030303334220a30205049   rial_00034".0 PI
x0000a0  4e5f464c445f4d414e55464143545552   N_FLD_MANUFACTUR
x0000b0  455220202020535452205b305d20224e   ER    STR [0] "N
x0000c0  4453220a302050494e5f464c445f4d4f   DS".0 PIN_FLD_MO
x0000d0  44454c20202020202020202020205354   DEL           ST
x0000e0  52205b305d2022313030303043220a30   R [0] "10000C".0
x0000f0  2050494e5f464c445f4445564943455f    PIN_FLD_DEVICE_
x000100  494420202020202020535452205b305d   ID       STR [0]
x000110  20223131323031333030303030303030    "11201300000000
x000120  3334220a302050494e5f464c445f4445   34".0 PIN_FLD_DE
x000130  564943455f5459504520202020205354   VICE_TYPE     ST
x000140  52205b305d2022537464220a30205049   R [0] "Std".0 PI
x000150  4e5f464c445f44455343522020202020   N_FLD_DESCR     
x000160  202020202020535452205b305d202253         STR [0] "S
x000170  544220646576696365220a302050494e   TB device".0 PIN
x000180  5f464c445f43415445474f5259202020   _FLD_CATEGORY   
x000190  2020202020535452205b305d20224e65        STR [0] "Ne
x0001a0  77220a30204d534f5f464c445f574152   w".0 MSO_FLD_WAR
x0001b0  52414e54595f454e4420545354414d50   RANTY_END TSTAMP
x0001c0  205b305d20283029203c6e756c6c3e0a    [0] (0) <null>.
x0001d0  30204d534f5f464c445f4f524445525f   0 MSO_FLD_ORDER_
x0001e0  4f424a202020202020504f4944205b30   OBJ      POID [0
x0001f0  5d20302e302e302e31202f6d736f5f6f   ] 0.0.0.1 /mso_o
x000200  726465722f7374622033313037393720   rder/stb 310797 
x000210  300a302050494e5f464c445f53544154   0.0 PIN_FLD_STAT
x000220  455f49442020202020202020494e5420   E_ID        INT 
x000230  5b305d20310a302050494e5f464c445f   [0] 1.0 PIN_FLD_
x000240  50524f4752414d5f4e414d4520202020   PROGRAM_NAME    
x000250  535452205b305d20226465766963655f   STR [0] "device_
x000260  6c6f6164657222                     loader"

Object created successfully :
# number of field entries allocated 20, used 1
0 PIN_FLD_POID           POID [0] 0.0.0.1 /mso_mta_job/device/stb 309708 0

Processing record :
STB,serial_00035,50,12,1120130000000035,NDS,10000C,Std,New,STB device

Buffer created :
# number of field entries allocated 20, used 2
0 PIN_FLD_POID           POID [0] 0.0.0.1 /device/stb -1 0
0 PIN_FLD_INPUT_FLIST     BUF [0] flag/size/offset 0x0 615 0 data:
x000000  23206e756d626572206f66206669656c   # number of fiel
x000010  6420656e747269657320616c6c6f6361   d entries alloca
x000020  7465642032302c20757365642031320a   ted 20, used 12.
x000030  302050494e5f464c445f504f49442020   0 PIN_FLD_POID  
x000040  202020202020202020504f4944205b30            POID [0
x000050  5d20302e302e302e31202f6465766963   ] 0.0.0.1 /devic
x000060  652f737462202d3120300a30204d534f   e/stb -1 0.0 MSO
x000070  5f464c445f53455249414c5f4e4f2020   _FLD_SERIAL_NO  
x000080  2020202020535452205b305d20227365        STR [0] "se
x000090  7269616c5f3030303335220a30205049   rial_00035".0 PI
x0000a0  4e5f464c445f4d414e55464143545552   N_FLD_MANUFACTUR
x0000b0  455220202020535452205b305d20224e   ER    STR [0] "N
x0000c0  4453220a302050494e5f464c445f4d4f   DS".0 PIN_FLD_MO
x0000d0  44454c20202020202020202020205354   DEL           ST
x0000e0  52205b305d2022313030303043220a30   R [0] "10000C".0
x0000f0  2050494e5f464c445f4445564943455f    PIN_FLD_DEVICE_
x000100  494420202020202020535452205b305d   ID       STR [0]
x000110  20223131323031333030303030303030    "11201300000000
x000120  3335220a302050494e5f464c445f4445   35".0 PIN_FLD_DE
x000130  564943455f5459504520202020205354   VICE_TYPE     ST
x000140  52205b305d2022537464220a30205049   R [0] "Std".0 PI
x000150  4e5f464c445f44455343522020202020   N_FLD_DESCR     
x000160  202020202020535452205b305d202253         STR [0] "S
x000170  544220646576696365220a302050494e   TB device".0 PIN
x000180  5f464c445f43415445474f5259202020   _FLD_CATEGORY   
x000190  2020202020535452205b305d20224e65        STR [0] "Ne
x0001a0  77220a30204d534f5f464c445f574152   w".0 MSO_FLD_WAR
x0001b0  52414e54595f454e4420545354414d50   RANTY_END TSTAMP
x0001c0  205b305d20283029203c6e756c6c3e0a    [0] (0) <null>.
x0001d0  30204d534f5f464c445f4f524445525f   0 MSO_FLD_ORDER_
x0001e0  4f424a202020202020504f4944205b30   OBJ      POID [0
x0001f0  5d20302e302e302e31202f6d736f5f6f   ] 0.0.0.1 /mso_o
x000200  726465722f7374622033313037393720   rder/stb 310797 
x000210  300a302050494e5f464c445f53544154   0.0 PIN_FLD_STAT
x000220  455f49442020202020202020494e5420   E_ID        INT 
x000230  5b305d20310a302050494e5f464c445f   [0] 1.0 PIN_FLD_
x000240  50524f4752414d5f4e414d4520202020   PROGRAM_NAME    
x000250  535452205b305d20226465766963655f   STR [0] "device_
x000260  6c6f6164657222                     loader"

Object created successfully :
# number of field entries allocated 20, used 1
0 PIN_FLD_POID           POID [0] 0.0.0.1 /mso_mta_job/device/stb 308684 0

Processing record :
STB,serial_00036,50,12,1120130000000036,NDS,10000C,Std,New,STB device

Buffer created :
# number of field entries allocated 20, used 2
0 PIN_FLD_POID           POID [0] 0.0.0.1 /device/stb -1 0
0 PIN_FLD_INPUT_FLIST     BUF [0] flag/size/offset 0x0 615 0 data:
x000000  23206e756d626572206f66206669656c   # number of fiel
x000010  6420656e747269657320616c6c6f6361   d entries alloca
x000020  7465642032302c20757365642031320a   ted 20, used 12.
x000030  302050494e5f464c445f504f49442020   0 PIN_FLD_POID  
x000040  202020202020202020504f4944205b30            POID [0
x000050  5d20302e302e302e31202f6465766963   ] 0.0.0.1 /devic
x000060  652f737462202d3120300a30204d534f   e/stb -1 0.0 MSO
x000070  5f464c445f53455249414c5f4e4f2020   _FLD_SERIAL_NO  
x000080  2020202020535452205b305d20227365        STR [0] "se
x000090  7269616c5f3030303336220a30205049   rial_00036".0 PI
x0000a0  4e5f464c445f4d414e55464143545552   N_FLD_MANUFACTUR
x0000b0  455220202020535452205b305d20224e   ER    STR [0] "N
x0000c0  4453220a302050494e5f464c445f4d4f   DS".0 PIN_FLD_MO
x0000d0  44454c20202020202020202020205354   DEL           ST
x0000e0  52205b305d2022313030303043220a30   R [0] "10000C".0
x0000f0  2050494e5f464c445f4445564943455f    PIN_FLD_DEVICE_
x000100  494420202020202020535452205b305d   ID       STR [0]
x000110  20223131323031333030303030303030    "11201300000000
x000120  3336220a302050494e5f464c445f4445   36".0 PIN_FLD_DE
x000130  564943455f5459504520202020205354   VICE_TYPE     ST
x000140  52205b305d2022537464220a30205049   R [0] "Std".0 PI
x000150  4e5f464c445f44455343522020202020   N_FLD_DESCR     
x000160  202020202020535452205b305d202253         STR [0] "S
x000170  544220646576696365220a302050494e   TB device".0 PIN
x000180  5f464c445f43415445474f5259202020   _FLD_CATEGORY   
x000190  2020202020535452205b305d20224e65        STR [0] "Ne
x0001a0  77220a30204d534f5f464c445f574152   w".0 MSO_FLD_WAR
x0001b0  52414e54595f454e4420545354414d50   RANTY_END TSTAMP
x0001c0  205b305d20283029203c6e756c6c3e0a    [0] (0) <null>.
x0001d0  30204d534f5f464c445f4f524445525f   0 MSO_FLD_ORDER_
x0001e0  4f424a202020202020504f4944205b30   OBJ      POID [0
x0001f0  5d20302e302e302e31202f6d736f5f6f   ] 0.0.0.1 /mso_o
x000200  726465722f7374622033313037393720   rder/stb 310797 
x000210  300a302050494e5f464c445f53544154   0.0 PIN_FLD_STAT
x000220  455f49442020202020202020494e5420   E_ID        INT 
x000230  5b305d20310a302050494e5f464c445f   [0] 1.0 PIN_FLD_
x000240  50524f4752414d5f4e414d4520202020   PROGRAM_NAME    
x000250  535452205b305d20226465766963655f   STR [0] "device_
x000260  6c6f6164657222                     loader"

Object created successfully :
# number of field entries allocated 20, used 1
0 PIN_FLD_POID           POID [0] 0.0.0.1 /mso_mta_job/device/stb 310732 0


Processing Summary
	 Total number of records = 7
	 Records failed in parsing = 1
	 Records failed in field validation = 0
	 Records failed in opcode execution = 0 

Doing cleanup 