
Processing Input file = ./stb/input/no_header
Template file         = ./stb/stb.TMPL
Flist file i          = ./stb/stb.IFL
Opcode = 2700

loglevel = 3

DEFAULT db:  0.0.0.1 

Input file template is:
account_no:[\w]|serial_no:[\w]|manufacturer:[\w]|model:[\w]|device_id:\d{16}|device_type:[\w]|purpose:[\w]|warranty:[0-9]


Flist template is:
0 PIN_FLD_POID            POID [0] 0.0.0.1 /device/stb -1 0
0 PIN_FLD_ACCOUNT_OBJ     POID [0] LCO_obj
0 PIN_FLD_SOURCE          STR [0] "account_no"
0 MSO_FLD_SERIAL_NO       STR [0] "serial_no"
0 PIN_FLD_MANUFACTURER    STR [0] "manufacturer"
0 PIN_FLD_MODEL           STR [0] "model"
0 PIN_FLD_DEVICE_ID       STR [0] "device_id"
0 PIN_FLD_DEVICE_TYPE     STR [0] "device_type"
0 PIN_FLD_DESCR           STR [0] "purpose"
0 MSO_FLD_WARRANTY_END_OFFSET   INT [0] warranty
0 MSO_FLD_WARRANTY_END     TSTAMP [0] (0)
0 MSO_FLD_ORDER_OBJ       POID [0] order_obj
0 PIN_FLD_STATE_ID        INT [0] 1
0 PIN_FLD_PROGRAM_NAME    STR [0] "device_loader"

Processing record :
serial_00016,NDS,10000C,1120130000000016,Std,STB device,12

Header is required for devices. Please correct and reprocess the reject file: ./stb/reject/no_header.reject

Processing Summary
	 Total number of records = 1
	 Records failed in parsing = 1
	 Records failed in field validation = 0
	 Records failed in opcode execution = 0 

Doing cleanup 