
			Processing Input file = ./stb/file_no_header
			Template file is      = ./stb/stb_template
			Flist file is         = ./stb/stb_flist
------------------------
Input file template is:
------------------------
device_id,serial_no,warranty

-------------------
Flist template is: 
-------------------
0 PIN_FLD_POID                      POID [0] 0.0.0.1 /mso_device/stb -1 0
0 PIN_FLD_DESCR                      STR [0] "STB device"
0 PIN_FLD_DEVICE_ID                  STR [0] "device_id"
0 MSO_FLD_SERIAL_NO       	     STR [0] "serial_no"
0 PIN_FLD_PROGRAM_NAME               STR [0] "Developer Center"
0 PIN_FLD_MANUFACTURER               STR [0] "ABC"
0 PIN_FLD_MODEL                      STR [0] "Hathway_CATV_1.1"
0 PIN_FLD_SOURCE                     STR [0] "Manufacturer"
0 PIN_FLD_STATUS                     ENUM [0] 0
0 PIN_FLD_OPCODE                     INT  [0] 2700
0 PIN_FLD_STATE_ID                   INT [0] 1
0 MSO_FLD_ORDER_OBJ		     POID [0] order_obj
0 MSO_FLD_STB_DATA              ARRAY [0]
1 MSO_FLD_STB_TYPE              INT [0] 1
1 MSO_FLD_WARRANTY_END_OFFSET   INT [0] warranty
1 MSO_FLD_WARRANTY_END 	TSTAMP [0] (0)

----------------------------------------------------
Processing record : 1809201300000110,serial_00110,12
----------------------------------------------------
*****Header is required for devices. Exiting..*******
*****Please correct the input file and resubmit again!!!!!******----------------------------------------------------
Process Completed successfully
	Doing cleanup
