Thread (4153469840) begins ... 
Thread (4122000272) begins ... 
Thread (4142979984) begins ... 
Thread (4132490128) begins ... 
Thread (4111510416) begins ... 
Thread (4101020560) begins ... 
Thread (4089445264) begins ... 
Thread (4057975696) begins ... 
Thread (4068465552) begins ... 
Thread (4047485840) begins ... 
Thread (4036995984) begins ... 
Thread (4078955408) begins ... 
Thread (4026506128) begins ... 
Thread (4013919120) begins ... 
Thread (4003429264) begins ... 
Thread (3992939408) begins ... 
Thread (3982449552) begins ... 
Thread (3938442128) begins ... 
Thread (3971959696) begins ... 
Thread (3959421840) begins ... 
Thread (3948931984) begins ... 
Thread (3927952272) begins ... 
Thread (3917462416) begins ... 
Thread (3883920272) begins ... 
Thread (3873430416) begins ... 
Thread (3906972560) begins ... 
Thread (3894410128) begins ... 
Thread (3862940560) begins ... 
Thread (3852450704) begins ... 
Thread (3841960848) begins ... 
Thread (3789511568) begins ... 
Thread (3820981136) begins ... 
Thread (3779021712) begins ... 
Thread (3800001424) begins ... 
Thread (3810491280) begins ... 
Thread (3768531856) begins ... 
Thread (3758042000) begins ... 
Thread (3747552144) begins ... 
Thread (3737062288) begins ... 
Thread (3726572432) begins ... 
Thread (3716082576) begins ... 
Thread (3831470992) begins ... 
Thread (3705592720) begins ... 
Thread (3695102864) begins ... 
Thread (3684613008) begins ... 
Thread (3674123152) begins ... 
Thread (3663633296) begins ... 
Thread (3653143440) begins ... 
Thread (3642653584) begins ... 
Thread (3632163728) begins ... 
	Fetched units per step: (211)
Total Fetched (211) units, err 0
Fetched (211) units in Total.
Thread (4068465552) exits ... 
Thread (4047485840) exits ... 
Thread (4142979984) exits ... 
Thread (4132490128) exits ... 
Thread (4153469840) exits ... 
Thread (3982449552) exits ... 
Thread (3917462416) exits ... 
Thread (3862940560) exits ... 
Thread (3948931984) exits ... 
Thread (3779021712) exits ... 
Thread (3642653584) exits ... 
Thread (3737062288) exits ... 
Thread (3841960848) exits ... 
Thread (3852450704) exits ... 
Thread (3883920272) exits ... 
Thread (4101020560) exits ... 
Thread (3653143440) exits ... 
Thread (4122000272) exits ... 
Thread (4111510416) exits ... 
Thread (3716082576) exits ... 
Thread (4089445264) exits ... 
Thread (3971959696) exits ... 
Thread (3894410128) exits ... 
Thread (3906972560) exits ... 
Thread (4057975696) exits ... 
Thread (3674123152) exits ... 
Thread (4013919120) exits ... 
Thread (4036995984) exits ... 
Thread (3927952272) exits ... 
Thread (3992939408) exits ... 
Thread (3938442128) exits ... 
Thread (3959421840) exits ... 
Thread (4026506128) exits ... 
Thread (4078955408) exits ... 
Thread (4003429264) exits ... 
Thread (3768531856) exits ... 
Thread (3747552144) exits ... 
Thread (3789511568) exits ... 
Thread (3820981136) exits ... 
Thread (3800001424) exits ... 
Thread (3873430416) exits ... 
Thread (3810491280) exits ... 
Thread (3758042000) exits ... 
Thread (3695102864) exits ... 
Thread (3705592720) exits ... 
Thread (3831470992) exits ... 
Thread (3632163728) exits ... 
Thread (3663633296) exits ... 
Thread (3684613008) exits ... 
Thread (3726572432) exits ... 
Total number of records processed = 211.
Number of data errors encountered = 0.
Total number of errors encountered = 0.
